<html>
<head>
<title>TestNG:  Default test</title>
<link href="../testng.css" rel="stylesheet" type="text/css" />
<link href="../my-testng.css" rel="stylesheet" type="text/css" />

<style type="text/css">
.log { display: none;} 
.stack-trace { display: none;} 
</style>
<script type="text/javascript">
<!--
function flip(e) {
  current = e.style.display;
  if (current == 'block') {
    e.style.display = 'none';
    return 0;
  }
  else {
    e.style.display = 'block';
    return 1;
  }
}

function toggleBox(szDivId, elem, msg1, msg2)
{
  var res = -1;  if (document.getElementById) {
    res = flip(document.getElementById(szDivId));
  }
  else if (document.all) {
    // this is the way old msie versions work
    res = flip(document.all[szDivId]);
  }
  if(elem) {
    if(res == 0) elem.innerHTML = msg1; else elem.innerHTML = msg2;
  }

}

function toggleAllBoxes() {
  if (document.getElementsByTagName) {
    d = document.getElementsByTagName('div');
    for (i = 0; i < d.length; i++) {
      if (d[i].className == 'log') {
        flip(d[i]);
      }
    }
  }
}

// -->
</script>

</head>
<body>
<h2 align='center'>Default test</h2><table border='1' align="center">
<tr>
<td>Tests passed/Failed/Skipped:</td><td>52/3/0</td>
</tr><tr>
<td>Started on:</td><td>Sun Jun 10 23:52:33 EDT 2018</td>
</tr>
<tr><td>Total time:</td><td>4 seconds (4262 ms)</td>
</tr><tr>
<td>Included groups:</td><td></td>
</tr><tr>
<td>Excluded groups:</td><td></td>
</tr>
</table><p/>
<small><i>(Hover the method name to see the test class name)</i></small><p/>
<table width='100%' border='1' class='invocation-failed'>
<tr><td colspan='4' align='center'><b>FAILED TESTS</b></td></tr>
<tr><td><b>Test method</b></td>
<td width="30%"><b>Exception</b></td>
<td width="10%"><b>Time (seconds)</b></td>
<td><b>Instance</b></td>
</tr>
<tr>
<td title='com.automation.tests.DivisionServiceTest.divisionTest7_DividendFloat_200Ok()'><b>divisionTest7_DividendFloat_200Ok</b><br>Test class: com.automation.tests.DivisionServiceTest</td>
<td><div><pre>java.lang.AssertionError: expected [200] but found [400]
	at org.testng.Assert.fail(Assert.java:94)
	at org.testng.Assert.failNotEquals(Assert.java:494)
	at org.testng.Assert.assertEquals(Assert.java:123)
	at org.testng.Assert.assertEquals(Assert.java:370)
	at org.testng.Assert.assertEquals(Assert.java:380)
	at com.automation.tests.DivisionServiceTest.divisionTest7_DividendFloat_200Ok(DivisionServiceTest.java:347)
	at sun.reflect.NativeMethodAccessorImpl.invoke0(Native Method)
	at sun.reflect.NativeMethodAccessorImpl.invoke(NativeMethodAccessorImpl.java:62)
	at sun.reflect.DelegatingMethodAccessorImpl.invoke(DelegatingMethodAccessorImpl.java:43)
	at java.lang.reflect.Method.invoke(Method.java:498)
	at org.testng.internal.MethodInvocationHelper.invokeMethod(MethodInvocationHelper.java:80)
	at org.testng.internal.Invoker.invokeMethod(Invoker.java:714)
	at org.testng.internal.Invoker.invokeTestMethod(Invoker.java:901)
	at org.testng.internal.Invoker.invokeTestMethods(Invoker.java:1231)
	at org.testng.internal.TestMethodWorker.invokeTestMethods(TestMethodWorker.java:127)
	at org.testng.internal.TestMethodWorker.run(TestMethodWorker.java:111)
	at org.testng.TestRunner.privateRun(TestRunner.java:767)
	at org.testng.TestRunner.run(TestRunner.java:617)
	at org.testng.SuiteRunner.runTest(SuiteRunner.java:334)
	at org.testng.SuiteRunner.runSequentially(SuiteRunner.java:329)
	at org.testng.SuiteRunner.privateRun(SuiteRunner.java:291)
	at org.testng.SuiteRunner.run(SuiteRunner.java:240)
	at org.testng.SuiteRunnerWorker.runSuite(SuiteRunnerWorker.java:52)
	at org.testng.SuiteRunnerWorker.run(SuiteRunnerWorker.java:86)
	at org.testng.TestNG.runSuitesSequentially(TestNG.java:1198)
	at org.testng.TestNG.runSuitesLocally(TestNG.java:1123)
	at org.testng.TestNG.run(TestNG.java:1031)
	at org.testng.remote.AbstractRemoteTestNG.run(AbstractRemoteTestNG.java:114)
	at org.testng.remote.RemoteTestNG.initAndRun(RemoteTestNG.java:251)
	at org.testng.remote.RemoteTestNG.main(RemoteTestNG.java:77)
</pre></div><a href='#' onClick='toggleBox("stack-trace515184459", this, "Click to show all stack frames", "Click to hide stack frames")'>Click to show all stack frames</a>
<div class='stack-trace' id='stack-trace515184459'><pre>java.lang.AssertionError: expected [200] but found [400]
	at org.testng.Assert.fail(Assert.java:94)
	at org.testng.Assert.failNotEquals(Assert.java:494)
	at org.testng.Assert.assertEquals(Assert.java:123)
	at org.testng.Assert.assertEquals(Assert.java:370)
	at org.testng.Assert.assertEquals(Assert.java:380)
	at com.automation.tests.DivisionServiceTest.divisionTest7_DividendFloat_200Ok(DivisionServiceTest.java:347)
	at sun.reflect.NativeMethodAccessorImpl.invoke0(Native Method)
	at sun.reflect.NativeMethodAccessorImpl.invoke(NativeMethodAccessorImpl.java:62)
	at sun.reflect.DelegatingMethodAccessorImpl.invoke(DelegatingMethodAccessorImpl.java:43)
	at java.lang.reflect.Method.invoke(Method.java:498)
	at org.testng.internal.MethodInvocationHelper.invokeMethod(MethodInvocationHelper.java:80)
	at org.testng.internal.Invoker.invokeMethod(Invoker.java:714)
	at org.testng.internal.Invoker.invokeTestMethod(Invoker.java:901)
	at org.testng.internal.Invoker.invokeTestMethods(Invoker.java:1231)
	at org.testng.internal.TestMethodWorker.invokeTestMethods(TestMethodWorker.java:127)
	at org.testng.internal.TestMethodWorker.run(TestMethodWorker.java:111)
	at org.testng.TestRunner.privateRun(TestRunner.java:767)
	at org.testng.TestRunner.run(TestRunner.java:617)
	at org.testng.SuiteRunner.runTest(SuiteRunner.java:334)
	at org.testng.SuiteRunner.runSequentially(SuiteRunner.java:329)
	at org.testng.SuiteRunner.privateRun(SuiteRunner.java:291)
	at org.testng.SuiteRunner.run(SuiteRunner.java:240)
	at org.testng.SuiteRunnerWorker.runSuite(SuiteRunnerWorker.java:52)
	at org.testng.SuiteRunnerWorker.run(SuiteRunnerWorker.java:86)
	at org.testng.TestNG.runSuitesSequentially(TestNG.java:1198)
	at org.testng.TestNG.runSuitesLocally(TestNG.java:1123)
	at org.testng.TestNG.run(TestNG.java:1031)
	at org.testng.remote.AbstractRemoteTestNG.run(AbstractRemoteTestNG.java:114)
	at org.testng.remote.RemoteTestNG.initAndRun(RemoteTestNG.java:251)
	at org.testng.remote.RemoteTestNG.main(RemoteTestNG.java:77)
</pre></div></td>
<td>0</td>
<td>com.automation.tests.DivisionServiceTest@d8355a8</td></tr>
<tr>
<td title='com.automation.tests.DivisionServiceTest.divisionTest8_DivisorFloat_200Ok()'><b>divisionTest8_DivisorFloat_200Ok</b><br>Test class: com.automation.tests.DivisionServiceTest</td>
<td><div><pre>java.lang.AssertionError: expected [200] but found [400]
	at org.testng.Assert.fail(Assert.java:94)
	at org.testng.Assert.failNotEquals(Assert.java:494)
	at org.testng.Assert.assertEquals(Assert.java:123)
	at org.testng.Assert.assertEquals(Assert.java:370)
	at org.testng.Assert.assertEquals(Assert.java:380)
	at com.automation.tests.DivisionServiceTest.divisionTest8_DivisorFloat_200Ok(DivisionServiceTest.java:388)
	at sun.reflect.NativeMethodAccessorImpl.invoke0(Native Method)
	at sun.reflect.NativeMethodAccessorImpl.invoke(NativeMethodAccessorImpl.java:62)
	at sun.reflect.DelegatingMethodAccessorImpl.invoke(DelegatingMethodAccessorImpl.java:43)
	at java.lang.reflect.Method.invoke(Method.java:498)
	at org.testng.internal.MethodInvocationHelper.invokeMethod(MethodInvocationHelper.java:80)
	at org.testng.internal.Invoker.invokeMethod(Invoker.java:714)
	at org.testng.internal.Invoker.invokeTestMethod(Invoker.java:901)
	at org.testng.internal.Invoker.invokeTestMethods(Invoker.java:1231)
	at org.testng.internal.TestMethodWorker.invokeTestMethods(TestMethodWorker.java:127)
	at org.testng.internal.TestMethodWorker.run(TestMethodWorker.java:111)
	at org.testng.TestRunner.privateRun(TestRunner.java:767)
	at org.testng.TestRunner.run(TestRunner.java:617)
	at org.testng.SuiteRunner.runTest(SuiteRunner.java:334)
	at org.testng.SuiteRunner.runSequentially(SuiteRunner.java:329)
	at org.testng.SuiteRunner.privateRun(SuiteRunner.java:291)
	at org.testng.SuiteRunner.run(SuiteRunner.java:240)
	at org.testng.SuiteRunnerWorker.runSuite(SuiteRunnerWorker.java:52)
	at org.testng.SuiteRunnerWorker.run(SuiteRunnerWorker.java:86)
	at org.testng.TestNG.runSuitesSequentially(TestNG.java:1198)
	at org.testng.TestNG.runSuitesLocally(TestNG.java:1123)
	at org.testng.TestNG.run(TestNG.java:1031)
	at org.testng.remote.AbstractRemoteTestNG.run(AbstractRemoteTestNG.java:114)
	at org.testng.remote.RemoteTestNG.initAndRun(RemoteTestNG.java:251)
	at org.testng.remote.RemoteTestNG.main(RemoteTestNG.java:77)
</pre></div><a href='#' onClick='toggleBox("stack-trace1402433372", this, "Click to show all stack frames", "Click to hide stack frames")'>Click to show all stack frames</a>
<div class='stack-trace' id='stack-trace1402433372'><pre>java.lang.AssertionError: expected [200] but found [400]
	at org.testng.Assert.fail(Assert.java:94)
	at org.testng.Assert.failNotEquals(Assert.java:494)
	at org.testng.Assert.assertEquals(Assert.java:123)
	at org.testng.Assert.assertEquals(Assert.java:370)
	at org.testng.Assert.assertEquals(Assert.java:380)
	at com.automation.tests.DivisionServiceTest.divisionTest8_DivisorFloat_200Ok(DivisionServiceTest.java:388)
	at sun.reflect.NativeMethodAccessorImpl.invoke0(Native Method)
	at sun.reflect.NativeMethodAccessorImpl.invoke(NativeMethodAccessorImpl.java:62)
	at sun.reflect.DelegatingMethodAccessorImpl.invoke(DelegatingMethodAccessorImpl.java:43)
	at java.lang.reflect.Method.invoke(Method.java:498)
	at org.testng.internal.MethodInvocationHelper.invokeMethod(MethodInvocationHelper.java:80)
	at org.testng.internal.Invoker.invokeMethod(Invoker.java:714)
	at org.testng.internal.Invoker.invokeTestMethod(Invoker.java:901)
	at org.testng.internal.Invoker.invokeTestMethods(Invoker.java:1231)
	at org.testng.internal.TestMethodWorker.invokeTestMethods(TestMethodWorker.java:127)
	at org.testng.internal.TestMethodWorker.run(TestMethodWorker.java:111)
	at org.testng.TestRunner.privateRun(TestRunner.java:767)
	at org.testng.TestRunner.run(TestRunner.java:617)
	at org.testng.SuiteRunner.runTest(SuiteRunner.java:334)
	at org.testng.SuiteRunner.runSequentially(SuiteRunner.java:329)
	at org.testng.SuiteRunner.privateRun(SuiteRunner.java:291)
	at org.testng.SuiteRunner.run(SuiteRunner.java:240)
	at org.testng.SuiteRunnerWorker.runSuite(SuiteRunnerWorker.java:52)
	at org.testng.SuiteRunnerWorker.run(SuiteRunnerWorker.java:86)
	at org.testng.TestNG.runSuitesSequentially(TestNG.java:1198)
	at org.testng.TestNG.runSuitesLocally(TestNG.java:1123)
	at org.testng.TestNG.run(TestNG.java:1031)
	at org.testng.remote.AbstractRemoteTestNG.run(AbstractRemoteTestNG.java:114)
	at org.testng.remote.RemoteTestNG.initAndRun(RemoteTestNG.java:251)
	at org.testng.remote.RemoteTestNG.main(RemoteTestNG.java:77)
</pre></div></td>
<td>0</td>
<td>com.automation.tests.DivisionServiceTest@d8355a8</td></tr>
<tr>
<td title='com.automation.tests.MultiplyServiceTest.multiplytest6_DecimalNumbers_200Ok()'><b>multiplytest6_DecimalNumbers_200Ok</b><br>Test class: com.automation.tests.MultiplyServiceTest</td>
<td><div><pre>java.lang.AssertionError: expected [200] but found [400]
	at org.testng.Assert.fail(Assert.java:94)
	at org.testng.Assert.failNotEquals(Assert.java:494)
	at org.testng.Assert.assertEquals(Assert.java:123)
	at org.testng.Assert.assertEquals(Assert.java:370)
	at org.testng.Assert.assertEquals(Assert.java:380)
	at com.automation.tests.MultiplyServiceTest.multiplytest6_DecimalNumbers_200Ok(MultiplyServiceTest.java:277)
	at sun.reflect.NativeMethodAccessorImpl.invoke0(Native Method)
	at sun.reflect.NativeMethodAccessorImpl.invoke(NativeMethodAccessorImpl.java:62)
	at sun.reflect.DelegatingMethodAccessorImpl.invoke(DelegatingMethodAccessorImpl.java:43)
	at java.lang.reflect.Method.invoke(Method.java:498)
	at org.testng.internal.MethodInvocationHelper.invokeMethod(MethodInvocationHelper.java:80)
	at org.testng.internal.Invoker.invokeMethod(Invoker.java:714)
	at org.testng.internal.Invoker.invokeTestMethod(Invoker.java:901)
	at org.testng.internal.Invoker.invokeTestMethods(Invoker.java:1231)
	at org.testng.internal.TestMethodWorker.invokeTestMethods(TestMethodWorker.java:127)
	at org.testng.internal.TestMethodWorker.run(TestMethodWorker.java:111)
	at org.testng.TestRunner.privateRun(TestRunner.java:767)
	at org.testng.TestRunner.run(TestRunner.java:617)
	at org.testng.SuiteRunner.runTest(SuiteRunner.java:334)
	at org.testng.SuiteRunner.runSequentially(SuiteRunner.java:329)
	at org.testng.SuiteRunner.privateRun(SuiteRunner.java:291)
	at org.testng.SuiteRunner.run(SuiteRunner.java:240)
	at org.testng.SuiteRunnerWorker.runSuite(SuiteRunnerWorker.java:52)
	at org.testng.SuiteRunnerWorker.run(SuiteRunnerWorker.java:86)
	at org.testng.TestNG.runSuitesSequentially(TestNG.java:1198)
	at org.testng.TestNG.runSuitesLocally(TestNG.java:1123)
	at org.testng.TestNG.run(TestNG.java:1031)
	at org.testng.remote.AbstractRemoteTestNG.run(AbstractRemoteTestNG.java:114)
	at org.testng.remote.RemoteTestNG.initAndRun(RemoteTestNG.java:251)
	at org.testng.remote.RemoteTestNG.main(RemoteTestNG.java:77)
</pre></div><a href='#' onClick='toggleBox("stack-trace1311146128", this, "Click to show all stack frames", "Click to hide stack frames")'>Click to show all stack frames</a>
<div class='stack-trace' id='stack-trace1311146128'><pre>java.lang.AssertionError: expected [200] but found [400]
	at org.testng.Assert.fail(Assert.java:94)
	at org.testng.Assert.failNotEquals(Assert.java:494)
	at org.testng.Assert.assertEquals(Assert.java:123)
	at org.testng.Assert.assertEquals(Assert.java:370)
	at org.testng.Assert.assertEquals(Assert.java:380)
	at com.automation.tests.MultiplyServiceTest.multiplytest6_DecimalNumbers_200Ok(MultiplyServiceTest.java:277)
	at sun.reflect.NativeMethodAccessorImpl.invoke0(Native Method)
	at sun.reflect.NativeMethodAccessorImpl.invoke(NativeMethodAccessorImpl.java:62)
	at sun.reflect.DelegatingMethodAccessorImpl.invoke(DelegatingMethodAccessorImpl.java:43)
	at java.lang.reflect.Method.invoke(Method.java:498)
	at org.testng.internal.MethodInvocationHelper.invokeMethod(MethodInvocationHelper.java:80)
	at org.testng.internal.Invoker.invokeMethod(Invoker.java:714)
	at org.testng.internal.Invoker.invokeTestMethod(Invoker.java:901)
	at org.testng.internal.Invoker.invokeTestMethods(Invoker.java:1231)
	at org.testng.internal.TestMethodWorker.invokeTestMethods(TestMethodWorker.java:127)
	at org.testng.internal.TestMethodWorker.run(TestMethodWorker.java:111)
	at org.testng.TestRunner.privateRun(TestRunner.java:767)
	at org.testng.TestRunner.run(TestRunner.java:617)
	at org.testng.SuiteRunner.runTest(SuiteRunner.java:334)
	at org.testng.SuiteRunner.runSequentially(SuiteRunner.java:329)
	at org.testng.SuiteRunner.privateRun(SuiteRunner.java:291)
	at org.testng.SuiteRunner.run(SuiteRunner.java:240)
	at org.testng.SuiteRunnerWorker.runSuite(SuiteRunnerWorker.java:52)
	at org.testng.SuiteRunnerWorker.run(SuiteRunnerWorker.java:86)
	at org.testng.TestNG.runSuitesSequentially(TestNG.java:1198)
	at org.testng.TestNG.runSuitesLocally(TestNG.java:1123)
	at org.testng.TestNG.run(TestNG.java:1031)
	at org.testng.remote.AbstractRemoteTestNG.run(AbstractRemoteTestNG.java:114)
	at org.testng.remote.RemoteTestNG.initAndRun(RemoteTestNG.java:251)
	at org.testng.remote.RemoteTestNG.main(RemoteTestNG.java:77)
</pre></div></td>
<td>0</td>
<td>com.automation.tests.MultiplyServiceTest@4501b7af</td></tr>
</table><p>
<table width='100%' border='1' class='invocation-passed'>
<tr><td colspan='4' align='center'><b>PASSED TESTS</b></td></tr>
<tr><td><b>Test method</b></td>
<td width="30%"><b>Exception</b></td>
<td width="10%"><b>Time (seconds)</b></td>
<td><b>Instance</b></td>
</tr>
<tr>
<td title='com.automation.tests.APIIntegrationTest.additionTest()'><b>additionTest</b><br>Test class: com.automation.tests.APIIntegrationTest</td>
<td></td>
<td>1</td>
<td>com.automation.tests.APIIntegrationTest@59fa1d9b</td></tr>
<tr>
<td title='com.automation.tests.AdditionServiceTest.additionTest1_Non_Integers_400BadRequest()'><b>additionTest1_Non_Integers_400BadRequest</b><br>Test class: com.automation.tests.AdditionServiceTest</td>
<td></td>
<td>0</td>
<td>com.automation.tests.AdditionServiceTest@224edc67</td></tr>
<tr>
<td title='com.automation.tests.AdditionServiceTest.additionTest2_OneNumberAsNull_400BadRequest()'><b>additionTest2_OneNumberAsNull_400BadRequest</b><br>Test class: com.automation.tests.AdditionServiceTest</td>
<td></td>
<td>0</td>
<td>com.automation.tests.AdditionServiceTest@224edc67</td></tr>
<tr>
<td title='com.automation.tests.AdditionServiceTest.additionTest3_OneNumberAndOneSpecialCharacter_400BadRequest()'><b>additionTest3_OneNumberAndOneSpecialCharacter_400BadRequest</b><br>Test class: com.automation.tests.AdditionServiceTest</td>
<td></td>
<td>0</td>
<td>com.automation.tests.AdditionServiceTest@224edc67</td></tr>
<tr>
<td title='com.automation.tests.AdditionServiceTest.additionTest4_NegativeNumbers_200Ok()'><b>additionTest4_NegativeNumbers_200Ok</b><br>Test class: com.automation.tests.AdditionServiceTest</td>
<td></td>
<td>0</td>
<td>com.automation.tests.AdditionServiceTest@224edc67</td></tr>
<tr>
<td title='com.automation.tests.AdditionServiceTest.additionTest5_OneNegativeOnePositiveNumber_200Ok()'><b>additionTest5_OneNegativeOnePositiveNumber_200Ok</b><br>Test class: com.automation.tests.AdditionServiceTest</td>
<td></td>
<td>0</td>
<td>com.automation.tests.AdditionServiceTest@224edc67</td></tr>
<tr>
<td title='com.automation.tests.ErrorCodesTest.additionTest_400_Bad_Request_non_integer()'><b>additionTest_400_Bad_Request_non_integer</b><br>Test class: com.automation.tests.ErrorCodesTest</td>
<td></td>
<td>0</td>
<td>com.automation.tests.ErrorCodesTest@46d56d67</td></tr>
<tr>
<td title='com.automation.tests.APIIntegrationTest.divisionTest()'><b>divisionTest</b><br>Test class: com.automation.tests.APIIntegrationTest</td>
<td></td>
<td>0</td>
<td>com.automation.tests.APIIntegrationTest@59fa1d9b</td></tr>
<tr>
<td title='com.automation.tests.DivisionServiceTest.divisionTest1_NonNumbers_400BadRequest()'><b>divisionTest1_NonNumbers_400BadRequest</b><br>Test class: com.automation.tests.DivisionServiceTest</td>
<td></td>
<td>0</td>
<td>com.automation.tests.DivisionServiceTest@d8355a8</td></tr>
<tr>
<td title='com.automation.tests.DivisionServiceTest.divisionTest2_DivisorNull_400BadRequest()'><b>divisionTest2_DivisorNull_400BadRequest</b><br>Test class: com.automation.tests.DivisionServiceTest</td>
<td></td>
<td>0</td>
<td>com.automation.tests.DivisionServiceTest@d8355a8</td></tr>
<tr>
<td title='com.automation.tests.DivisionServiceTest.divisionTest3_DividendNull_400BadRequest()'><b>divisionTest3_DividendNull_400BadRequest</b><br>Test class: com.automation.tests.DivisionServiceTest</td>
<td></td>
<td>0</td>
<td>com.automation.tests.DivisionServiceTest@d8355a8</td></tr>
<tr>
<td title='com.automation.tests.DivisionServiceTest.divisionTest4_DivisorSpecialCharacter_400BadRequest()'><b>divisionTest4_DivisorSpecialCharacter_400BadRequest</b><br>Test class: com.automation.tests.DivisionServiceTest</td>
<td></td>
<td>0</td>
<td>com.automation.tests.DivisionServiceTest@d8355a8</td></tr>
<tr>
<td title='com.automation.tests.DivisionServiceTest.divisionTest5_BothNegativeNumbers_200Ok()'><b>divisionTest5_BothNegativeNumbers_200Ok</b><br>Test class: com.automation.tests.DivisionServiceTest</td>
<td></td>
<td>0</td>
<td>com.automation.tests.DivisionServiceTest@d8355a8</td></tr>
<tr>
<td title='com.automation.tests.DivisionServiceTest.divisionTest6_DividendNegative_200Ok()'><b>divisionTest6_DividendNegative_200Ok</b><br>Test class: com.automation.tests.DivisionServiceTest</td>
<td></td>
<td>0</td>
<td>com.automation.tests.DivisionServiceTest@d8355a8</td></tr>
<tr>
<td title='com.automation.tests.DivisionServiceTest.divisionTest6_DivisorNegative_200Ok()'><b>divisionTest6_DivisorNegative_200Ok</b><br>Test class: com.automation.tests.DivisionServiceTest</td>
<td></td>
<td>0</td>
<td>com.automation.tests.DivisionServiceTest@d8355a8</td></tr>
<tr>
<td title='com.automation.tests.APIIntegrationTest.intersectionTest()'><b>intersectionTest</b><br>Test class: com.automation.tests.APIIntegrationTest</td>
<td></td>
<td>0</td>
<td>com.automation.tests.APIIntegrationTest@59fa1d9b</td></tr>
<tr>
<td title='com.automation.tests.UnionIntersectServiceTest.intersectionTest1_NonIntegersInLeftSet_400BadRequest()'><b>intersectionTest1_NonIntegersInLeftSet_400BadRequest</b><br>Test class: com.automation.tests.UnionIntersectServiceTest</td>
<td></td>
<td>0</td>
<td>com.automation.tests.UnionIntersectServiceTest@5b275dab</td></tr>
<tr>
<td title='com.automation.tests.UnionIntersectServiceTest.intersectionTest2_NonIntegersBothSets_400BadRequest()'><b>intersectionTest2_NonIntegersBothSets_400BadRequest</b><br>Test class: com.automation.tests.UnionIntersectServiceTest</td>
<td></td>
<td>0</td>
<td>com.automation.tests.UnionIntersectServiceTest@5b275dab</td></tr>
<tr>
<td title='com.automation.tests.UnionIntersectServiceTest.intersectionTest3_NegativeNumbersInBothSets_200Ok()'><b>intersectionTest3_NegativeNumbersInBothSets_200Ok</b><br>Test class: com.automation.tests.UnionIntersectServiceTest</td>
<td></td>
<td>0</td>
<td>com.automation.tests.UnionIntersectServiceTest@5b275dab</td></tr>
<tr>
<td title='com.automation.tests.UnionIntersectServiceTest.intersectionTest4_NullsPresentInBothSets_200Ok()'><b>intersectionTest4_NullsPresentInBothSets_200Ok</b><br>Test class: com.automation.tests.UnionIntersectServiceTest</td>
<td></td>
<td>0</td>
<td>com.automation.tests.UnionIntersectServiceTest@5b275dab</td></tr>
<tr>
<td title='com.automation.tests.APIIntegrationTest.maxTest()'><b>maxTest</b><br>Test class: com.automation.tests.APIIntegrationTest</td>
<td></td>
<td>0</td>
<td>com.automation.tests.APIIntegrationTest@59fa1d9b</td></tr>
<tr>
<td title='com.automation.tests.ErrorCodesTest.maxTest1_NonIntegersInSet_400BadRequest()'><b>maxTest1_NonIntegersInSet_400BadRequest</b><br>Test class: com.automation.tests.ErrorCodesTest</td>
<td></td>
<td>0</td>
<td>com.automation.tests.ErrorCodesTest@46d56d67</td></tr>
<tr>
<td title='com.automation.tests.MaxMinServicesTest.maxTest1_NonIntegersInSet_400BadRequest()'><b>maxTest1_NonIntegersInSet_400BadRequest</b><br>Test class: com.automation.tests.MaxMinServicesTest</td>
<td></td>
<td>0</td>
<td>com.automation.tests.MaxMinServicesTest@724af044</td></tr>
<tr>
<td title='com.automation.tests.MaxMinServicesTest.maxTest2_SpecialCharactersInSet_400BadRequest()'><b>maxTest2_SpecialCharactersInSet_400BadRequest</b><br>Test class: com.automation.tests.MaxMinServicesTest</td>
<td></td>
<td>0</td>
<td>com.automation.tests.MaxMinServicesTest@724af044</td></tr>
<tr>
<td title='com.automation.tests.MaxMinServicesTest.maxTest3_NegativeNumbersInSet_200Ok()'><b>maxTest3_NegativeNumbersInSet_200Ok</b><br>Test class: com.automation.tests.MaxMinServicesTest</td>
<td></td>
<td>0</td>
<td>com.automation.tests.MaxMinServicesTest@724af044</td></tr>
<tr>
<td title='com.automation.tests.MaxMinServicesTest.maxTest4_AllNegativeNumbersInSet_200Ok()'><b>maxTest4_AllNegativeNumbersInSet_200Ok</b><br>Test class: com.automation.tests.MaxMinServicesTest</td>
<td></td>
<td>0</td>
<td>com.automation.tests.MaxMinServicesTest@724af044</td></tr>
<tr>
<td title='com.automation.tests.MaxMinServicesTest.maxTest5_OneNullInSet_200Ok()'><b>maxTest5_OneNullInSet_200Ok</b><br>Test class: com.automation.tests.MaxMinServicesTest</td>
<td></td>
<td>0</td>
<td>com.automation.tests.MaxMinServicesTest@724af044</td></tr>
<tr>
<td title='com.automation.tests.APIIntegrationTest.minTest()'><b>minTest</b><br>Test class: com.automation.tests.APIIntegrationTest</td>
<td></td>
<td>0</td>
<td>com.automation.tests.APIIntegrationTest@59fa1d9b</td></tr>
<tr>
<td title='com.automation.tests.MaxMinServicesTest.minTest1_NonIntegersInSet_400_BadRequest()'><b>minTest1_NonIntegersInSet_400_BadRequest</b><br>Test class: com.automation.tests.MaxMinServicesTest</td>
<td></td>
<td>0</td>
<td>com.automation.tests.MaxMinServicesTest@724af044</td></tr>
<tr>
<td title='com.automation.tests.MaxMinServicesTest.minTest2_SpecialCharactersInSet_400_BadRequest()'><b>minTest2_SpecialCharactersInSet_400_BadRequest</b><br>Test class: com.automation.tests.MaxMinServicesTest</td>
<td></td>
<td>0</td>
<td>com.automation.tests.MaxMinServicesTest@724af044</td></tr>
<tr>
<td title='com.automation.tests.MaxMinServicesTest.minTest3_NegativeNumbersInSet_200_Ok()'><b>minTest3_NegativeNumbersInSet_200_Ok</b><br>Test class: com.automation.tests.MaxMinServicesTest</td>
<td></td>
<td>0</td>
<td>com.automation.tests.MaxMinServicesTest@724af044</td></tr>
<tr>
<td title='com.automation.tests.MaxMinServicesTest.minTest4_AllNegativeNumbersInSet_200_Ok()'><b>minTest4_AllNegativeNumbersInSet_200_Ok</b><br>Test class: com.automation.tests.MaxMinServicesTest</td>
<td></td>
<td>0</td>
<td>com.automation.tests.MaxMinServicesTest@724af044</td></tr>
<tr>
<td title='com.automation.tests.MaxMinServicesTest.minTest5_OneNullInSet_200_Ok()'><b>minTest5_OneNullInSet_200_Ok</b><br>Test class: com.automation.tests.MaxMinServicesTest</td>
<td></td>
<td>0</td>
<td>com.automation.tests.MaxMinServicesTest@724af044</td></tr>
<tr>
<td title='com.automation.tests.APIIntegrationTest.multiplytest()'><b>multiplytest</b><br>Test class: com.automation.tests.APIIntegrationTest</td>
<td></td>
<td>0</td>
<td>com.automation.tests.APIIntegrationTest@59fa1d9b</td></tr>
<tr>
<td title='com.automation.tests.MultiplyServiceTest.multiplytest1_Non_Integers_400BadRequest()'><b>multiplytest1_Non_Integers_400BadRequest</b><br>Test class: com.automation.tests.MultiplyServiceTest</td>
<td></td>
<td>0</td>
<td>com.automation.tests.MultiplyServiceTest@4501b7af</td></tr>
<tr>
<td title='com.automation.tests.MultiplyServiceTest.multiplytest2_OneNumberAsNull_400BadRequest()'><b>multiplytest2_OneNumberAsNull_400BadRequest</b><br>Test class: com.automation.tests.MultiplyServiceTest</td>
<td></td>
<td>0</td>
<td>com.automation.tests.MultiplyServiceTest@4501b7af</td></tr>
<tr>
<td title='com.automation.tests.MultiplyServiceTest.multiplytest3_OneNumberAndOneSpecialCharacter_400BadRequest()'><b>multiplytest3_OneNumberAndOneSpecialCharacter_400BadRequest</b><br>Test class: com.automation.tests.MultiplyServiceTest</td>
<td></td>
<td>0</td>
<td>com.automation.tests.MultiplyServiceTest@4501b7af</td></tr>
<tr>
<td title='com.automation.tests.MultiplyServiceTest.multiplytest4_BothNegativeNumbers_200Ok()'><b>multiplytest4_BothNegativeNumbers_200Ok</b><br>Test class: com.automation.tests.MultiplyServiceTest</td>
<td></td>
<td>0</td>
<td>com.automation.tests.MultiplyServiceTest@4501b7af</td></tr>
<tr>
<td title='com.automation.tests.MultiplyServiceTest.multiplytest5_OneNegativeInteger_200Ok()'><b>multiplytest5_OneNegativeInteger_200Ok</b><br>Test class: com.automation.tests.MultiplyServiceTest</td>
<td></td>
<td>0</td>
<td>com.automation.tests.MultiplyServiceTest@4501b7af</td></tr>
<tr>
<td title='com.automation.tests.ErrorCodesTest.statusCode_401_UNAUTHORIZED_addition_path()'><b>statusCode_401_UNAUTHORIZED_addition_path</b><br>Test class: com.automation.tests.ErrorCodesTest</td>
<td></td>
<td>0</td>
<td>com.automation.tests.ErrorCodesTest@46d56d67</td></tr>
<tr>
<td title='com.automation.tests.ErrorCodesTest.statusCode_404_NOT_FOUND()'><b>statusCode_404_NOT_FOUND</b><br>Test class: com.automation.tests.ErrorCodesTest</td>
<td></td>
<td>0</td>
<td>com.automation.tests.ErrorCodesTest@46d56d67</td></tr>
<tr>
<td title='com.automation.tests.ErrorCodesTest.statusCode_405_MethodNotAllowed()'><b>statusCode_405_MethodNotAllowed</b><br>Test class: com.automation.tests.ErrorCodesTest</td>
<td></td>
<td>0</td>
<td>com.automation.tests.ErrorCodesTest@46d56d67</td></tr>
<tr>
<td title='com.automation.tests.ErrorCodesTest.statusCode_415_UnsupportedMediaType()'><b>statusCode_415_UnsupportedMediaType</b><br>Test class: com.automation.tests.ErrorCodesTest</td>
<td></td>
<td>0</td>
<td>com.automation.tests.ErrorCodesTest@46d56d67</td></tr>
<tr>
<td title='com.automation.tests.ErrorCodesTest.statusCode_500_InternalServerError()'><b>statusCode_500_InternalServerError</b><br>Test class: com.automation.tests.ErrorCodesTest</td>
<td></td>
<td>0</td>
<td>com.automation.tests.ErrorCodesTest@46d56d67</td></tr>
<tr>
<td title='com.automation.tests.APIIntegrationTest.unionTest()'><b>unionTest</b><br>Test class: com.automation.tests.APIIntegrationTest</td>
<td></td>
<td>0</td>
<td>com.automation.tests.APIIntegrationTest@59fa1d9b</td></tr>
<tr>
<td title='com.automation.tests.ErrorCodesTest.unionTest1_NonIntegersInLeftSet_400BadRequest()'><b>unionTest1_NonIntegersInLeftSet_400BadRequest</b><br>Test class: com.automation.tests.ErrorCodesTest</td>
<td></td>
<td>0</td>
<td>com.automation.tests.ErrorCodesTest@46d56d67</td></tr>
<tr>
<td title='com.automation.tests.UnionIntersectServiceTest.unionTest1_NonIntegersInLeftSet_400BadRequest()'><b>unionTest1_NonIntegersInLeftSet_400BadRequest</b><br>Test class: com.automation.tests.UnionIntersectServiceTest</td>
<td></td>
<td>0</td>
<td>com.automation.tests.UnionIntersectServiceTest@5b275dab</td></tr>
<tr>
<td title='com.automation.tests.UnionIntersectServiceTest.unionTest2_NonIntegersInRightSet_400BadRequest()'><b>unionTest2_NonIntegersInRightSet_400BadRequest</b><br>Test class: com.automation.tests.UnionIntersectServiceTest</td>
<td></td>
<td>0</td>
<td>com.automation.tests.UnionIntersectServiceTest@5b275dab</td></tr>
<tr>
<td title='com.automation.tests.UnionIntersectServiceTest.unionTest3_NegativeNumbersInLeftSet_200Ok()'><b>unionTest3_NegativeNumbersInLeftSet_200Ok</b><br>Test class: com.automation.tests.UnionIntersectServiceTest</td>
<td></td>
<td>0</td>
<td>com.automation.tests.UnionIntersectServiceTest@5b275dab</td></tr>
<tr>
<td title='com.automation.tests.UnionIntersectServiceTest.unionTest4_NegativeNumbersInBothSets_200Ok()'><b>unionTest4_NegativeNumbersInBothSets_200Ok</b><br>Test class: com.automation.tests.UnionIntersectServiceTest</td>
<td></td>
<td>0</td>
<td>com.automation.tests.UnionIntersectServiceTest@5b275dab</td></tr>
<tr>
<td title='com.automation.tests.UnionIntersectServiceTest.unionTest5_NullsInLeftSet_200Ok()'><b>unionTest5_NullsInLeftSet_200Ok</b><br>Test class: com.automation.tests.UnionIntersectServiceTest</td>
<td></td>
<td>0</td>
<td>com.automation.tests.UnionIntersectServiceTest@5b275dab</td></tr>
<tr>
<td title='com.automation.tests.UnionIntersectServiceTest.unionTest6_NullsInBothSets_200Ok()'><b>unionTest6_NullsInBothSets_200Ok</b><br>Test class: com.automation.tests.UnionIntersectServiceTest</td>
<td></td>
<td>0</td>
<td>com.automation.tests.UnionIntersectServiceTest@5b275dab</td></tr>
</table><p>
</body>
</html>