<?xml version="1.0" encoding="UTF-8"?>
<!-- Generated by org.testng.reporters.JUnitXMLReporter -->
<testsuite hostname="Mohits-MacBook-Air.local" name="Command line test" tests="55" failures="3" timestamp="11 Jun 2018 03:59:36 GMT" time="3.823" errors="0">
  <testcase name="additionTest" time="1.948" classname="com.automation.tests.APIIntegrationTest"/>
  <testcase name="divisionTest" time="0.035" classname="com.automation.tests.APIIntegrationTest"/>
  <testcase name="intersectionTest" time="0.045" classname="com.automation.tests.APIIntegrationTest"/>
  <testcase name="maxTest" time="0.03" classname="com.automation.tests.APIIntegrationTest"/>
  <testcase name="minTest" time="0.04" classname="com.automation.tests.APIIntegrationTest"/>
  <testcase name="multiplytest" time="0.043" classname="com.automation.tests.APIIntegrationTest"/>
  <testcase name="unionTest" time="0.043" classname="com.automation.tests.APIIntegrationTest"/>
  <testcase name="divisionTest1_NonNumbers_400BadRequest" time="0.073" classname="com.automation.tests.DivisionServiceTest"/>
  <testcase name="divisionTest2_DivisorNull_400BadRequest" time="0.033" classname="com.automation.tests.DivisionServiceTest"/>
  <testcase name="divisionTest3_DividendNull_400BadRequest" time="0.04" classname="com.automation.tests.DivisionServiceTest"/>
  <testcase name="divisionTest4_DivisorSpecialCharacter_400BadRequest" time="0.034" classname="com.automation.tests.DivisionServiceTest"/>
  <testcase name="divisionTest5_BothNegativeNumbers_200Ok" time="0.017" classname="com.automation.tests.DivisionServiceTest"/>
  <testcase name="divisionTest6_DividendNegative_200Ok" time="0.049" classname="com.automation.tests.DivisionServiceTest"/>
  <testcase name="divisionTest6_DivisorNegative_200Ok" time="0.031" classname="com.automation.tests.DivisionServiceTest"/>
  <testcase name="divisionTest7_DividendFloat_200Ok" time="0.056" classname="com.automation.tests.DivisionServiceTest">
    <failure type="java.lang.AssertionError" message="expected [200] but found [400]">
      <![CDATA[java.lang.AssertionError: expected [200] but found [400]
	at com.automation.tests.DivisionServiceTest.divisionTest7_DividendFloat_200Ok(DivisionServiceTest.java:347)
	at org.apache.maven.surefire.testng.TestNGExecutor.run(TestNGExecutor.java:77)
	at org.apache.maven.surefire.testng.TestNGDirectoryTestSuite.executeMulti(TestNGDirectoryTestSuite.java:159)
	at org.apache.maven.surefire.testng.TestNGDirectoryTestSuite.execute(TestNGDirectoryTestSuite.java:99)
	at org.apache.maven.surefire.testng.TestNGProvider.invoke(TestNGProvider.java:106)
	at org.apache.maven.surefire.util.ReflectionUtils.invokeMethodWithArray(ReflectionUtils.java:189)
	at org.apache.maven.surefire.booter.ProviderFactory$ProviderProxy.invoke(ProviderFactory.java:165)
	at org.apache.maven.surefire.booter.ProviderFactory.invokeProvider(ProviderFactory.java:85)
	at org.apache.maven.surefire.booter.ForkedBooter.runSuitesInProcess(ForkedBooter.java:115)
	at org.apache.maven.surefire.booter.ForkedBooter.main(ForkedBooter.java:75)
... Removed 30 stack frames]]>
    </failure>
  </testcase> <!-- divisionTest7_DividendFloat_200Ok -->
  <testcase name="divisionTest8_DivisorFloat_200Ok" time="0.031" classname="com.automation.tests.DivisionServiceTest">
    <failure type="java.lang.AssertionError" message="expected [200] but found [400]">
      <![CDATA[java.lang.AssertionError: expected [200] but found [400]
	at com.automation.tests.DivisionServiceTest.divisionTest8_DivisorFloat_200Ok(DivisionServiceTest.java:388)
	at org.apache.maven.surefire.testng.TestNGExecutor.run(TestNGExecutor.java:77)
	at org.apache.maven.surefire.testng.TestNGDirectoryTestSuite.executeMulti(TestNGDirectoryTestSuite.java:159)
	at org.apache.maven.surefire.testng.TestNGDirectoryTestSuite.execute(TestNGDirectoryTestSuite.java:99)
	at org.apache.maven.surefire.testng.TestNGProvider.invoke(TestNGProvider.java:106)
	at org.apache.maven.surefire.util.ReflectionUtils.invokeMethodWithArray(ReflectionUtils.java:189)
	at org.apache.maven.surefire.booter.ProviderFactory$ProviderProxy.invoke(ProviderFactory.java:165)
	at org.apache.maven.surefire.booter.ProviderFactory.invokeProvider(ProviderFactory.java:85)
	at org.apache.maven.surefire.booter.ForkedBooter.runSuitesInProcess(ForkedBooter.java:115)
	at org.apache.maven.surefire.booter.ForkedBooter.main(ForkedBooter.java:75)
... Removed 30 stack frames]]>
    </failure>
  </testcase> <!-- divisionTest8_DivisorFloat_200Ok -->
  <testcase name="maxTest1_NonIntegersInSet_400BadRequest" time="0.021" classname="com.automation.tests.ErrorCodesTest"/>
  <testcase name="statusCode_500_InternalServerError" time="0.019" classname="com.automation.tests.ErrorCodesTest"/>
  <testcase name="unionTest1_NonIntegersInLeftSet_400BadRequest" time="0.034" classname="com.automation.tests.ErrorCodesTest"/>
  <testcase name="maxTest1_NonIntegersInSet_400BadRequest" time="0.042" classname="com.automation.tests.MaxMinServicesTest"/>
  <testcase name="maxTest2_SpecialCharactersInSet_400BadRequest" time="0.013" classname="com.automation.tests.MaxMinServicesTest"/>
  <testcase name="maxTest3_NegativeNumbersInSet_200Ok" time="0.026" classname="com.automation.tests.MaxMinServicesTest"/>
  <testcase name="maxTest4_AllNegativeNumbersInSet_200Ok" time="0.044" classname="com.automation.tests.MaxMinServicesTest"/>
  <testcase name="maxTest5_OneNullInSet_200Ok" time="0.029" classname="com.automation.tests.MaxMinServicesTest"/>
  <testcase name="minTest1_NonIntegersInSet_400_BadRequest" time="0.029" classname="com.automation.tests.MaxMinServicesTest"/>
  <testcase name="minTest2_SpecialCharactersInSet_400_BadRequest" time="0.027" classname="com.automation.tests.MaxMinServicesTest"/>
  <testcase name="minTest3_NegativeNumbersInSet_200_Ok" time="0.024" classname="com.automation.tests.MaxMinServicesTest"/>
  <testcase name="minTest4_AllNegativeNumbersInSet_200_Ok" time="0.023" classname="com.automation.tests.MaxMinServicesTest"/>
  <testcase name="minTest5_OneNullInSet_200_Ok" time="0.019" classname="com.automation.tests.MaxMinServicesTest"/>
  <testcase name="multiplytest1_Non_Integers_400BadRequest" time="0.041" classname="com.automation.tests.MultiplyServiceTest"/>
  <testcase name="multiplytest2_OneNumberAsNull_400BadRequest" time="0.045" classname="com.automation.tests.MultiplyServiceTest"/>
  <testcase name="multiplytest3_OneNumberAndOneSpecialCharacter_400BadRequest" time="0.034" classname="com.automation.tests.MultiplyServiceTest"/>
  <testcase name="multiplytest4_BothNegativeNumbers_200Ok" time="0.024" classname="com.automation.tests.MultiplyServiceTest"/>
  <testcase name="multiplytest5_OneNegativeInteger_200Ok" time="0.026" classname="com.automation.tests.MultiplyServiceTest"/>
  <testcase name="multiplytest6_DecimalNumbers_200Ok" time="0.051" classname="com.automation.tests.MultiplyServiceTest">
    <failure type="java.lang.AssertionError" message="expected [200] but found [400]">
      <![CDATA[java.lang.AssertionError: expected [200] but found [400]
	at com.automation.tests.MultiplyServiceTest.multiplytest6_DecimalNumbers_200Ok(MultiplyServiceTest.java:277)
	at org.apache.maven.surefire.testng.TestNGExecutor.run(TestNGExecutor.java:77)
	at org.apache.maven.surefire.testng.TestNGDirectoryTestSuite.executeMulti(TestNGDirectoryTestSuite.java:159)
	at org.apache.maven.surefire.testng.TestNGDirectoryTestSuite.execute(TestNGDirectoryTestSuite.java:99)
	at org.apache.maven.surefire.testng.TestNGProvider.invoke(TestNGProvider.java:106)
	at org.apache.maven.surefire.util.ReflectionUtils.invokeMethodWithArray(ReflectionUtils.java:189)
	at org.apache.maven.surefire.booter.ProviderFactory$ProviderProxy.invoke(ProviderFactory.java:165)
	at org.apache.maven.surefire.booter.ProviderFactory.invokeProvider(ProviderFactory.java:85)
	at org.apache.maven.surefire.booter.ForkedBooter.runSuitesInProcess(ForkedBooter.java:115)
	at org.apache.maven.surefire.booter.ForkedBooter.main(ForkedBooter.java:75)
... Removed 30 stack frames]]>
    </failure>
  </testcase> <!-- multiplytest6_DecimalNumbers_200Ok -->
  <testcase name="intersectionTest1_NonIntegersInLeftSet_400BadRequest" time="0.042" classname="com.automation.tests.UnionIntersectServiceTest"/>
  <testcase name="intersectionTest2_NonIntegersBothSets_400BadRequest" time="0.034" classname="com.automation.tests.UnionIntersectServiceTest"/>
  <testcase name="intersectionTest3_NegativeNumbersInBothSets_200Ok" time="0.024" classname="com.automation.tests.UnionIntersectServiceTest"/>
  <testcase name="intersectionTest4_NullsPresentInBothSets_200Ok" time="0.02" classname="com.automation.tests.UnionIntersectServiceTest"/>
  <testcase name="unionTest1_NonIntegersInLeftSet_400BadRequest" time="0.044" classname="com.automation.tests.UnionIntersectServiceTest"/>
  <testcase name="unionTest2_NonIntegersInRightSet_400BadRequest" time="0.027" classname="com.automation.tests.UnionIntersectServiceTest"/>
  <testcase name="unionTest3_NegativeNumbersInLeftSet_200Ok" time="0.017" classname="com.automation.tests.UnionIntersectServiceTest"/>
  <testcase name="unionTest4_NegativeNumbersInBothSets_200Ok" time="0.016" classname="com.automation.tests.UnionIntersectServiceTest"/>
  <testcase name="unionTest5_NullsInLeftSet_200Ok" time="0.014" classname="com.automation.tests.UnionIntersectServiceTest"/>
  <testcase name="unionTest6_NullsInBothSets_200Ok" time="0.011" classname="com.automation.tests.UnionIntersectServiceTest"/>
  <testcase name="additionTest1_Non_Integers_400BadRequest" time="0.031" classname="com.automation.tests.AdditionServiceTest"/>
  <testcase name="additionTest2_OneNumberAsNull_400BadRequest" time="0.105" classname="com.automation.tests.AdditionServiceTest"/>
  <testcase name="additionTest3_OneNumberAndOneSpecialCharacter_400BadRequest" time="0.031" classname="com.automation.tests.AdditionServiceTest"/>
  <testcase name="additionTest4_NegativeNumbers_200Ok" time="0.032" classname="com.automation.tests.AdditionServiceTest"/>
  <testcase name="additionTest5_OneNegativeOnePositiveNumber_200Ok" time="0.023" classname="com.automation.tests.AdditionServiceTest"/>
  <testcase name="statusCode_404_NOT_FOUND" time="0.021" classname="com.automation.tests.ErrorCodesTest"/>
  <testcase name="additionTest_400_Bad_Request_non_integer" time="0.021" classname="com.automation.tests.ErrorCodesTest"/>
  <testcase name="statusCode_405_MethodNotAllowed" time="0.021" classname="com.automation.tests.ErrorCodesTest"/>
  <testcase name="statusCode_415_UnsupportedMediaType" time="0.04" classname="com.automation.tests.ErrorCodesTest"/>
  <testcase name="statusCode_401_UNAUTHORIZED_addition_path" time="0.013" classname="com.automation.tests.ErrorCodesTest"/>
</testsuite> <!-- Command line test -->
