<?xml version="1.0" encoding="UTF-8" ?>
<testsuite tests="55" failures="3" name="TestSuite" time="3.441" errors="0" skipped="0">
  <properties>
    <property name="java.runtime.name" value="Java(TM) SE Runtime Environment"/>
    <property name="sun.boot.library.path" value="/Library/Java/JavaVirtualMachines/jdk1.8.0_92.jdk/Contents/Home/jre/lib"/>
    <property name="java.vm.version" value="25.92-b14"/>
    <property name="gopherProxySet" value="false"/>
    <property name="java.vm.vendor" value="Oracle Corporation"/>
    <property name="maven.multiModuleProjectDirectory" value="/Users/mohitkaushik/git/mohitkaushik1987/rest-api-automation-testing-framework"/>
    <property name="java.vendor.url" value="http://java.oracle.com/"/>
    <property name="path.separator" value=":"/>
    <property name="guice.disable.misplaced.annotation.check" value="true"/>
    <property name="java.vm.name" value="Java HotSpot(TM) 64-Bit Server VM"/>
    <property name="file.encoding.pkg" value="sun.io"/>
    <property name="user.country" value="US"/>
    <property name="sun.java.launcher" value="SUN_STANDARD"/>
    <property name="sun.os.patch.level" value="unknown"/>
    <property name="java.vm.specification.name" value="Java Virtual Machine Specification"/>
    <property name="user.dir" value="/Users/mohitkaushik/git/mohitkaushik1987/rest-api-automation-testing-framework"/>
    <property name="java.runtime.version" value="1.8.0_92-b14"/>
    <property name="java.awt.graphicsenv" value="sun.awt.CGraphicsEnvironment"/>
    <property name="java.endorsed.dirs" value="/Library/Java/JavaVirtualMachines/jdk1.8.0_92.jdk/Contents/Home/jre/lib/endorsed"/>
    <property name="os.arch" value="x86_64"/>
    <property name="java.io.tmpdir" value="/var/folders/s3/z0hlpd2n3pq7mhygws66__l00000gn/T/"/>
    <property name="line.separator" value="
"/>
    <property name="java.vm.specification.vendor" value="Oracle Corporation"/>
    <property name="os.name" value="Mac OS X"/>
    <property name="classworlds.conf" value="/Users/mohitkaushik/Documents/workspace-sts-3.9.4.RELEASE/.metadata/.plugins/org.eclipse.m2e.launching/launches/m2conf5599047323511985276.tmp"/>
    <property name="sun.jnu.encoding" value="UTF-8"/>
    <property name="java.library.path" value="/Users/mohitkaushik/Library/Java/Extensions:/Library/Java/Extensions:/Network/Library/Java/Extensions:/System/Library/Java/Extensions:/usr/lib/java:."/>
    <property name="java.specification.name" value="Java Platform API Specification"/>
    <property name="java.class.version" value="52.0"/>
    <property name="sun.management.compiler" value="HotSpot 64-Bit Tiered Compilers"/>
    <property name="os.version" value="10.13.4"/>
    <property name="http.nonProxyHosts" value="local|*.local|169.254/16|*.169.254/16"/>
    <property name="user.home" value="/Users/mohitkaushik"/>
    <property name="user.timezone" value="America/New_York"/>
    <property name="java.awt.printerjob" value="sun.lwawt.macosx.CPrinterJob"/>
    <property name="java.specification.version" value="1.8"/>
    <property name="file.encoding" value="UTF-8"/>
    <property name="user.name" value="mohitkaushik"/>
    <property name="java.class.path" value="/Applications/STS.app/Contents/Eclipse/plugins/org.eclipse.m2e.maven.runtime_1.8.3.20180227-2135/jars/plexus-classworlds-2.5.2.jar"/>
    <property name="java.vm.specification.version" value="1.8"/>
    <property name="sun.arch.data.model" value="64"/>
    <property name="java.home" value="/Library/Java/JavaVirtualMachines/jdk1.8.0_92.jdk/Contents/Home/jre"/>
    <property name="sun.java.command" value="org.codehaus.plexus.classworlds.launcher.Launcher -B install"/>
    <property name="java.specification.vendor" value="Oracle Corporation"/>
    <property name="user.language" value="en"/>
    <property name="awt.toolkit" value="sun.lwawt.macosx.LWCToolkit"/>
    <property name="java.vm.info" value="mixed mode"/>
    <property name="java.version" value="1.8.0_92"/>
    <property name="java.ext.dirs" value="/Users/mohitkaushik/Library/Java/Extensions:/Library/Java/JavaVirtualMachines/jdk1.8.0_92.jdk/Contents/Home/jre/lib/ext:/Library/Java/Extensions:/Network/Library/Java/Extensions:/System/Library/Java/Extensions:/usr/lib/java"/>
    <property name="sun.boot.class.path" value="/Library/Java/JavaVirtualMachines/jdk1.8.0_92.jdk/Contents/Home/jre/lib/resources.jar:/Library/Java/JavaVirtualMachines/jdk1.8.0_92.jdk/Contents/Home/jre/lib/rt.jar:/Library/Java/JavaVirtualMachines/jdk1.8.0_92.jdk/Contents/Home/jre/lib/sunrsasign.jar:/Library/Java/JavaVirtualMachines/jdk1.8.0_92.jdk/Contents/Home/jre/lib/jsse.jar:/Library/Java/JavaVirtualMachines/jdk1.8.0_92.jdk/Contents/Home/jre/lib/jce.jar:/Library/Java/JavaVirtualMachines/jdk1.8.0_92.jdk/Contents/Home/jre/lib/charsets.jar:/Library/Java/JavaVirtualMachines/jdk1.8.0_92.jdk/Contents/Home/jre/lib/jfr.jar:/Library/Java/JavaVirtualMachines/jdk1.8.0_92.jdk/Contents/Home/jre/classes"/>
    <property name="java.vendor" value="Oracle Corporation"/>
    <property name="maven.home" value="/Users/mohitkaushik/git/mohitkaushik1987/rest-api-automation-testing-framework/EMBEDDED"/>
    <property name="file.separator" value="/"/>
    <property name="java.vendor.url.bug" value="http://bugreport.sun.com/bugreport/"/>
    <property name="sun.cpu.endian" value="little"/>
    <property name="sun.io.unicode.encoding" value="UnicodeBig"/>
    <property name="socksNonProxyHosts" value="local|*.local|169.254/16|*.169.254/16"/>
    <property name="ftp.nonProxyHosts" value="local|*.local|169.254/16|*.169.254/16"/>
    <property name="sun.cpu.isalist" value=""/>
  </properties>
  <testcase classname="com.automation.tests.APIIntegrationTest" name="additionTest" time="1.832"/>
  <testcase classname="com.automation.tests.APIIntegrationTest" name="divisionTest" time="0.063"/>
  <testcase classname="com.automation.tests.APIIntegrationTest" name="intersectionTest" time="0.041"/>
  <testcase classname="com.automation.tests.APIIntegrationTest" name="maxTest" time="0.028"/>
  <testcase classname="com.automation.tests.APIIntegrationTest" name="minTest" time="0.051"/>
  <testcase classname="com.automation.tests.APIIntegrationTest" name="multiplytest" time="0.041"/>
  <testcase classname="com.automation.tests.APIIntegrationTest" name="unionTest" time="0.033"/>
  <testcase classname="com.automation.tests.DivisionServiceTest" name="divisionTest1_NonNumbers_400BadRequest" time="0.094"/>
  <testcase classname="com.automation.tests.DivisionServiceTest" name="divisionTest2_DivisorNull_400BadRequest" time="0.048"/>
  <testcase classname="com.automation.tests.DivisionServiceTest" name="divisionTest3_DividendNull_400BadRequest" time="0.02"/>
  <testcase classname="com.automation.tests.DivisionServiceTest" name="divisionTest4_DivisorSpecialCharacter_400BadRequest" time="0.033"/>
  <testcase classname="com.automation.tests.DivisionServiceTest" name="divisionTest5_BothNegativeNumbers_200Ok" time="0.013"/>
  <testcase classname="com.automation.tests.DivisionServiceTest" name="divisionTest6_DividendNegative_200Ok" time="0.064"/>
  <testcase classname="com.automation.tests.DivisionServiceTest" name="divisionTest6_DivisorNegative_200Ok" time="0.024"/>
  <testcase classname="com.automation.tests.DivisionServiceTest" name="divisionTest7_DividendFloat_200Ok" time="0.038">
    <failure message="expected [200] but found [400]" type="java.lang.AssertionError">java.lang.AssertionError: expected [200] but found [400]
	at org.testng.Assert.fail(Assert.java:94)
	at org.testng.Assert.failNotEquals(Assert.java:494)
	at org.testng.Assert.assertEquals(Assert.java:123)
	at org.testng.Assert.assertEquals(Assert.java:370)
	at org.testng.Assert.assertEquals(Assert.java:380)
	at com.automation.tests.DivisionServiceTest.divisionTest7_DividendFloat_200Ok(DivisionServiceTest.java:347)
</failure>
    <system-out>{&quot;dividend&quot;:&quot;4.5&quot;,&quot;divisor&quot;:&quot;2&quot;}
</system-out>
  </testcase>
  <testcase classname="com.automation.tests.DivisionServiceTest" name="divisionTest8_DivisorFloat_200Ok" time="0.053">
    <failure message="expected [200] but found [400]" type="java.lang.AssertionError">java.lang.AssertionError: expected [200] but found [400]
	at org.testng.Assert.fail(Assert.java:94)
	at org.testng.Assert.failNotEquals(Assert.java:494)
	at org.testng.Assert.assertEquals(Assert.java:123)
	at org.testng.Assert.assertEquals(Assert.java:370)
	at org.testng.Assert.assertEquals(Assert.java:380)
	at com.automation.tests.DivisionServiceTest.divisionTest8_DivisorFloat_200Ok(DivisionServiceTest.java:388)
</failure>
    <system-out>{&quot;dividend&quot;:&quot;5&quot;,&quot;divisor&quot;:&quot;2.5&quot;}
</system-out>
  </testcase>
  <testcase classname="com.automation.tests.ErrorCodesTest" name="maxTest1_NonIntegersInSet_400BadRequest" time="0.027"/>
  <testcase classname="com.automation.tests.ErrorCodesTest" name="statusCode_500_InternalServerError" time="0.024"/>
  <testcase classname="com.automation.tests.ErrorCodesTest" name="unionTest1_NonIntegersInLeftSet_400BadRequest" time="0.023"/>
  <testcase classname="com.automation.tests.MaxMinServicesTest" name="maxTest1_NonIntegersInSet_400BadRequest" time="0.026"/>
  <testcase classname="com.automation.tests.MaxMinServicesTest" name="maxTest2_SpecialCharactersInSet_400BadRequest" time="0.026"/>
  <testcase classname="com.automation.tests.MaxMinServicesTest" name="maxTest3_NegativeNumbersInSet_200Ok" time="0.022"/>
  <testcase classname="com.automation.tests.MaxMinServicesTest" name="maxTest4_AllNegativeNumbersInSet_200Ok" time="0.016"/>
  <testcase classname="com.automation.tests.MaxMinServicesTest" name="maxTest5_OneNullInSet_200Ok" time="0.015"/>
  <testcase classname="com.automation.tests.MaxMinServicesTest" name="minTest1_NonIntegersInSet_400_BadRequest" time="0.02"/>
  <testcase classname="com.automation.tests.MaxMinServicesTest" name="minTest2_SpecialCharactersInSet_400_BadRequest" time="0.016"/>
  <testcase classname="com.automation.tests.MaxMinServicesTest" name="minTest3_NegativeNumbersInSet_200_Ok" time="0.032"/>
  <testcase classname="com.automation.tests.MaxMinServicesTest" name="minTest4_AllNegativeNumbersInSet_200_Ok" time="0.029"/>
  <testcase classname="com.automation.tests.MaxMinServicesTest" name="minTest5_OneNullInSet_200_Ok" time="0.014"/>
  <testcase classname="com.automation.tests.MultiplyServiceTest" name="multiplytest1_Non_Integers_400BadRequest" time="0.04"/>
  <testcase classname="com.automation.tests.MultiplyServiceTest" name="multiplytest2_OneNumberAsNull_400BadRequest" time="0.008"/>
  <testcase classname="com.automation.tests.MultiplyServiceTest" name="multiplytest3_OneNumberAndOneSpecialCharacter_400BadRequest" time="0.018"/>
  <testcase classname="com.automation.tests.MultiplyServiceTest" name="multiplytest4_BothNegativeNumbers_200Ok" time="0.013"/>
  <testcase classname="com.automation.tests.MultiplyServiceTest" name="multiplytest5_OneNegativeInteger_200Ok" time="0.018"/>
  <testcase classname="com.automation.tests.MultiplyServiceTest" name="multiplytest6_DecimalNumbers_200Ok" time="0.041">
    <failure message="expected [200] but found [400]" type="java.lang.AssertionError">java.lang.AssertionError: expected [200] but found [400]
	at org.testng.Assert.fail(Assert.java:94)
	at org.testng.Assert.failNotEquals(Assert.java:494)
	at org.testng.Assert.assertEquals(Assert.java:123)
	at org.testng.Assert.assertEquals(Assert.java:370)
	at org.testng.Assert.assertEquals(Assert.java:380)
	at com.automation.tests.MultiplyServiceTest.multiplytest6_DecimalNumbers_200Ok(MultiplyServiceTest.java:277)
</failure>
    <system-out>Request::: {&quot;multiplicand&quot;:&quot;7.5&quot;,&quot;multiplier&quot;:&quot;2&quot;}
</system-out>
  </testcase>
  <testcase classname="com.automation.tests.UnionIntersectServiceTest" name="intersectionTest1_NonIntegersInLeftSet_400BadRequest" time="0.011"/>
  <testcase classname="com.automation.tests.UnionIntersectServiceTest" name="intersectionTest2_NonIntegersBothSets_400BadRequest" time="0.023"/>
  <testcase classname="com.automation.tests.UnionIntersectServiceTest" name="intersectionTest3_NegativeNumbersInBothSets_200Ok" time="0.06"/>
  <testcase classname="com.automation.tests.UnionIntersectServiceTest" name="intersectionTest4_NullsPresentInBothSets_200Ok" time="0.023"/>
  <testcase classname="com.automation.tests.UnionIntersectServiceTest" name="unionTest1_NonIntegersInLeftSet_400BadRequest" time="0.028"/>
  <testcase classname="com.automation.tests.UnionIntersectServiceTest" name="unionTest2_NonIntegersInRightSet_400BadRequest" time="0.027"/>
  <testcase classname="com.automation.tests.UnionIntersectServiceTest" name="unionTest3_NegativeNumbersInLeftSet_200Ok" time="0.027"/>
  <testcase classname="com.automation.tests.UnionIntersectServiceTest" name="unionTest4_NegativeNumbersInBothSets_200Ok" time="0.033"/>
  <testcase classname="com.automation.tests.UnionIntersectServiceTest" name="unionTest5_NullsInLeftSet_200Ok" time="0.019"/>
  <testcase classname="com.automation.tests.UnionIntersectServiceTest" name="unionTest6_NullsInBothSets_200Ok" time="0.015"/>
  <testcase classname="com.automation.tests.AdditionServiceTest" name="additionTest1_Non_Integers_400BadRequest" time="0.011"/>
  <testcase classname="com.automation.tests.AdditionServiceTest" name="additionTest2_OneNumberAsNull_400BadRequest" time="0.011"/>
  <testcase classname="com.automation.tests.AdditionServiceTest" name="additionTest3_OneNumberAndOneSpecialCharacter_400BadRequest" time="0.031"/>
  <testcase classname="com.automation.tests.AdditionServiceTest" name="additionTest4_NegativeNumbers_200Ok" time="0.082"/>
  <testcase classname="com.automation.tests.AdditionServiceTest" name="additionTest5_OneNegativeOnePositiveNumber_200Ok" time="0.013"/>
  <testcase classname="com.automation.tests.ErrorCodesTest" name="statusCode_404_NOT_FOUND" time="0.016"/>
  <testcase classname="com.automation.tests.ErrorCodesTest" name="additionTest_400_Bad_Request_non_integer" time="0.038"/>
  <testcase classname="com.automation.tests.ErrorCodesTest" name="statusCode_405_MethodNotAllowed" time="0.022"/>
  <testcase classname="com.automation.tests.ErrorCodesTest" name="statusCode_415_UnsupportedMediaType" time="0.024"/>
  <testcase classname="com.automation.tests.ErrorCodesTest" name="statusCode_401_UNAUTHORIZED_addition_path" time="0.023"/>
</testsuite>