<!DOCTYPE html>

<html>
  <head>
  <title>TestNG reports</title>

    <link type="text/css" href="testng-reports.css" rel="stylesheet" />  
    <script type="text/javascript" src="jquery-1.7.1.min.js"></script>
    <script type="text/javascript" src="testng-reports.js"></script>
    <script type="text/javascript" src="https://www.google.com/jsapi"></script>
    <script type='text/javascript'>
      google.load('visualization', '1', {packages:['table']});
      google.setOnLoadCallback(drawTable);
      var suiteTableInitFunctions = new Array();
      var suiteTableData = new Array();
    </script>
    <!--
      <script type="text/javascript" src="jquery-ui/js/jquery-ui-1.8.16.custom.min.js"></script>
     -->
  </head>

  <body>
    <div class="top-banner-root">
      <span class="top-banner-title-font">Test results</span>
      <br/>
      <span class="top-banner-font-1">1 suite, 3 failed tests</span>
    </div> <!-- top-banner-root -->
    <div class="navigator-root">
      <div class="navigator-suite-header">
        <span>All suites</span>
        <a href="#" class="collapse-all-link" title="Collapse/expand all the suites">
          <img class="collapse-all-icon" src="collapseall.gif">
          </img> <!-- collapse-all-icon -->
        </a> <!-- collapse-all-link -->
      </div> <!-- navigator-suite-header -->
      <div class="suite">
        <div class="rounded-window">
          <div class="suite-header light-rounded-window-top">
            <a href="#" class="navigator-link" panel-name="suite-Default_suite">
              <span class="suite-name border-failed">Default suite</span>
            </a> <!-- navigator-link -->
          </div> <!-- suite-header light-rounded-window-top -->
          <div class="navigator-suite-content">
            <div class="suite-section-title">
              <span>Info</span>
            </div> <!-- suite-section-title -->
            <div class="suite-section-content">
              <ul>
                <li>
                  <a href="#" class="navigator-link " panel-name="test-xml-Default_suite">
                    <span>testng-customsuite.xml</span>
                  </a> <!-- navigator-link  -->
                </li>
                <li>
                  <a href="#" class="navigator-link " panel-name="testlist-Default_suite">
                    <span class="test-stats">1 test</span>
                  </a> <!-- navigator-link  -->
                </li>
                <li>
                  <a href="#" class="navigator-link " panel-name="group-Default_suite">
                    <span>0 groups</span>
                  </a> <!-- navigator-link  -->
                </li>
                <li>
                  <a href="#" class="navigator-link " panel-name="times-Default_suite">
                    <span>Times</span>
                  </a> <!-- navigator-link  -->
                </li>
                <li>
                  <a href="#" class="navigator-link " panel-name="reporter-Default_suite">
                    <span>Reporter output</span>
                  </a> <!-- navigator-link  -->
                </li>
                <li>
                  <a href="#" class="navigator-link " panel-name="ignored-methods-Default_suite">
                    <span>Ignored methods</span>
                  </a> <!-- navigator-link  -->
                </li>
                <li>
                  <a href="#" class="navigator-link " panel-name="chronological-Default_suite">
                    <span>Chronological view</span>
                  </a> <!-- navigator-link  -->
                </li>
              </ul>
            </div> <!-- suite-section-content -->
            <div class="result-section">
              <div class="suite-section-title">
                <span>Results</span>
              </div> <!-- suite-section-title -->
              <div class="suite-section-content">
                <ul>
                  <li>
                    <span class="method-stats">55 methods, 3 failed,   52 passed</span>
                  </li>
                  <li>
                    <span class="method-list-title failed">Failed methods</span>
                    <span class="show-or-hide-methods failed">
                      <a href="#" panel-name="suite-Default_suite" class="hide-methods failed suite-Default_suite"> (hide)</a> <!-- hide-methods failed suite-Default_suite -->
                      <a href="#" panel-name="suite-Default_suite" class="show-methods failed suite-Default_suite"> (show)</a> <!-- show-methods failed suite-Default_suite -->
                    </span>
                    <div class="method-list-content failed suite-Default_suite">
                      <span>
                        <img width="3%" src="failed.png"/>
                        <a href="#" class="method navigator-link" panel-name="suite-Default_suite" title="com.automation.tests.DivisionServiceTest" hash-for-method="divisionTest7_DividendFloat_200Ok">divisionTest7_DividendFloat_200Ok</a> <!-- method navigator-link -->
                      </span>
                      <br/>
                      <span>
                        <img width="3%" src="failed.png"/>
                        <a href="#" class="method navigator-link" panel-name="suite-Default_suite" title="com.automation.tests.DivisionServiceTest" hash-for-method="divisionTest8_DivisorFloat_200Ok">divisionTest8_DivisorFloat_200Ok</a> <!-- method navigator-link -->
                      </span>
                      <br/>
                      <span>
                        <img width="3%" src="failed.png"/>
                        <a href="#" class="method navigator-link" panel-name="suite-Default_suite" title="com.automation.tests.MultiplyServiceTest" hash-for-method="multiplytest6_DecimalNumbers_200Ok">multiplytest6_DecimalNumbers_200Ok</a> <!-- method navigator-link -->
                      </span>
                      <br/>
                    </div> <!-- method-list-content failed suite-Default_suite -->
                  </li>
                  <li>
                    <span class="method-list-title passed">Passed methods</span>
                    <span class="show-or-hide-methods passed">
                      <a href="#" panel-name="suite-Default_suite" class="hide-methods passed suite-Default_suite"> (hide)</a> <!-- hide-methods passed suite-Default_suite -->
                      <a href="#" panel-name="suite-Default_suite" class="show-methods passed suite-Default_suite"> (show)</a> <!-- show-methods passed suite-Default_suite -->
                    </span>
                    <div class="method-list-content passed suite-Default_suite">
                      <span>
                        <img width="3%" src="passed.png"/>
                        <a href="#" class="method navigator-link" panel-name="suite-Default_suite" title="com.automation.tests.APIIntegrationTest" hash-for-method="additionTest">additionTest</a> <!-- method navigator-link -->
                      </span>
                      <br/>
                      <span>
                        <img width="3%" src="passed.png"/>
                        <a href="#" class="method navigator-link" panel-name="suite-Default_suite" title="com.automation.tests.AdditionServiceTest" hash-for-method="additionTest1_Non_Integers_400BadRequest">additionTest1_Non_Integers_400BadRequest</a> <!-- method navigator-link -->
                      </span>
                      <br/>
                      <span>
                        <img width="3%" src="passed.png"/>
                        <a href="#" class="method navigator-link" panel-name="suite-Default_suite" title="com.automation.tests.AdditionServiceTest" hash-for-method="additionTest2_OneNumberAsNull_400BadRequest">additionTest2_OneNumberAsNull_400BadRequest</a> <!-- method navigator-link -->
                      </span>
                      <br/>
                      <span>
                        <img width="3%" src="passed.png"/>
                        <a href="#" class="method navigator-link" panel-name="suite-Default_suite" title="com.automation.tests.AdditionServiceTest" hash-for-method="additionTest3_OneNumberAndOneSpecialCharacter_400BadRequest">additionTest3_OneNumberAndOneSpecialCharacter_400BadRequest</a> <!-- method navigator-link -->
                      </span>
                      <br/>
                      <span>
                        <img width="3%" src="passed.png"/>
                        <a href="#" class="method navigator-link" panel-name="suite-Default_suite" title="com.automation.tests.AdditionServiceTest" hash-for-method="additionTest4_NegativeNumbers_200Ok">additionTest4_NegativeNumbers_200Ok</a> <!-- method navigator-link -->
                      </span>
                      <br/>
                      <span>
                        <img width="3%" src="passed.png"/>
                        <a href="#" class="method navigator-link" panel-name="suite-Default_suite" title="com.automation.tests.AdditionServiceTest" hash-for-method="additionTest5_OneNegativeOnePositiveNumber_200Ok">additionTest5_OneNegativeOnePositiveNumber_200Ok</a> <!-- method navigator-link -->
                      </span>
                      <br/>
                      <span>
                        <img width="3%" src="passed.png"/>
                        <a href="#" class="method navigator-link" panel-name="suite-Default_suite" title="com.automation.tests.ErrorCodesTest" hash-for-method="additionTest_400_Bad_Request_non_integer">additionTest_400_Bad_Request_non_integer</a> <!-- method navigator-link -->
                      </span>
                      <br/>
                      <span>
                        <img width="3%" src="passed.png"/>
                        <a href="#" class="method navigator-link" panel-name="suite-Default_suite" title="com.automation.tests.APIIntegrationTest" hash-for-method="divisionTest">divisionTest</a> <!-- method navigator-link -->
                      </span>
                      <br/>
                      <span>
                        <img width="3%" src="passed.png"/>
                        <a href="#" class="method navigator-link" panel-name="suite-Default_suite" title="com.automation.tests.DivisionServiceTest" hash-for-method="divisionTest1_NonNumbers_400BadRequest">divisionTest1_NonNumbers_400BadRequest</a> <!-- method navigator-link -->
                      </span>
                      <br/>
                      <span>
                        <img width="3%" src="passed.png"/>
                        <a href="#" class="method navigator-link" panel-name="suite-Default_suite" title="com.automation.tests.DivisionServiceTest" hash-for-method="divisionTest2_DivisorNull_400BadRequest">divisionTest2_DivisorNull_400BadRequest</a> <!-- method navigator-link -->
                      </span>
                      <br/>
                      <span>
                        <img width="3%" src="passed.png"/>
                        <a href="#" class="method navigator-link" panel-name="suite-Default_suite" title="com.automation.tests.DivisionServiceTest" hash-for-method="divisionTest3_DividendNull_400BadRequest">divisionTest3_DividendNull_400BadRequest</a> <!-- method navigator-link -->
                      </span>
                      <br/>
                      <span>
                        <img width="3%" src="passed.png"/>
                        <a href="#" class="method navigator-link" panel-name="suite-Default_suite" title="com.automation.tests.DivisionServiceTest" hash-for-method="divisionTest4_DivisorSpecialCharacter_400BadRequest">divisionTest4_DivisorSpecialCharacter_400BadRequest</a> <!-- method navigator-link -->
                      </span>
                      <br/>
                      <span>
                        <img width="3%" src="passed.png"/>
                        <a href="#" class="method navigator-link" panel-name="suite-Default_suite" title="com.automation.tests.DivisionServiceTest" hash-for-method="divisionTest5_BothNegativeNumbers_200Ok">divisionTest5_BothNegativeNumbers_200Ok</a> <!-- method navigator-link -->
                      </span>
                      <br/>
                      <span>
                        <img width="3%" src="passed.png"/>
                        <a href="#" class="method navigator-link" panel-name="suite-Default_suite" title="com.automation.tests.DivisionServiceTest" hash-for-method="divisionTest6_DividendNegative_200Ok">divisionTest6_DividendNegative_200Ok</a> <!-- method navigator-link -->
                      </span>
                      <br/>
                      <span>
                        <img width="3%" src="passed.png"/>
                        <a href="#" class="method navigator-link" panel-name="suite-Default_suite" title="com.automation.tests.DivisionServiceTest" hash-for-method="divisionTest6_DivisorNegative_200Ok">divisionTest6_DivisorNegative_200Ok</a> <!-- method navigator-link -->
                      </span>
                      <br/>
                      <span>
                        <img width="3%" src="passed.png"/>
                        <a href="#" class="method navigator-link" panel-name="suite-Default_suite" title="com.automation.tests.APIIntegrationTest" hash-for-method="intersectionTest">intersectionTest</a> <!-- method navigator-link -->
                      </span>
                      <br/>
                      <span>
                        <img width="3%" src="passed.png"/>
                        <a href="#" class="method navigator-link" panel-name="suite-Default_suite" title="com.automation.tests.UnionIntersectServiceTest" hash-for-method="intersectionTest1_NonIntegersInLeftSet_400BadRequest">intersectionTest1_NonIntegersInLeftSet_400BadRequest</a> <!-- method navigator-link -->
                      </span>
                      <br/>
                      <span>
                        <img width="3%" src="passed.png"/>
                        <a href="#" class="method navigator-link" panel-name="suite-Default_suite" title="com.automation.tests.UnionIntersectServiceTest" hash-for-method="intersectionTest2_NonIntegersBothSets_400BadRequest">intersectionTest2_NonIntegersBothSets_400BadRequest</a> <!-- method navigator-link -->
                      </span>
                      <br/>
                      <span>
                        <img width="3%" src="passed.png"/>
                        <a href="#" class="method navigator-link" panel-name="suite-Default_suite" title="com.automation.tests.UnionIntersectServiceTest" hash-for-method="intersectionTest3_NegativeNumbersInBothSets_200Ok">intersectionTest3_NegativeNumbersInBothSets_200Ok</a> <!-- method navigator-link -->
                      </span>
                      <br/>
                      <span>
                        <img width="3%" src="passed.png"/>
                        <a href="#" class="method navigator-link" panel-name="suite-Default_suite" title="com.automation.tests.UnionIntersectServiceTest" hash-for-method="intersectionTest4_NullsPresentInBothSets_200Ok">intersectionTest4_NullsPresentInBothSets_200Ok</a> <!-- method navigator-link -->
                      </span>
                      <br/>
                      <span>
                        <img width="3%" src="passed.png"/>
                        <a href="#" class="method navigator-link" panel-name="suite-Default_suite" title="com.automation.tests.APIIntegrationTest" hash-for-method="maxTest">maxTest</a> <!-- method navigator-link -->
                      </span>
                      <br/>
                      <span>
                        <img width="3%" src="passed.png"/>
                        <a href="#" class="method navigator-link" panel-name="suite-Default_suite" title="com.automation.tests.ErrorCodesTest" hash-for-method="maxTest1_NonIntegersInSet_400BadRequest">maxTest1_NonIntegersInSet_400BadRequest</a> <!-- method navigator-link -->
                      </span>
                      <br/>
                      <span>
                        <img width="3%" src="passed.png"/>
                        <a href="#" class="method navigator-link" panel-name="suite-Default_suite" title="com.automation.tests.MaxMinServicesTest" hash-for-method="maxTest1_NonIntegersInSet_400BadRequest">maxTest1_NonIntegersInSet_400BadRequest</a> <!-- method navigator-link -->
                      </span>
                      <br/>
                      <span>
                        <img width="3%" src="passed.png"/>
                        <a href="#" class="method navigator-link" panel-name="suite-Default_suite" title="com.automation.tests.MaxMinServicesTest" hash-for-method="maxTest2_SpecialCharactersInSet_400BadRequest">maxTest2_SpecialCharactersInSet_400BadRequest</a> <!-- method navigator-link -->
                      </span>
                      <br/>
                      <span>
                        <img width="3%" src="passed.png"/>
                        <a href="#" class="method navigator-link" panel-name="suite-Default_suite" title="com.automation.tests.MaxMinServicesTest" hash-for-method="maxTest3_NegativeNumbersInSet_200Ok">maxTest3_NegativeNumbersInSet_200Ok</a> <!-- method navigator-link -->
                      </span>
                      <br/>
                      <span>
                        <img width="3%" src="passed.png"/>
                        <a href="#" class="method navigator-link" panel-name="suite-Default_suite" title="com.automation.tests.MaxMinServicesTest" hash-for-method="maxTest4_AllNegativeNumbersInSet_200Ok">maxTest4_AllNegativeNumbersInSet_200Ok</a> <!-- method navigator-link -->
                      </span>
                      <br/>
                      <span>
                        <img width="3%" src="passed.png"/>
                        <a href="#" class="method navigator-link" panel-name="suite-Default_suite" title="com.automation.tests.MaxMinServicesTest" hash-for-method="maxTest5_OneNullInSet_200Ok">maxTest5_OneNullInSet_200Ok</a> <!-- method navigator-link -->
                      </span>
                      <br/>
                      <span>
                        <img width="3%" src="passed.png"/>
                        <a href="#" class="method navigator-link" panel-name="suite-Default_suite" title="com.automation.tests.APIIntegrationTest" hash-for-method="minTest">minTest</a> <!-- method navigator-link -->
                      </span>
                      <br/>
                      <span>
                        <img width="3%" src="passed.png"/>
                        <a href="#" class="method navigator-link" panel-name="suite-Default_suite" title="com.automation.tests.MaxMinServicesTest" hash-for-method="minTest1_NonIntegersInSet_400_BadRequest">minTest1_NonIntegersInSet_400_BadRequest</a> <!-- method navigator-link -->
                      </span>
                      <br/>
                      <span>
                        <img width="3%" src="passed.png"/>
                        <a href="#" class="method navigator-link" panel-name="suite-Default_suite" title="com.automation.tests.MaxMinServicesTest" hash-for-method="minTest2_SpecialCharactersInSet_400_BadRequest">minTest2_SpecialCharactersInSet_400_BadRequest</a> <!-- method navigator-link -->
                      </span>
                      <br/>
                      <span>
                        <img width="3%" src="passed.png"/>
                        <a href="#" class="method navigator-link" panel-name="suite-Default_suite" title="com.automation.tests.MaxMinServicesTest" hash-for-method="minTest3_NegativeNumbersInSet_200_Ok">minTest3_NegativeNumbersInSet_200_Ok</a> <!-- method navigator-link -->
                      </span>
                      <br/>
                      <span>
                        <img width="3%" src="passed.png"/>
                        <a href="#" class="method navigator-link" panel-name="suite-Default_suite" title="com.automation.tests.MaxMinServicesTest" hash-for-method="minTest4_AllNegativeNumbersInSet_200_Ok">minTest4_AllNegativeNumbersInSet_200_Ok</a> <!-- method navigator-link -->
                      </span>
                      <br/>
                      <span>
                        <img width="3%" src="passed.png"/>
                        <a href="#" class="method navigator-link" panel-name="suite-Default_suite" title="com.automation.tests.MaxMinServicesTest" hash-for-method="minTest5_OneNullInSet_200_Ok">minTest5_OneNullInSet_200_Ok</a> <!-- method navigator-link -->
                      </span>
                      <br/>
                      <span>
                        <img width="3%" src="passed.png"/>
                        <a href="#" class="method navigator-link" panel-name="suite-Default_suite" title="com.automation.tests.APIIntegrationTest" hash-for-method="multiplytest">multiplytest</a> <!-- method navigator-link -->
                      </span>
                      <br/>
                      <span>
                        <img width="3%" src="passed.png"/>
                        <a href="#" class="method navigator-link" panel-name="suite-Default_suite" title="com.automation.tests.MultiplyServiceTest" hash-for-method="multiplytest1_Non_Integers_400BadRequest">multiplytest1_Non_Integers_400BadRequest</a> <!-- method navigator-link -->
                      </span>
                      <br/>
                      <span>
                        <img width="3%" src="passed.png"/>
                        <a href="#" class="method navigator-link" panel-name="suite-Default_suite" title="com.automation.tests.MultiplyServiceTest" hash-for-method="multiplytest2_OneNumberAsNull_400BadRequest">multiplytest2_OneNumberAsNull_400BadRequest</a> <!-- method navigator-link -->
                      </span>
                      <br/>
                      <span>
                        <img width="3%" src="passed.png"/>
                        <a href="#" class="method navigator-link" panel-name="suite-Default_suite" title="com.automation.tests.MultiplyServiceTest" hash-for-method="multiplytest3_OneNumberAndOneSpecialCharacter_400BadRequest">multiplytest3_OneNumberAndOneSpecialCharacter_400BadRequest</a> <!-- method navigator-link -->
                      </span>
                      <br/>
                      <span>
                        <img width="3%" src="passed.png"/>
                        <a href="#" class="method navigator-link" panel-name="suite-Default_suite" title="com.automation.tests.MultiplyServiceTest" hash-for-method="multiplytest4_BothNegativeNumbers_200Ok">multiplytest4_BothNegativeNumbers_200Ok</a> <!-- method navigator-link -->
                      </span>
                      <br/>
                      <span>
                        <img width="3%" src="passed.png"/>
                        <a href="#" class="method navigator-link" panel-name="suite-Default_suite" title="com.automation.tests.MultiplyServiceTest" hash-for-method="multiplytest5_OneNegativeInteger_200Ok">multiplytest5_OneNegativeInteger_200Ok</a> <!-- method navigator-link -->
                      </span>
                      <br/>
                      <span>
                        <img width="3%" src="passed.png"/>
                        <a href="#" class="method navigator-link" panel-name="suite-Default_suite" title="com.automation.tests.ErrorCodesTest" hash-for-method="statusCode_401_UNAUTHORIZED_addition_path">statusCode_401_UNAUTHORIZED_addition_path</a> <!-- method navigator-link -->
                      </span>
                      <br/>
                      <span>
                        <img width="3%" src="passed.png"/>
                        <a href="#" class="method navigator-link" panel-name="suite-Default_suite" title="com.automation.tests.ErrorCodesTest" hash-for-method="statusCode_404_NOT_FOUND">statusCode_404_NOT_FOUND</a> <!-- method navigator-link -->
                      </span>
                      <br/>
                      <span>
                        <img width="3%" src="passed.png"/>
                        <a href="#" class="method navigator-link" panel-name="suite-Default_suite" title="com.automation.tests.ErrorCodesTest" hash-for-method="statusCode_405_MethodNotAllowed">statusCode_405_MethodNotAllowed</a> <!-- method navigator-link -->
                      </span>
                      <br/>
                      <span>
                        <img width="3%" src="passed.png"/>
                        <a href="#" class="method navigator-link" panel-name="suite-Default_suite" title="com.automation.tests.ErrorCodesTest" hash-for-method="statusCode_415_UnsupportedMediaType">statusCode_415_UnsupportedMediaType</a> <!-- method navigator-link -->
                      </span>
                      <br/>
                      <span>
                        <img width="3%" src="passed.png"/>
                        <a href="#" class="method navigator-link" panel-name="suite-Default_suite" title="com.automation.tests.ErrorCodesTest" hash-for-method="statusCode_500_InternalServerError">statusCode_500_InternalServerError</a> <!-- method navigator-link -->
                      </span>
                      <br/>
                      <span>
                        <img width="3%" src="passed.png"/>
                        <a href="#" class="method navigator-link" panel-name="suite-Default_suite" title="com.automation.tests.APIIntegrationTest" hash-for-method="unionTest">unionTest</a> <!-- method navigator-link -->
                      </span>
                      <br/>
                      <span>
                        <img width="3%" src="passed.png"/>
                        <a href="#" class="method navigator-link" panel-name="suite-Default_suite" title="com.automation.tests.ErrorCodesTest" hash-for-method="unionTest1_NonIntegersInLeftSet_400BadRequest">unionTest1_NonIntegersInLeftSet_400BadRequest</a> <!-- method navigator-link -->
                      </span>
                      <br/>
                      <span>
                        <img width="3%" src="passed.png"/>
                        <a href="#" class="method navigator-link" panel-name="suite-Default_suite" title="com.automation.tests.UnionIntersectServiceTest" hash-for-method="unionTest1_NonIntegersInLeftSet_400BadRequest">unionTest1_NonIntegersInLeftSet_400BadRequest</a> <!-- method navigator-link -->
                      </span>
                      <br/>
                      <span>
                        <img width="3%" src="passed.png"/>
                        <a href="#" class="method navigator-link" panel-name="suite-Default_suite" title="com.automation.tests.UnionIntersectServiceTest" hash-for-method="unionTest2_NonIntegersInRightSet_400BadRequest">unionTest2_NonIntegersInRightSet_400BadRequest</a> <!-- method navigator-link -->
                      </span>
                      <br/>
                      <span>
                        <img width="3%" src="passed.png"/>
                        <a href="#" class="method navigator-link" panel-name="suite-Default_suite" title="com.automation.tests.UnionIntersectServiceTest" hash-for-method="unionTest3_NegativeNumbersInLeftSet_200Ok">unionTest3_NegativeNumbersInLeftSet_200Ok</a> <!-- method navigator-link -->
                      </span>
                      <br/>
                      <span>
                        <img width="3%" src="passed.png"/>
                        <a href="#" class="method navigator-link" panel-name="suite-Default_suite" title="com.automation.tests.UnionIntersectServiceTest" hash-for-method="unionTest4_NegativeNumbersInBothSets_200Ok">unionTest4_NegativeNumbersInBothSets_200Ok</a> <!-- method navigator-link -->
                      </span>
                      <br/>
                      <span>
                        <img width="3%" src="passed.png"/>
                        <a href="#" class="method navigator-link" panel-name="suite-Default_suite" title="com.automation.tests.UnionIntersectServiceTest" hash-for-method="unionTest5_NullsInLeftSet_200Ok">unionTest5_NullsInLeftSet_200Ok</a> <!-- method navigator-link -->
                      </span>
                      <br/>
                      <span>
                        <img width="3%" src="passed.png"/>
                        <a href="#" class="method navigator-link" panel-name="suite-Default_suite" title="com.automation.tests.UnionIntersectServiceTest" hash-for-method="unionTest6_NullsInBothSets_200Ok">unionTest6_NullsInBothSets_200Ok</a> <!-- method navigator-link -->
                      </span>
                      <br/>
                    </div> <!-- method-list-content passed suite-Default_suite -->
                  </li>
                </ul>
              </div> <!-- suite-section-content -->
            </div> <!-- result-section -->
          </div> <!-- navigator-suite-content -->
        </div> <!-- rounded-window -->
      </div> <!-- suite -->
    </div> <!-- navigator-root -->
    <div class="wrapper">
      <div class="main-panel-root">
        <div panel-name="suite-Default_suite" class="panel Default_suite">
          <div class="suite-Default_suite-class-failed">
            <div class="main-panel-header rounded-window-top">
              <img src="failed.png"/>
              <span class="class-name">com.automation.tests.DivisionServiceTest</span>
            </div> <!-- main-panel-header rounded-window-top -->
            <div class="main-panel-content rounded-window-bottom">
              <div class="method">
                <div class="method-content">
                  <a name="divisionTest7_DividendFloat_200Ok">
                  </a> <!-- divisionTest7_DividendFloat_200Ok -->
                  <span class="method-name">divisionTest7_DividendFloat_200Ok</span>
                  <div class="stack-trace"><b>"java.lang.AssertionError: expected [200] but found [400]
	at org.testng.Assert.fail(Assert.java:94)
	at org.testng.Assert.failNotEquals(Assert.java:494)
	at org.testng.Assert.assertEquals(Assert.java:123)
	at org.testng.Assert.assertEquals(Assert.java:370)
	at org.testng.Assert.assertEquals(Assert.java:380)
	at com.automation.tests.DivisionServiceTest.divisionTest7_DividendFloat_200Ok(DivisionServiceTest.java:347)
	at sun.reflect.NativeMethodAccessorImpl.invoke0(Native Method)
	at sun.reflect.NativeMethodAccessorImpl.invoke(NativeMethodAccessorImpl.java:62)
	at sun.reflect.DelegatingMethodAccessorImpl.invoke(DelegatingMethodAccessorImpl.java:43)
	at java.lang.reflect.Method.invoke(Method.java:498)
	at org.testng.internal.MethodInvocationHelper.invokeMethod(MethodInvocationHelper.java:80)
	at org.testng.internal.Invoker.invokeMethod(Invoker.java:714)
	at org.testng.internal.Invoker.invokeTestMethod(Invoker.java:901)
	at org.testng.internal.Invoker.invokeTestMethods(Invoker.java:1231)
	at org.testng.internal.TestMethodWorker.invokeTestMethods(TestMethodWorker.java:127)
	at org.testng.internal.TestMethodWorker.run(TestMethodWorker.java:111)
	at org.testng.TestRunner.privateRun(TestRunner.java:767)
	at org.testng.TestRunner.run(TestRunner.java:617)
	at org.testng.SuiteRunner.runTest(SuiteRunner.java:334)
	at org.testng.SuiteRunner.runSequentially(SuiteRunner.java:329)
	at org.testng.SuiteRunner.privateRun(SuiteRunner.java:291)
	at org.testng.SuiteRunner.run(SuiteRunner.java:240)
	at org.testng.SuiteRunnerWorker.runSuite(SuiteRunnerWorker.java:52)
	at org.testng.SuiteRunnerWorker.run(SuiteRunnerWorker.java:86)
	at org.testng.TestNG.runSuitesSequentially(TestNG.java:1198)
	at org.testng.TestNG.runSuitesLocally(TestNG.java:1123)
	at org.testng.TestNG.run(TestNG.java:1031)
	at org.testng.remote.AbstractRemoteTestNG.run(AbstractRemoteTestNG.java:114)
	at org.testng.remote.RemoteTestNG.initAndRun(RemoteTestNG.java:251)
	at org.testng.remote.RemoteTestNG.main(RemoteTestNG.java:77)
<br/> java.lang.AssertionError: expected [200] but found [400]
	at org.testng.Assert.fail(Assert.java:94)
	at org.testng.Assert.failNotEquals(Assert.java:494)
	at org.testng.Assert.assertEquals(Assert.java:123)
	at org.testng.Assert.assertEquals(Assert.java:370)
	at org.testng.Assert.assertEquals(Assert.java:380)
	at com.automation.tests.DivisionServiceTest.divisionTest7_DividendFloat_200Ok(DivisionServiceTest.java:347)
	at sun.reflect.NativeMethodAccessorImpl.invoke0(Native Method)
	at sun.reflect.NativeMethodAccessorImpl.invoke(NativeMethodAccessorImpl.java:62)
	at sun.reflect.DelegatingMethodAccessorImpl.invoke(DelegatingMethodAccessorImpl.java:43)
	at java.lang.reflect.Method.invoke(Method.java:498)
	at org.testng.internal.MethodInvocationHelper.invokeMethod(MethodInvocationHelper.java:80)
	at org.testng.internal.Invoker.invokeMethod(Invoker.java:714)
	at org.testng.internal.Invoker.invokeTestMethod(Invoker.java:901)
	at org.testng.internal.Invoker.invokeTestMethods(Invoker.java:1231)
	at org.testng.internal.TestMethodWorker.invokeTestMethods(TestMethodWorker.java:127)
	at org.testng.internal.TestMethodWorker.run(TestMethodWorker.java:111)
	at org.testng.TestRunner.privateRun(TestRunner.java:767)
	at org.testng.TestRunner.run(TestRunner.java:617)
	at org.testng.SuiteRunner.runTest(SuiteRunner.java:334)
	at org.testng.SuiteRunner.runSequentially(SuiteRunner.java:329)
	at org.testng.SuiteRunner.privateRun(SuiteRunner.java:291)
	at org.testng.SuiteRunner.run(SuiteRunner.java:240)
	at org.testng.SuiteRunnerWorker.runSuite(SuiteRunnerWorker.java:52)
	at org.testng.SuiteRunnerWorker.run(SuiteRunnerWorker.java:86)
	at org.testng.TestNG.runSuitesSequentially(TestNG.java:1198)
	at org.testng.TestNG.runSuitesLocally(TestNG.java:1123)
	at org.testng.TestNG.run(TestNG.java:1031)
	at org.testng.remote.AbstractRemoteTestNG.run(AbstractRemoteTestNG.java:114)
	at org.testng.remote.RemoteTestNG.initAndRun(RemoteTestNG.java:251)
	at org.testng.remote.RemoteTestNG.main(RemoteTestNG.java:77)
"</b><br>org.testng.Assert.fail(Assert.java:94)<br>org.testng.Assert.failNotEquals(Assert.java:494)<br>org.testng.Assert.assertEquals(Assert.java:123)<br>org.testng.Assert.assertEquals(Assert.java:370)<br>org.testng.Assert.assertEquals(Assert.java:380)<br>com.automation.tests.DivisionServiceTest.divisionTest7_DividendFloat_200Ok(DivisionServiceTest.java:347)<br>sun.reflect.NativeMethodAccessorImpl.invoke0(Native Method)<br>sun.reflect.NativeMethodAccessorImpl.invoke(NativeMethodAccessorImpl.java:62)<br>sun.reflect.DelegatingMethodAccessorImpl.invoke(DelegatingMethodAccessorImpl.java:43)<br>java.lang.reflect.Method.invoke(Method.java:498)<br>org.testng.internal.MethodInvocationHelper.invokeMethod(MethodInvocationHelper.java:80)<br>org.testng.internal.Invoker.invokeMethod(Invoker.java:714)<br>org.testng.internal.Invoker.invokeTestMethod(Invoker.java:901)<br>org.testng.internal.Invoker.invokeTestMethods(Invoker.java:1231)<br>org.testng.internal.TestMethodWorker.invokeTestMethods(TestMethodWorker.java:127)<br>org.testng.internal.TestMethodWorker.run(TestMethodWorker.java:111)<br>org.testng.TestRunner.privateRun(TestRunner.java:767)<br>org.testng.TestRunner.run(TestRunner.java:617)<br>org.testng.SuiteRunner.runTest(SuiteRunner.java:334)<br>org.testng.SuiteRunner.runSequentially(SuiteRunner.java:329)<br>org.testng.SuiteRunner.privateRun(SuiteRunner.java:291)<br>org.testng.SuiteRunner.run(SuiteRunner.java:240)<br>org.testng.SuiteRunnerWorker.runSuite(SuiteRunnerWorker.java:52)<br>org.testng.SuiteRunnerWorker.run(SuiteRunnerWorker.java:86)<br>org.testng.TestNG.runSuitesSequentially(TestNG.java:1198)<br>org.testng.TestNG.runSuitesLocally(TestNG.java:1123)<br>org.testng.TestNG.run(TestNG.java:1031)<br>org.testng.remote.AbstractRemoteTestNG.run(AbstractRemoteTestNG.java:114)<br>org.testng.remote.RemoteTestNG.initAndRun(RemoteTestNG.java:251)<br>org.testng.remote.RemoteTestNG.main(RemoteTestNG.java:77)<br>
</div> <!-- stack-trace -->
                </div> <!-- method-content -->
              </div> <!-- method -->
              <div class="method">
                <div class="method-content">
                  <a name="divisionTest8_DivisorFloat_200Ok">
                  </a> <!-- divisionTest8_DivisorFloat_200Ok -->
                  <span class="method-name">divisionTest8_DivisorFloat_200Ok</span>
                  <div class="stack-trace"><b>"java.lang.AssertionError: expected [200] but found [400]
	at org.testng.Assert.fail(Assert.java:94)
	at org.testng.Assert.failNotEquals(Assert.java:494)
	at org.testng.Assert.assertEquals(Assert.java:123)
	at org.testng.Assert.assertEquals(Assert.java:370)
	at org.testng.Assert.assertEquals(Assert.java:380)
	at com.automation.tests.DivisionServiceTest.divisionTest8_DivisorFloat_200Ok(DivisionServiceTest.java:388)
	at sun.reflect.NativeMethodAccessorImpl.invoke0(Native Method)
	at sun.reflect.NativeMethodAccessorImpl.invoke(NativeMethodAccessorImpl.java:62)
	at sun.reflect.DelegatingMethodAccessorImpl.invoke(DelegatingMethodAccessorImpl.java:43)
	at java.lang.reflect.Method.invoke(Method.java:498)
	at org.testng.internal.MethodInvocationHelper.invokeMethod(MethodInvocationHelper.java:80)
	at org.testng.internal.Invoker.invokeMethod(Invoker.java:714)
	at org.testng.internal.Invoker.invokeTestMethod(Invoker.java:901)
	at org.testng.internal.Invoker.invokeTestMethods(Invoker.java:1231)
	at org.testng.internal.TestMethodWorker.invokeTestMethods(TestMethodWorker.java:127)
	at org.testng.internal.TestMethodWorker.run(TestMethodWorker.java:111)
	at org.testng.TestRunner.privateRun(TestRunner.java:767)
	at org.testng.TestRunner.run(TestRunner.java:617)
	at org.testng.SuiteRunner.runTest(SuiteRunner.java:334)
	at org.testng.SuiteRunner.runSequentially(SuiteRunner.java:329)
	at org.testng.SuiteRunner.privateRun(SuiteRunner.java:291)
	at org.testng.SuiteRunner.run(SuiteRunner.java:240)
	at org.testng.SuiteRunnerWorker.runSuite(SuiteRunnerWorker.java:52)
	at org.testng.SuiteRunnerWorker.run(SuiteRunnerWorker.java:86)
	at org.testng.TestNG.runSuitesSequentially(TestNG.java:1198)
	at org.testng.TestNG.runSuitesLocally(TestNG.java:1123)
	at org.testng.TestNG.run(TestNG.java:1031)
	at org.testng.remote.AbstractRemoteTestNG.run(AbstractRemoteTestNG.java:114)
	at org.testng.remote.RemoteTestNG.initAndRun(RemoteTestNG.java:251)
	at org.testng.remote.RemoteTestNG.main(RemoteTestNG.java:77)
<br/> java.lang.AssertionError: expected [200] but found [400]
	at org.testng.Assert.fail(Assert.java:94)
	at org.testng.Assert.failNotEquals(Assert.java:494)
	at org.testng.Assert.assertEquals(Assert.java:123)
	at org.testng.Assert.assertEquals(Assert.java:370)
	at org.testng.Assert.assertEquals(Assert.java:380)
	at com.automation.tests.DivisionServiceTest.divisionTest8_DivisorFloat_200Ok(DivisionServiceTest.java:388)
	at sun.reflect.NativeMethodAccessorImpl.invoke0(Native Method)
	at sun.reflect.NativeMethodAccessorImpl.invoke(NativeMethodAccessorImpl.java:62)
	at sun.reflect.DelegatingMethodAccessorImpl.invoke(DelegatingMethodAccessorImpl.java:43)
	at java.lang.reflect.Method.invoke(Method.java:498)
	at org.testng.internal.MethodInvocationHelper.invokeMethod(MethodInvocationHelper.java:80)
	at org.testng.internal.Invoker.invokeMethod(Invoker.java:714)
	at org.testng.internal.Invoker.invokeTestMethod(Invoker.java:901)
	at org.testng.internal.Invoker.invokeTestMethods(Invoker.java:1231)
	at org.testng.internal.TestMethodWorker.invokeTestMethods(TestMethodWorker.java:127)
	at org.testng.internal.TestMethodWorker.run(TestMethodWorker.java:111)
	at org.testng.TestRunner.privateRun(TestRunner.java:767)
	at org.testng.TestRunner.run(TestRunner.java:617)
	at org.testng.SuiteRunner.runTest(SuiteRunner.java:334)
	at org.testng.SuiteRunner.runSequentially(SuiteRunner.java:329)
	at org.testng.SuiteRunner.privateRun(SuiteRunner.java:291)
	at org.testng.SuiteRunner.run(SuiteRunner.java:240)
	at org.testng.SuiteRunnerWorker.runSuite(SuiteRunnerWorker.java:52)
	at org.testng.SuiteRunnerWorker.run(SuiteRunnerWorker.java:86)
	at org.testng.TestNG.runSuitesSequentially(TestNG.java:1198)
	at org.testng.TestNG.runSuitesLocally(TestNG.java:1123)
	at org.testng.TestNG.run(TestNG.java:1031)
	at org.testng.remote.AbstractRemoteTestNG.run(AbstractRemoteTestNG.java:114)
	at org.testng.remote.RemoteTestNG.initAndRun(RemoteTestNG.java:251)
	at org.testng.remote.RemoteTestNG.main(RemoteTestNG.java:77)
"</b><br>org.testng.Assert.fail(Assert.java:94)<br>org.testng.Assert.failNotEquals(Assert.java:494)<br>org.testng.Assert.assertEquals(Assert.java:123)<br>org.testng.Assert.assertEquals(Assert.java:370)<br>org.testng.Assert.assertEquals(Assert.java:380)<br>com.automation.tests.DivisionServiceTest.divisionTest8_DivisorFloat_200Ok(DivisionServiceTest.java:388)<br>sun.reflect.NativeMethodAccessorImpl.invoke0(Native Method)<br>sun.reflect.NativeMethodAccessorImpl.invoke(NativeMethodAccessorImpl.java:62)<br>sun.reflect.DelegatingMethodAccessorImpl.invoke(DelegatingMethodAccessorImpl.java:43)<br>java.lang.reflect.Method.invoke(Method.java:498)<br>org.testng.internal.MethodInvocationHelper.invokeMethod(MethodInvocationHelper.java:80)<br>org.testng.internal.Invoker.invokeMethod(Invoker.java:714)<br>org.testng.internal.Invoker.invokeTestMethod(Invoker.java:901)<br>org.testng.internal.Invoker.invokeTestMethods(Invoker.java:1231)<br>org.testng.internal.TestMethodWorker.invokeTestMethods(TestMethodWorker.java:127)<br>org.testng.internal.TestMethodWorker.run(TestMethodWorker.java:111)<br>org.testng.TestRunner.privateRun(TestRunner.java:767)<br>org.testng.TestRunner.run(TestRunner.java:617)<br>org.testng.SuiteRunner.runTest(SuiteRunner.java:334)<br>org.testng.SuiteRunner.runSequentially(SuiteRunner.java:329)<br>org.testng.SuiteRunner.privateRun(SuiteRunner.java:291)<br>org.testng.SuiteRunner.run(SuiteRunner.java:240)<br>org.testng.SuiteRunnerWorker.runSuite(SuiteRunnerWorker.java:52)<br>org.testng.SuiteRunnerWorker.run(SuiteRunnerWorker.java:86)<br>org.testng.TestNG.runSuitesSequentially(TestNG.java:1198)<br>org.testng.TestNG.runSuitesLocally(TestNG.java:1123)<br>org.testng.TestNG.run(TestNG.java:1031)<br>org.testng.remote.AbstractRemoteTestNG.run(AbstractRemoteTestNG.java:114)<br>org.testng.remote.RemoteTestNG.initAndRun(RemoteTestNG.java:251)<br>org.testng.remote.RemoteTestNG.main(RemoteTestNG.java:77)<br>
</div> <!-- stack-trace -->
                </div> <!-- method-content -->
              </div> <!-- method -->
            </div> <!-- main-panel-content rounded-window-bottom -->
          </div> <!-- suite-Default_suite-class-failed -->
          <div class="suite-Default_suite-class-failed">
            <div class="main-panel-header rounded-window-top">
              <img src="failed.png"/>
              <span class="class-name">com.automation.tests.MultiplyServiceTest</span>
            </div> <!-- main-panel-header rounded-window-top -->
            <div class="main-panel-content rounded-window-bottom">
              <div class="method">
                <div class="method-content">
                  <a name="multiplytest6_DecimalNumbers_200Ok">
                  </a> <!-- multiplytest6_DecimalNumbers_200Ok -->
                  <span class="method-name">multiplytest6_DecimalNumbers_200Ok</span>
                  <div class="stack-trace"><b>"java.lang.AssertionError: expected [200] but found [400]
	at org.testng.Assert.fail(Assert.java:94)
	at org.testng.Assert.failNotEquals(Assert.java:494)
	at org.testng.Assert.assertEquals(Assert.java:123)
	at org.testng.Assert.assertEquals(Assert.java:370)
	at org.testng.Assert.assertEquals(Assert.java:380)
	at com.automation.tests.MultiplyServiceTest.multiplytest6_DecimalNumbers_200Ok(MultiplyServiceTest.java:277)
	at sun.reflect.NativeMethodAccessorImpl.invoke0(Native Method)
	at sun.reflect.NativeMethodAccessorImpl.invoke(NativeMethodAccessorImpl.java:62)
	at sun.reflect.DelegatingMethodAccessorImpl.invoke(DelegatingMethodAccessorImpl.java:43)
	at java.lang.reflect.Method.invoke(Method.java:498)
	at org.testng.internal.MethodInvocationHelper.invokeMethod(MethodInvocationHelper.java:80)
	at org.testng.internal.Invoker.invokeMethod(Invoker.java:714)
	at org.testng.internal.Invoker.invokeTestMethod(Invoker.java:901)
	at org.testng.internal.Invoker.invokeTestMethods(Invoker.java:1231)
	at org.testng.internal.TestMethodWorker.invokeTestMethods(TestMethodWorker.java:127)
	at org.testng.internal.TestMethodWorker.run(TestMethodWorker.java:111)
	at org.testng.TestRunner.privateRun(TestRunner.java:767)
	at org.testng.TestRunner.run(TestRunner.java:617)
	at org.testng.SuiteRunner.runTest(SuiteRunner.java:334)
	at org.testng.SuiteRunner.runSequentially(SuiteRunner.java:329)
	at org.testng.SuiteRunner.privateRun(SuiteRunner.java:291)
	at org.testng.SuiteRunner.run(SuiteRunner.java:240)
	at org.testng.SuiteRunnerWorker.runSuite(SuiteRunnerWorker.java:52)
	at org.testng.SuiteRunnerWorker.run(SuiteRunnerWorker.java:86)
	at org.testng.TestNG.runSuitesSequentially(TestNG.java:1198)
	at org.testng.TestNG.runSuitesLocally(TestNG.java:1123)
	at org.testng.TestNG.run(TestNG.java:1031)
	at org.testng.remote.AbstractRemoteTestNG.run(AbstractRemoteTestNG.java:114)
	at org.testng.remote.RemoteTestNG.initAndRun(RemoteTestNG.java:251)
	at org.testng.remote.RemoteTestNG.main(RemoteTestNG.java:77)
<br/> java.lang.AssertionError: expected [200] but found [400]
	at org.testng.Assert.fail(Assert.java:94)
	at org.testng.Assert.failNotEquals(Assert.java:494)
	at org.testng.Assert.assertEquals(Assert.java:123)
	at org.testng.Assert.assertEquals(Assert.java:370)
	at org.testng.Assert.assertEquals(Assert.java:380)
	at com.automation.tests.MultiplyServiceTest.multiplytest6_DecimalNumbers_200Ok(MultiplyServiceTest.java:277)
	at sun.reflect.NativeMethodAccessorImpl.invoke0(Native Method)
	at sun.reflect.NativeMethodAccessorImpl.invoke(NativeMethodAccessorImpl.java:62)
	at sun.reflect.DelegatingMethodAccessorImpl.invoke(DelegatingMethodAccessorImpl.java:43)
	at java.lang.reflect.Method.invoke(Method.java:498)
	at org.testng.internal.MethodInvocationHelper.invokeMethod(MethodInvocationHelper.java:80)
	at org.testng.internal.Invoker.invokeMethod(Invoker.java:714)
	at org.testng.internal.Invoker.invokeTestMethod(Invoker.java:901)
	at org.testng.internal.Invoker.invokeTestMethods(Invoker.java:1231)
	at org.testng.internal.TestMethodWorker.invokeTestMethods(TestMethodWorker.java:127)
	at org.testng.internal.TestMethodWorker.run(TestMethodWorker.java:111)
	at org.testng.TestRunner.privateRun(TestRunner.java:767)
	at org.testng.TestRunner.run(TestRunner.java:617)
	at org.testng.SuiteRunner.runTest(SuiteRunner.java:334)
	at org.testng.SuiteRunner.runSequentially(SuiteRunner.java:329)
	at org.testng.SuiteRunner.privateRun(SuiteRunner.java:291)
	at org.testng.SuiteRunner.run(SuiteRunner.java:240)
	at org.testng.SuiteRunnerWorker.runSuite(SuiteRunnerWorker.java:52)
	at org.testng.SuiteRunnerWorker.run(SuiteRunnerWorker.java:86)
	at org.testng.TestNG.runSuitesSequentially(TestNG.java:1198)
	at org.testng.TestNG.runSuitesLocally(TestNG.java:1123)
	at org.testng.TestNG.run(TestNG.java:1031)
	at org.testng.remote.AbstractRemoteTestNG.run(AbstractRemoteTestNG.java:114)
	at org.testng.remote.RemoteTestNG.initAndRun(RemoteTestNG.java:251)
	at org.testng.remote.RemoteTestNG.main(RemoteTestNG.java:77)
"</b><br>org.testng.Assert.fail(Assert.java:94)<br>org.testng.Assert.failNotEquals(Assert.java:494)<br>org.testng.Assert.assertEquals(Assert.java:123)<br>org.testng.Assert.assertEquals(Assert.java:370)<br>org.testng.Assert.assertEquals(Assert.java:380)<br>com.automation.tests.MultiplyServiceTest.multiplytest6_DecimalNumbers_200Ok(MultiplyServiceTest.java:277)<br>sun.reflect.NativeMethodAccessorImpl.invoke0(Native Method)<br>sun.reflect.NativeMethodAccessorImpl.invoke(NativeMethodAccessorImpl.java:62)<br>sun.reflect.DelegatingMethodAccessorImpl.invoke(DelegatingMethodAccessorImpl.java:43)<br>java.lang.reflect.Method.invoke(Method.java:498)<br>org.testng.internal.MethodInvocationHelper.invokeMethod(MethodInvocationHelper.java:80)<br>org.testng.internal.Invoker.invokeMethod(Invoker.java:714)<br>org.testng.internal.Invoker.invokeTestMethod(Invoker.java:901)<br>org.testng.internal.Invoker.invokeTestMethods(Invoker.java:1231)<br>org.testng.internal.TestMethodWorker.invokeTestMethods(TestMethodWorker.java:127)<br>org.testng.internal.TestMethodWorker.run(TestMethodWorker.java:111)<br>org.testng.TestRunner.privateRun(TestRunner.java:767)<br>org.testng.TestRunner.run(TestRunner.java:617)<br>org.testng.SuiteRunner.runTest(SuiteRunner.java:334)<br>org.testng.SuiteRunner.runSequentially(SuiteRunner.java:329)<br>org.testng.SuiteRunner.privateRun(SuiteRunner.java:291)<br>org.testng.SuiteRunner.run(SuiteRunner.java:240)<br>org.testng.SuiteRunnerWorker.runSuite(SuiteRunnerWorker.java:52)<br>org.testng.SuiteRunnerWorker.run(SuiteRunnerWorker.java:86)<br>org.testng.TestNG.runSuitesSequentially(TestNG.java:1198)<br>org.testng.TestNG.runSuitesLocally(TestNG.java:1123)<br>org.testng.TestNG.run(TestNG.java:1031)<br>org.testng.remote.AbstractRemoteTestNG.run(AbstractRemoteTestNG.java:114)<br>org.testng.remote.RemoteTestNG.initAndRun(RemoteTestNG.java:251)<br>org.testng.remote.RemoteTestNG.main(RemoteTestNG.java:77)<br>
</div> <!-- stack-trace -->
                </div> <!-- method-content -->
              </div> <!-- method -->
            </div> <!-- main-panel-content rounded-window-bottom -->
          </div> <!-- suite-Default_suite-class-failed -->
          <div class="suite-Default_suite-class-passed">
            <div class="main-panel-header rounded-window-top">
              <img src="passed.png"/>
              <span class="class-name">com.automation.tests.MaxMinServicesTest</span>
            </div> <!-- main-panel-header rounded-window-top -->
            <div class="main-panel-content rounded-window-bottom">
              <div class="method">
                <div class="method-content">
                  <a name="maxTest1_NonIntegersInSet_400BadRequest">
                  </a> <!-- maxTest1_NonIntegersInSet_400BadRequest -->
                  <span class="method-name">maxTest1_NonIntegersInSet_400BadRequest</span>
                </div> <!-- method-content -->
              </div> <!-- method -->
              <div class="method">
                <div class="method-content">
                  <a name="maxTest2_SpecialCharactersInSet_400BadRequest">
                  </a> <!-- maxTest2_SpecialCharactersInSet_400BadRequest -->
                  <span class="method-name">maxTest2_SpecialCharactersInSet_400BadRequest</span>
                </div> <!-- method-content -->
              </div> <!-- method -->
              <div class="method">
                <div class="method-content">
                  <a name="maxTest3_NegativeNumbersInSet_200Ok">
                  </a> <!-- maxTest3_NegativeNumbersInSet_200Ok -->
                  <span class="method-name">maxTest3_NegativeNumbersInSet_200Ok</span>
                </div> <!-- method-content -->
              </div> <!-- method -->
              <div class="method">
                <div class="method-content">
                  <a name="maxTest4_AllNegativeNumbersInSet_200Ok">
                  </a> <!-- maxTest4_AllNegativeNumbersInSet_200Ok -->
                  <span class="method-name">maxTest4_AllNegativeNumbersInSet_200Ok</span>
                </div> <!-- method-content -->
              </div> <!-- method -->
              <div class="method">
                <div class="method-content">
                  <a name="maxTest5_OneNullInSet_200Ok">
                  </a> <!-- maxTest5_OneNullInSet_200Ok -->
                  <span class="method-name">maxTest5_OneNullInSet_200Ok</span>
                </div> <!-- method-content -->
              </div> <!-- method -->
              <div class="method">
                <div class="method-content">
                  <a name="minTest1_NonIntegersInSet_400_BadRequest">
                  </a> <!-- minTest1_NonIntegersInSet_400_BadRequest -->
                  <span class="method-name">minTest1_NonIntegersInSet_400_BadRequest</span>
                </div> <!-- method-content -->
              </div> <!-- method -->
              <div class="method">
                <div class="method-content">
                  <a name="minTest2_SpecialCharactersInSet_400_BadRequest">
                  </a> <!-- minTest2_SpecialCharactersInSet_400_BadRequest -->
                  <span class="method-name">minTest2_SpecialCharactersInSet_400_BadRequest</span>
                </div> <!-- method-content -->
              </div> <!-- method -->
              <div class="method">
                <div class="method-content">
                  <a name="minTest3_NegativeNumbersInSet_200_Ok">
                  </a> <!-- minTest3_NegativeNumbersInSet_200_Ok -->
                  <span class="method-name">minTest3_NegativeNumbersInSet_200_Ok</span>
                </div> <!-- method-content -->
              </div> <!-- method -->
              <div class="method">
                <div class="method-content">
                  <a name="minTest4_AllNegativeNumbersInSet_200_Ok">
                  </a> <!-- minTest4_AllNegativeNumbersInSet_200_Ok -->
                  <span class="method-name">minTest4_AllNegativeNumbersInSet_200_Ok</span>
                </div> <!-- method-content -->
              </div> <!-- method -->
              <div class="method">
                <div class="method-content">
                  <a name="minTest5_OneNullInSet_200_Ok">
                  </a> <!-- minTest5_OneNullInSet_200_Ok -->
                  <span class="method-name">minTest5_OneNullInSet_200_Ok</span>
                </div> <!-- method-content -->
              </div> <!-- method -->
            </div> <!-- main-panel-content rounded-window-bottom -->
          </div> <!-- suite-Default_suite-class-passed -->
          <div class="suite-Default_suite-class-passed">
            <div class="main-panel-header rounded-window-top">
              <img src="passed.png"/>
              <span class="class-name">com.automation.tests.AdditionServiceTest</span>
            </div> <!-- main-panel-header rounded-window-top -->
            <div class="main-panel-content rounded-window-bottom">
              <div class="method">
                <div class="method-content">
                  <a name="additionTest1_Non_Integers_400BadRequest">
                  </a> <!-- additionTest1_Non_Integers_400BadRequest -->
                  <span class="method-name">additionTest1_Non_Integers_400BadRequest</span>
                </div> <!-- method-content -->
              </div> <!-- method -->
              <div class="method">
                <div class="method-content">
                  <a name="additionTest2_OneNumberAsNull_400BadRequest">
                  </a> <!-- additionTest2_OneNumberAsNull_400BadRequest -->
                  <span class="method-name">additionTest2_OneNumberAsNull_400BadRequest</span>
                </div> <!-- method-content -->
              </div> <!-- method -->
              <div class="method">
                <div class="method-content">
                  <a name="additionTest3_OneNumberAndOneSpecialCharacter_400BadRequest">
                  </a> <!-- additionTest3_OneNumberAndOneSpecialCharacter_400BadRequest -->
                  <span class="method-name">additionTest3_OneNumberAndOneSpecialCharacter_400BadRequest</span>
                </div> <!-- method-content -->
              </div> <!-- method -->
              <div class="method">
                <div class="method-content">
                  <a name="additionTest4_NegativeNumbers_200Ok">
                  </a> <!-- additionTest4_NegativeNumbers_200Ok -->
                  <span class="method-name">additionTest4_NegativeNumbers_200Ok</span>
                </div> <!-- method-content -->
              </div> <!-- method -->
              <div class="method">
                <div class="method-content">
                  <a name="additionTest5_OneNegativeOnePositiveNumber_200Ok">
                  </a> <!-- additionTest5_OneNegativeOnePositiveNumber_200Ok -->
                  <span class="method-name">additionTest5_OneNegativeOnePositiveNumber_200Ok</span>
                </div> <!-- method-content -->
              </div> <!-- method -->
            </div> <!-- main-panel-content rounded-window-bottom -->
          </div> <!-- suite-Default_suite-class-passed -->
          <div class="suite-Default_suite-class-passed">
            <div class="main-panel-header rounded-window-top">
              <img src="passed.png"/>
              <span class="class-name">com.automation.tests.DivisionServiceTest</span>
            </div> <!-- main-panel-header rounded-window-top -->
            <div class="main-panel-content rounded-window-bottom">
              <div class="method">
                <div class="method-content">
                  <a name="divisionTest1_NonNumbers_400BadRequest">
                  </a> <!-- divisionTest1_NonNumbers_400BadRequest -->
                  <span class="method-name">divisionTest1_NonNumbers_400BadRequest</span>
                </div> <!-- method-content -->
              </div> <!-- method -->
              <div class="method">
                <div class="method-content">
                  <a name="divisionTest2_DivisorNull_400BadRequest">
                  </a> <!-- divisionTest2_DivisorNull_400BadRequest -->
                  <span class="method-name">divisionTest2_DivisorNull_400BadRequest</span>
                </div> <!-- method-content -->
              </div> <!-- method -->
              <div class="method">
                <div class="method-content">
                  <a name="divisionTest3_DividendNull_400BadRequest">
                  </a> <!-- divisionTest3_DividendNull_400BadRequest -->
                  <span class="method-name">divisionTest3_DividendNull_400BadRequest</span>
                </div> <!-- method-content -->
              </div> <!-- method -->
              <div class="method">
                <div class="method-content">
                  <a name="divisionTest4_DivisorSpecialCharacter_400BadRequest">
                  </a> <!-- divisionTest4_DivisorSpecialCharacter_400BadRequest -->
                  <span class="method-name">divisionTest4_DivisorSpecialCharacter_400BadRequest</span>
                </div> <!-- method-content -->
              </div> <!-- method -->
              <div class="method">
                <div class="method-content">
                  <a name="divisionTest5_BothNegativeNumbers_200Ok">
                  </a> <!-- divisionTest5_BothNegativeNumbers_200Ok -->
                  <span class="method-name">divisionTest5_BothNegativeNumbers_200Ok</span>
                </div> <!-- method-content -->
              </div> <!-- method -->
              <div class="method">
                <div class="method-content">
                  <a name="divisionTest6_DividendNegative_200Ok">
                  </a> <!-- divisionTest6_DividendNegative_200Ok -->
                  <span class="method-name">divisionTest6_DividendNegative_200Ok</span>
                </div> <!-- method-content -->
              </div> <!-- method -->
              <div class="method">
                <div class="method-content">
                  <a name="divisionTest6_DivisorNegative_200Ok">
                  </a> <!-- divisionTest6_DivisorNegative_200Ok -->
                  <span class="method-name">divisionTest6_DivisorNegative_200Ok</span>
                </div> <!-- method-content -->
              </div> <!-- method -->
            </div> <!-- main-panel-content rounded-window-bottom -->
          </div> <!-- suite-Default_suite-class-passed -->
          <div class="suite-Default_suite-class-passed">
            <div class="main-panel-header rounded-window-top">
              <img src="passed.png"/>
              <span class="class-name">com.automation.tests.ErrorCodesTest</span>
            </div> <!-- main-panel-header rounded-window-top -->
            <div class="main-panel-content rounded-window-bottom">
              <div class="method">
                <div class="method-content">
                  <a name="additionTest_400_Bad_Request_non_integer">
                  </a> <!-- additionTest_400_Bad_Request_non_integer -->
                  <span class="method-name">additionTest_400_Bad_Request_non_integer</span>
                </div> <!-- method-content -->
              </div> <!-- method -->
              <div class="method">
                <div class="method-content">
                  <a name="maxTest1_NonIntegersInSet_400BadRequest">
                  </a> <!-- maxTest1_NonIntegersInSet_400BadRequest -->
                  <span class="method-name">maxTest1_NonIntegersInSet_400BadRequest</span>
                </div> <!-- method-content -->
              </div> <!-- method -->
              <div class="method">
                <div class="method-content">
                  <a name="statusCode_401_UNAUTHORIZED_addition_path">
                  </a> <!-- statusCode_401_UNAUTHORIZED_addition_path -->
                  <span class="method-name">statusCode_401_UNAUTHORIZED_addition_path</span>
                </div> <!-- method-content -->
              </div> <!-- method -->
              <div class="method">
                <div class="method-content">
                  <a name="statusCode_404_NOT_FOUND">
                  </a> <!-- statusCode_404_NOT_FOUND -->
                  <span class="method-name">statusCode_404_NOT_FOUND</span>
                </div> <!-- method-content -->
              </div> <!-- method -->
              <div class="method">
                <div class="method-content">
                  <a name="statusCode_405_MethodNotAllowed">
                  </a> <!-- statusCode_405_MethodNotAllowed -->
                  <span class="method-name">statusCode_405_MethodNotAllowed</span>
                </div> <!-- method-content -->
              </div> <!-- method -->
              <div class="method">
                <div class="method-content">
                  <a name="statusCode_415_UnsupportedMediaType">
                  </a> <!-- statusCode_415_UnsupportedMediaType -->
                  <span class="method-name">statusCode_415_UnsupportedMediaType</span>
                </div> <!-- method-content -->
              </div> <!-- method -->
              <div class="method">
                <div class="method-content">
                  <a name="statusCode_500_InternalServerError">
                  </a> <!-- statusCode_500_InternalServerError -->
                  <span class="method-name">statusCode_500_InternalServerError</span>
                </div> <!-- method-content -->
              </div> <!-- method -->
              <div class="method">
                <div class="method-content">
                  <a name="unionTest1_NonIntegersInLeftSet_400BadRequest">
                  </a> <!-- unionTest1_NonIntegersInLeftSet_400BadRequest -->
                  <span class="method-name">unionTest1_NonIntegersInLeftSet_400BadRequest</span>
                </div> <!-- method-content -->
              </div> <!-- method -->
            </div> <!-- main-panel-content rounded-window-bottom -->
          </div> <!-- suite-Default_suite-class-passed -->
          <div class="suite-Default_suite-class-passed">
            <div class="main-panel-header rounded-window-top">
              <img src="passed.png"/>
              <span class="class-name">com.automation.tests.APIIntegrationTest</span>
            </div> <!-- main-panel-header rounded-window-top -->
            <div class="main-panel-content rounded-window-bottom">
              <div class="method">
                <div class="method-content">
                  <a name="additionTest">
                  </a> <!-- additionTest -->
                  <span class="method-name">additionTest</span>
                </div> <!-- method-content -->
              </div> <!-- method -->
              <div class="method">
                <div class="method-content">
                  <a name="divisionTest">
                  </a> <!-- divisionTest -->
                  <span class="method-name">divisionTest</span>
                </div> <!-- method-content -->
              </div> <!-- method -->
              <div class="method">
                <div class="method-content">
                  <a name="intersectionTest">
                  </a> <!-- intersectionTest -->
                  <span class="method-name">intersectionTest</span>
                </div> <!-- method-content -->
              </div> <!-- method -->
              <div class="method">
                <div class="method-content">
                  <a name="maxTest">
                  </a> <!-- maxTest -->
                  <span class="method-name">maxTest</span>
                </div> <!-- method-content -->
              </div> <!-- method -->
              <div class="method">
                <div class="method-content">
                  <a name="minTest">
                  </a> <!-- minTest -->
                  <span class="method-name">minTest</span>
                </div> <!-- method-content -->
              </div> <!-- method -->
              <div class="method">
                <div class="method-content">
                  <a name="multiplytest">
                  </a> <!-- multiplytest -->
                  <span class="method-name">multiplytest</span>
                </div> <!-- method-content -->
              </div> <!-- method -->
              <div class="method">
                <div class="method-content">
                  <a name="unionTest">
                  </a> <!-- unionTest -->
                  <span class="method-name">unionTest</span>
                </div> <!-- method-content -->
              </div> <!-- method -->
            </div> <!-- main-panel-content rounded-window-bottom -->
          </div> <!-- suite-Default_suite-class-passed -->
          <div class="suite-Default_suite-class-passed">
            <div class="main-panel-header rounded-window-top">
              <img src="passed.png"/>
              <span class="class-name">com.automation.tests.MultiplyServiceTest</span>
            </div> <!-- main-panel-header rounded-window-top -->
            <div class="main-panel-content rounded-window-bottom">
              <div class="method">
                <div class="method-content">
                  <a name="multiplytest1_Non_Integers_400BadRequest">
                  </a> <!-- multiplytest1_Non_Integers_400BadRequest -->
                  <span class="method-name">multiplytest1_Non_Integers_400BadRequest</span>
                </div> <!-- method-content -->
              </div> <!-- method -->
              <div class="method">
                <div class="method-content">
                  <a name="multiplytest2_OneNumberAsNull_400BadRequest">
                  </a> <!-- multiplytest2_OneNumberAsNull_400BadRequest -->
                  <span class="method-name">multiplytest2_OneNumberAsNull_400BadRequest</span>
                </div> <!-- method-content -->
              </div> <!-- method -->
              <div class="method">
                <div class="method-content">
                  <a name="multiplytest3_OneNumberAndOneSpecialCharacter_400BadRequest">
                  </a> <!-- multiplytest3_OneNumberAndOneSpecialCharacter_400BadRequest -->
                  <span class="method-name">multiplytest3_OneNumberAndOneSpecialCharacter_400BadRequest</span>
                </div> <!-- method-content -->
              </div> <!-- method -->
              <div class="method">
                <div class="method-content">
                  <a name="multiplytest4_BothNegativeNumbers_200Ok">
                  </a> <!-- multiplytest4_BothNegativeNumbers_200Ok -->
                  <span class="method-name">multiplytest4_BothNegativeNumbers_200Ok</span>
                </div> <!-- method-content -->
              </div> <!-- method -->
              <div class="method">
                <div class="method-content">
                  <a name="multiplytest5_OneNegativeInteger_200Ok">
                  </a> <!-- multiplytest5_OneNegativeInteger_200Ok -->
                  <span class="method-name">multiplytest5_OneNegativeInteger_200Ok</span>
                </div> <!-- method-content -->
              </div> <!-- method -->
            </div> <!-- main-panel-content rounded-window-bottom -->
          </div> <!-- suite-Default_suite-class-passed -->
          <div class="suite-Default_suite-class-passed">
            <div class="main-panel-header rounded-window-top">
              <img src="passed.png"/>
              <span class="class-name">com.automation.tests.UnionIntersectServiceTest</span>
            </div> <!-- main-panel-header rounded-window-top -->
            <div class="main-panel-content rounded-window-bottom">
              <div class="method">
                <div class="method-content">
                  <a name="intersectionTest1_NonIntegersInLeftSet_400BadRequest">
                  </a> <!-- intersectionTest1_NonIntegersInLeftSet_400BadRequest -->
                  <span class="method-name">intersectionTest1_NonIntegersInLeftSet_400BadRequest</span>
                </div> <!-- method-content -->
              </div> <!-- method -->
              <div class="method">
                <div class="method-content">
                  <a name="intersectionTest2_NonIntegersBothSets_400BadRequest">
                  </a> <!-- intersectionTest2_NonIntegersBothSets_400BadRequest -->
                  <span class="method-name">intersectionTest2_NonIntegersBothSets_400BadRequest</span>
                </div> <!-- method-content -->
              </div> <!-- method -->
              <div class="method">
                <div class="method-content">
                  <a name="intersectionTest3_NegativeNumbersInBothSets_200Ok">
                  </a> <!-- intersectionTest3_NegativeNumbersInBothSets_200Ok -->
                  <span class="method-name">intersectionTest3_NegativeNumbersInBothSets_200Ok</span>
                </div> <!-- method-content -->
              </div> <!-- method -->
              <div class="method">
                <div class="method-content">
                  <a name="intersectionTest4_NullsPresentInBothSets_200Ok">
                  </a> <!-- intersectionTest4_NullsPresentInBothSets_200Ok -->
                  <span class="method-name">intersectionTest4_NullsPresentInBothSets_200Ok</span>
                </div> <!-- method-content -->
              </div> <!-- method -->
              <div class="method">
                <div class="method-content">
                  <a name="unionTest1_NonIntegersInLeftSet_400BadRequest">
                  </a> <!-- unionTest1_NonIntegersInLeftSet_400BadRequest -->
                  <span class="method-name">unionTest1_NonIntegersInLeftSet_400BadRequest</span>
                </div> <!-- method-content -->
              </div> <!-- method -->
              <div class="method">
                <div class="method-content">
                  <a name="unionTest2_NonIntegersInRightSet_400BadRequest">
                  </a> <!-- unionTest2_NonIntegersInRightSet_400BadRequest -->
                  <span class="method-name">unionTest2_NonIntegersInRightSet_400BadRequest</span>
                </div> <!-- method-content -->
              </div> <!-- method -->
              <div class="method">
                <div class="method-content">
                  <a name="unionTest3_NegativeNumbersInLeftSet_200Ok">
                  </a> <!-- unionTest3_NegativeNumbersInLeftSet_200Ok -->
                  <span class="method-name">unionTest3_NegativeNumbersInLeftSet_200Ok</span>
                </div> <!-- method-content -->
              </div> <!-- method -->
              <div class="method">
                <div class="method-content">
                  <a name="unionTest4_NegativeNumbersInBothSets_200Ok">
                  </a> <!-- unionTest4_NegativeNumbersInBothSets_200Ok -->
                  <span class="method-name">unionTest4_NegativeNumbersInBothSets_200Ok</span>
                </div> <!-- method-content -->
              </div> <!-- method -->
              <div class="method">
                <div class="method-content">
                  <a name="unionTest5_NullsInLeftSet_200Ok">
                  </a> <!-- unionTest5_NullsInLeftSet_200Ok -->
                  <span class="method-name">unionTest5_NullsInLeftSet_200Ok</span>
                </div> <!-- method-content -->
              </div> <!-- method -->
              <div class="method">
                <div class="method-content">
                  <a name="unionTest6_NullsInBothSets_200Ok">
                  </a> <!-- unionTest6_NullsInBothSets_200Ok -->
                  <span class="method-name">unionTest6_NullsInBothSets_200Ok</span>
                </div> <!-- method-content -->
              </div> <!-- method -->
            </div> <!-- main-panel-content rounded-window-bottom -->
          </div> <!-- suite-Default_suite-class-passed -->
        </div> <!-- panel Default_suite -->
        <div panel-name="test-xml-Default_suite" class="panel">
          <div class="main-panel-header rounded-window-top">
            <span class="header-content">/private/var/folders/s3/z0hlpd2n3pq7mhygws66__l00000gn/T/testng-eclipse--1035356488/testng-customsuite.xml</span>
          </div> <!-- main-panel-header rounded-window-top -->
          <div class="main-panel-content rounded-window-bottom">
            <pre>
&lt;?xml version=&quot;1.0&quot; encoding=&quot;UTF-8&quot;?&gt;
&lt;!DOCTYPE suite SYSTEM &quot;http://testng.org/testng-1.0.dtd&quot;&gt;
&lt;suite name=&quot;Default suite&quot;&gt;
  &lt;test verbose=&quot;2&quot; name=&quot;Default test&quot;&gt;
    &lt;classes&gt;
      &lt;class name=&quot;com.automation.util.TestUtil&quot;/&gt;
      &lt;class name=&quot;com.automation.client.RestClient&quot;/&gt;
      &lt;class name=&quot;com.automation.tests.APIIntegrationTest&quot;/&gt;
      &lt;class name=&quot;com.automation.base.TestBase&quot;/&gt;
      &lt;class name=&quot;com.automation.tests.MultiplyServiceTest&quot;/&gt;
      &lt;class name=&quot;com.automation.tests.UnionIntersectServiceTest&quot;/&gt;
      &lt;class name=&quot;com.automation.util.Users&quot;/&gt;
      &lt;class name=&quot;com.automation.data.MultiplyData&quot;/&gt;
      &lt;class name=&quot;com.automation.tests.PostAPITest&quot;/&gt;
      &lt;class name=&quot;com.automation.data.DivisionData&quot;/&gt;
      &lt;class name=&quot;com.automation.data.Users&quot;/&gt;
      &lt;class name=&quot;com.automation.data.AddData&quot;/&gt;
      &lt;class name=&quot;com.automation.tests.ErrorCodesTest&quot;/&gt;
      &lt;class name=&quot;com.automation.tests.GetAPITest&quot;/&gt;
      &lt;class name=&quot;com.automation.data.MaxMinData&quot;/&gt;
      &lt;class name=&quot;com.automation.tests.DivisionServiceTest&quot;/&gt;
      &lt;class name=&quot;com.automation.data.UnionIntersect&quot;/&gt;
      &lt;class name=&quot;com.automation.data.ResponseData&quot;/&gt;
      &lt;class name=&quot;com.automation.tests.MaxMinServicesTest&quot;/&gt;
      &lt;class name=&quot;com.automation.tests.AdditionServiceTest&quot;/&gt;
    &lt;/classes&gt;
  &lt;/test&gt; &lt;!-- Default test --&gt;
&lt;/suite&gt; &lt;!-- Default suite --&gt;
            </pre>
          </div> <!-- main-panel-content rounded-window-bottom -->
        </div> <!-- panel -->
        <div panel-name="testlist-Default_suite" class="panel">
          <div class="main-panel-header rounded-window-top">
            <span class="header-content">Tests for Default suite</span>
          </div> <!-- main-panel-header rounded-window-top -->
          <div class="main-panel-content rounded-window-bottom">
            <ul>
              <li>
                <span class="test-name">Default test (20 classes)</span>
              </li>
            </ul>
          </div> <!-- main-panel-content rounded-window-bottom -->
        </div> <!-- panel -->
        <div panel-name="group-Default_suite" class="panel">
          <div class="main-panel-header rounded-window-top">
            <span class="header-content">Groups for Default suite</span>
          </div> <!-- main-panel-header rounded-window-top -->
          <div class="main-panel-content rounded-window-bottom">
          </div> <!-- main-panel-content rounded-window-bottom -->
        </div> <!-- panel -->
        <div panel-name="times-Default_suite" class="panel">
          <div class="main-panel-header rounded-window-top">
            <span class="header-content">Times for Default suite</span>
          </div> <!-- main-panel-header rounded-window-top -->
          <div class="main-panel-content rounded-window-bottom">
            <div class="times-div">
              <script type="text/javascript">
suiteTableInitFunctions.push('tableData_Default_suite');
function tableData_Default_suite() {
var data = new google.visualization.DataTable();
data.addColumn('number', 'Number');
data.addColumn('string', 'Method');
data.addColumn('string', 'Class');
data.addColumn('number', 'Time (ms)');
data.addRows(55);
data.setCell(0, 0, 0)
data.setCell(0, 1, 'additionTest')
data.setCell(0, 2, 'com.automation.tests.APIIntegrationTest')
data.setCell(0, 3, 1763);
data.setCell(1, 0, 1)
data.setCell(1, 1, 'minTest2_SpecialCharactersInSet_400_BadRequest')
data.setCell(1, 2, 'com.automation.tests.MaxMinServicesTest')
data.setCell(1, 3, 67);
data.setCell(2, 0, 2)
data.setCell(2, 1, 'unionTest2_NonIntegersInRightSet_400BadRequest')
data.setCell(2, 2, 'com.automation.tests.UnionIntersectServiceTest')
data.setCell(2, 3, 59);
data.setCell(3, 0, 3)
data.setCell(3, 1, 'minTest4_AllNegativeNumbersInSet_200_Ok')
data.setCell(3, 2, 'com.automation.tests.MaxMinServicesTest')
data.setCell(3, 3, 56);
data.setCell(4, 0, 4)
data.setCell(4, 1, 'divisionTest')
data.setCell(4, 2, 'com.automation.tests.APIIntegrationTest')
data.setCell(4, 3, 54);
data.setCell(5, 0, 5)
data.setCell(5, 1, 'maxTest1_NonIntegersInSet_400BadRequest')
data.setCell(5, 2, 'com.automation.tests.ErrorCodesTest')
data.setCell(5, 3, 53);
data.setCell(6, 0, 6)
data.setCell(6, 1, 'multiplytest5_OneNegativeInteger_200Ok')
data.setCell(6, 2, 'com.automation.tests.MultiplyServiceTest')
data.setCell(6, 3, 52);
data.setCell(7, 0, 7)
data.setCell(7, 1, 'minTest1_NonIntegersInSet_400_BadRequest')
data.setCell(7, 2, 'com.automation.tests.MaxMinServicesTest')
data.setCell(7, 3, 40);
data.setCell(8, 0, 8)
data.setCell(8, 1, 'multiplytest1_Non_Integers_400BadRequest')
data.setCell(8, 2, 'com.automation.tests.MultiplyServiceTest')
data.setCell(8, 3, 40);
data.setCell(9, 0, 9)
data.setCell(9, 1, 'intersectionTest')
data.setCell(9, 2, 'com.automation.tests.APIIntegrationTest')
data.setCell(9, 3, 40);
data.setCell(10, 0, 10)
data.setCell(10, 1, 'multiplytest6_DecimalNumbers_200Ok')
data.setCell(10, 2, 'com.automation.tests.MultiplyServiceTest')
data.setCell(10, 3, 40);
data.setCell(11, 0, 11)
data.setCell(11, 1, 'divisionTest4_DivisorSpecialCharacter_400BadRequest')
data.setCell(11, 2, 'com.automation.tests.DivisionServiceTest')
data.setCell(11, 3, 39);
data.setCell(12, 0, 12)
data.setCell(12, 1, 'minTest')
data.setCell(12, 2, 'com.automation.tests.APIIntegrationTest')
data.setCell(12, 3, 37);
data.setCell(13, 0, 13)
data.setCell(13, 1, 'unionTest1_NonIntegersInLeftSet_400BadRequest')
data.setCell(13, 2, 'com.automation.tests.UnionIntersectServiceTest')
data.setCell(13, 3, 37);
data.setCell(14, 0, 14)
data.setCell(14, 1, 'multiplytest')
data.setCell(14, 2, 'com.automation.tests.APIIntegrationTest')
data.setCell(14, 3, 36);
data.setCell(15, 0, 15)
data.setCell(15, 1, 'additionTest3_OneNumberAndOneSpecialCharacter_400BadRequest')
data.setCell(15, 2, 'com.automation.tests.AdditionServiceTest')
data.setCell(15, 3, 34);
data.setCell(16, 0, 16)
data.setCell(16, 1, 'divisionTest3_DividendNull_400BadRequest')
data.setCell(16, 2, 'com.automation.tests.DivisionServiceTest')
data.setCell(16, 3, 34);
data.setCell(17, 0, 17)
data.setCell(17, 1, 'intersectionTest1_NonIntegersInLeftSet_400BadRequest')
data.setCell(17, 2, 'com.automation.tests.UnionIntersectServiceTest')
data.setCell(17, 3, 31);
data.setCell(18, 0, 18)
data.setCell(18, 1, 'divisionTest7_DividendFloat_200Ok')
data.setCell(18, 2, 'com.automation.tests.DivisionServiceTest')
data.setCell(18, 3, 30);
data.setCell(19, 0, 19)
data.setCell(19, 1, 'unionTest1_NonIntegersInLeftSet_400BadRequest')
data.setCell(19, 2, 'com.automation.tests.ErrorCodesTest')
data.setCell(19, 3, 29);
data.setCell(20, 0, 20)
data.setCell(20, 1, 'multiplytest4_BothNegativeNumbers_200Ok')
data.setCell(20, 2, 'com.automation.tests.MultiplyServiceTest')
data.setCell(20, 3, 28);
data.setCell(21, 0, 21)
data.setCell(21, 1, 'divisionTest1_NonNumbers_400BadRequest')
data.setCell(21, 2, 'com.automation.tests.DivisionServiceTest')
data.setCell(21, 3, 28);
data.setCell(22, 0, 22)
data.setCell(22, 1, 'multiplytest2_OneNumberAsNull_400BadRequest')
data.setCell(22, 2, 'com.automation.tests.MultiplyServiceTest')
data.setCell(22, 3, 27);
data.setCell(23, 0, 23)
data.setCell(23, 1, 'maxTest5_OneNullInSet_200Ok')
data.setCell(23, 2, 'com.automation.tests.MaxMinServicesTest')
data.setCell(23, 3, 27);
data.setCell(24, 0, 24)
data.setCell(24, 1, 'maxTest2_SpecialCharactersInSet_400BadRequest')
data.setCell(24, 2, 'com.automation.tests.MaxMinServicesTest')
data.setCell(24, 3, 27);
data.setCell(25, 0, 25)
data.setCell(25, 1, 'additionTest1_Non_Integers_400BadRequest')
data.setCell(25, 2, 'com.automation.tests.AdditionServiceTest')
data.setCell(25, 3, 26);
data.setCell(26, 0, 26)
data.setCell(26, 1, 'intersectionTest2_NonIntegersBothSets_400BadRequest')
data.setCell(26, 2, 'com.automation.tests.UnionIntersectServiceTest')
data.setCell(26, 3, 26);
data.setCell(27, 0, 27)
data.setCell(27, 1, 'maxTest4_AllNegativeNumbersInSet_200Ok')
data.setCell(27, 2, 'com.automation.tests.MaxMinServicesTest')
data.setCell(27, 3, 25);
data.setCell(28, 0, 28)
data.setCell(28, 1, 'maxTest')
data.setCell(28, 2, 'com.automation.tests.APIIntegrationTest')
data.setCell(28, 3, 25);
data.setCell(29, 0, 29)
data.setCell(29, 1, 'unionTest')
data.setCell(29, 2, 'com.automation.tests.APIIntegrationTest')
data.setCell(29, 3, 24);
data.setCell(30, 0, 30)
data.setCell(30, 1, 'intersectionTest4_NullsPresentInBothSets_200Ok')
data.setCell(30, 2, 'com.automation.tests.UnionIntersectServiceTest')
data.setCell(30, 3, 24);
data.setCell(31, 0, 31)
data.setCell(31, 1, 'additionTest5_OneNegativeOnePositiveNumber_200Ok')
data.setCell(31, 2, 'com.automation.tests.AdditionServiceTest')
data.setCell(31, 3, 24);
data.setCell(32, 0, 32)
data.setCell(32, 1, 'additionTest_400_Bad_Request_non_integer')
data.setCell(32, 2, 'com.automation.tests.ErrorCodesTest')
data.setCell(32, 3, 23);
data.setCell(33, 0, 33)
data.setCell(33, 1, 'minTest3_NegativeNumbersInSet_200_Ok')
data.setCell(33, 2, 'com.automation.tests.MaxMinServicesTest')
data.setCell(33, 3, 23);
data.setCell(34, 0, 34)
data.setCell(34, 1, 'unionTest5_NullsInLeftSet_200Ok')
data.setCell(34, 2, 'com.automation.tests.UnionIntersectServiceTest')
data.setCell(34, 3, 23);
data.setCell(35, 0, 35)
data.setCell(35, 1, 'statusCode_415_UnsupportedMediaType')
data.setCell(35, 2, 'com.automation.tests.ErrorCodesTest')
data.setCell(35, 3, 22);
data.setCell(36, 0, 36)
data.setCell(36, 1, 'minTest5_OneNullInSet_200_Ok')
data.setCell(36, 2, 'com.automation.tests.MaxMinServicesTest')
data.setCell(36, 3, 22);
data.setCell(37, 0, 37)
data.setCell(37, 1, 'unionTest6_NullsInBothSets_200Ok')
data.setCell(37, 2, 'com.automation.tests.UnionIntersectServiceTest')
data.setCell(37, 3, 22);
data.setCell(38, 0, 38)
data.setCell(38, 1, 'intersectionTest3_NegativeNumbersInBothSets_200Ok')
data.setCell(38, 2, 'com.automation.tests.UnionIntersectServiceTest')
data.setCell(38, 3, 22);
data.setCell(39, 0, 39)
data.setCell(39, 1, 'multiplytest3_OneNumberAndOneSpecialCharacter_400BadRequest')
data.setCell(39, 2, 'com.automation.tests.MultiplyServiceTest')
data.setCell(39, 3, 21);
data.setCell(40, 0, 40)
data.setCell(40, 1, 'maxTest3_NegativeNumbersInSet_200Ok')
data.setCell(40, 2, 'com.automation.tests.MaxMinServicesTest')
data.setCell(40, 3, 21);
data.setCell(41, 0, 41)
data.setCell(41, 1, 'divisionTest8_DivisorFloat_200Ok')
data.setCell(41, 2, 'com.automation.tests.DivisionServiceTest')
data.setCell(41, 3, 21);
data.setCell(42, 0, 42)
data.setCell(42, 1, 'additionTest4_NegativeNumbers_200Ok')
data.setCell(42, 2, 'com.automation.tests.AdditionServiceTest')
data.setCell(42, 3, 20);
data.setCell(43, 0, 43)
data.setCell(43, 1, 'statusCode_500_InternalServerError')
data.setCell(43, 2, 'com.automation.tests.ErrorCodesTest')
data.setCell(43, 3, 19);
data.setCell(44, 0, 44)
data.setCell(44, 1, 'divisionTest6_DividendNegative_200Ok')
data.setCell(44, 2, 'com.automation.tests.DivisionServiceTest')
data.setCell(44, 3, 18);
data.setCell(45, 0, 45)
data.setCell(45, 1, 'maxTest1_NonIntegersInSet_400BadRequest')
data.setCell(45, 2, 'com.automation.tests.MaxMinServicesTest')
data.setCell(45, 3, 17);
data.setCell(46, 0, 46)
data.setCell(46, 1, 'unionTest4_NegativeNumbersInBothSets_200Ok')
data.setCell(46, 2, 'com.automation.tests.UnionIntersectServiceTest')
data.setCell(46, 3, 17);
data.setCell(47, 0, 47)
data.setCell(47, 1, 'statusCode_405_MethodNotAllowed')
data.setCell(47, 2, 'com.automation.tests.ErrorCodesTest')
data.setCell(47, 3, 16);
data.setCell(48, 0, 48)
data.setCell(48, 1, 'statusCode_401_UNAUTHORIZED_addition_path')
data.setCell(48, 2, 'com.automation.tests.ErrorCodesTest')
data.setCell(48, 3, 16);
data.setCell(49, 0, 49)
data.setCell(49, 1, 'divisionTest2_DivisorNull_400BadRequest')
data.setCell(49, 2, 'com.automation.tests.DivisionServiceTest')
data.setCell(49, 3, 14);
data.setCell(50, 0, 50)
data.setCell(50, 1, 'additionTest2_OneNumberAsNull_400BadRequest')
data.setCell(50, 2, 'com.automation.tests.AdditionServiceTest')
data.setCell(50, 3, 14);
data.setCell(51, 0, 51)
data.setCell(51, 1, 'divisionTest5_BothNegativeNumbers_200Ok')
data.setCell(51, 2, 'com.automation.tests.DivisionServiceTest')
data.setCell(51, 3, 13);
data.setCell(52, 0, 52)
data.setCell(52, 1, 'unionTest3_NegativeNumbersInLeftSet_200Ok')
data.setCell(52, 2, 'com.automation.tests.UnionIntersectServiceTest')
data.setCell(52, 3, 13);
data.setCell(53, 0, 53)
data.setCell(53, 1, 'statusCode_404_NOT_FOUND')
data.setCell(53, 2, 'com.automation.tests.ErrorCodesTest')
data.setCell(53, 3, 11);
data.setCell(54, 0, 54)
data.setCell(54, 1, 'divisionTest6_DivisorNegative_200Ok')
data.setCell(54, 2, 'com.automation.tests.DivisionServiceTest')
data.setCell(54, 3, 11);
window.suiteTableData['Default_suite']= { tableData: data, tableDiv: 'times-div-Default_suite'}
return data;
}
              </script>
              <span class="suite-total-time">Total running time: 3 seconds</span>
              <div id="times-div-Default_suite">
              </div> <!-- times-div-Default_suite -->
            </div> <!-- times-div -->
          </div> <!-- main-panel-content rounded-window-bottom -->
        </div> <!-- panel -->
        <div panel-name="reporter-Default_suite" class="panel">
          <div class="main-panel-header rounded-window-top">
            <span class="header-content">Reporter output for Default suite</span>
          </div> <!-- main-panel-header rounded-window-top -->
          <div class="main-panel-content rounded-window-bottom">
          </div> <!-- main-panel-content rounded-window-bottom -->
        </div> <!-- panel -->
        <div panel-name="ignored-methods-Default_suite" class="panel">
          <div class="main-panel-header rounded-window-top">
            <span class="header-content">0 ignored methods</span>
          </div> <!-- main-panel-header rounded-window-top -->
          <div class="main-panel-content rounded-window-bottom">
          </div> <!-- main-panel-content rounded-window-bottom -->
        </div> <!-- panel -->
        <div panel-name="chronological-Default_suite" class="panel">
          <div class="main-panel-header rounded-window-top">
            <span class="header-content">Methods in chronological order</span>
          </div> <!-- main-panel-header rounded-window-top -->
          <div class="main-panel-content rounded-window-bottom">
            <div class="chronological-class">
              <div class="chronological-class-name">com.automation.tests.APIIntegrationTest</div> <!-- chronological-class-name -->
              <div class="configuration-method before">
                <span class="method-name">setUp</span>
                <span class="method-start">0 ms</span>
              </div> <!-- configuration-method before -->
              <div class="test-method">
                <span class="method-name">additionTest</span>
                <span class="method-start">10 ms</span>
              </div> <!-- test-method -->
              <div class="test-method">
                <span class="method-name">divisionTest</span>
                <span class="method-start">1776 ms</span>
              </div> <!-- test-method -->
              <div class="configuration-method before">
                <span class="method-name">setUp</span>
                <span class="method-start">1776 ms</span>
              </div> <!-- configuration-method before -->
              <div class="test-method">
                <span class="method-name">intersectionTest</span>
                <span class="method-start">1833 ms</span>
              </div> <!-- test-method -->
              <div class="configuration-method before">
                <span class="method-name">setUp</span>
                <span class="method-start">1833 ms</span>
              </div> <!-- configuration-method before -->
              <div class="configuration-method before">
                <span class="method-name">setUp</span>
                <span class="method-start">1875 ms</span>
              </div> <!-- configuration-method before -->
              <div class="test-method">
                <span class="method-name">maxTest</span>
                <span class="method-start">1876 ms</span>
              </div> <!-- test-method -->
              <div class="configuration-method before">
                <span class="method-name">setUp</span>
                <span class="method-start">1903 ms</span>
              </div> <!-- configuration-method before -->
              <div class="test-method">
                <span class="method-name">minTest</span>
                <span class="method-start">1904 ms</span>
              </div> <!-- test-method -->
              <div class="configuration-method before">
                <span class="method-name">setUp</span>
                <span class="method-start">1943 ms</span>
              </div> <!-- configuration-method before -->
              <div class="test-method">
                <span class="method-name">multiplytest</span>
                <span class="method-start">1944 ms</span>
              </div> <!-- test-method -->
              <div class="configuration-method before">
                <span class="method-name">setUp</span>
                <span class="method-start">1983 ms</span>
              </div> <!-- configuration-method before -->
              <div class="test-method">
                <span class="method-name">unionTest</span>
                <span class="method-start">1983 ms</span>
              </div> <!-- test-method -->
            </div> <!-- chronological-class -->
            <div class="chronological-class">
              <div class="chronological-class-name">com.automation.tests.MultiplyServiceTest</div> <!-- chronological-class-name -->
              <div class="configuration-method before">
                <span class="method-name">setUp</span>
                <span class="method-start">2008 ms</span>
              </div> <!-- configuration-method before -->
              <div class="test-method">
                <span class="method-name">multiplytest1_Non_Integers_400BadRequest</span>
                <span class="method-start">2009 ms</span>
              </div> <!-- test-method -->
              <div class="configuration-method before">
                <span class="method-name">setUp</span>
                <span class="method-start">2050 ms</span>
              </div> <!-- configuration-method before -->
              <div class="test-method">
                <span class="method-name">multiplytest2_OneNumberAsNull_400BadRequest</span>
                <span class="method-start">2051 ms</span>
              </div> <!-- test-method -->
              <div class="configuration-method before">
                <span class="method-name">setUp</span>
                <span class="method-start">2080 ms</span>
              </div> <!-- configuration-method before -->
              <div class="test-method">
                <span class="method-name">multiplytest3_OneNumberAndOneSpecialCharacter_400BadRequest</span>
                <span class="method-start">2081 ms</span>
              </div> <!-- test-method -->
              <div class="test-method">
                <span class="method-name">multiplytest4_BothNegativeNumbers_200Ok</span>
                <span class="method-start">2104 ms</span>
              </div> <!-- test-method -->
              <div class="configuration-method before">
                <span class="method-name">setUp</span>
                <span class="method-start">2104 ms</span>
              </div> <!-- configuration-method before -->
              <div class="configuration-method before">
                <span class="method-name">setUp</span>
                <span class="method-start">2133 ms</span>
              </div> <!-- configuration-method before -->
              <div class="test-method">
                <span class="method-name">multiplytest5_OneNegativeInteger_200Ok</span>
                <span class="method-start">2134 ms</span>
              </div> <!-- test-method -->
              <div class="configuration-method before">
                <span class="method-name">setUp</span>
                <span class="method-start">2194 ms</span>
              </div> <!-- configuration-method before -->
              <div class="test-method">
                <img src="failed.png">
                </img>
                <span class="method-name">multiplytest6_DecimalNumbers_200Ok</span>
                <span class="method-start">2195 ms</span>
              </div> <!-- test-method -->
            </div> <!-- chronological-class -->
            <div class="chronological-class">
              <div class="chronological-class-name">com.automation.tests.ErrorCodesTest</div> <!-- chronological-class-name -->
              <div class="configuration-method before">
                <span class="method-name">setUp</span>
                <span class="method-start">2237 ms</span>
              </div> <!-- configuration-method before -->
              <div class="test-method">
                <span class="method-name">maxTest1_NonIntegersInSet_400BadRequest</span>
                <span class="method-start">2238 ms</span>
              </div> <!-- test-method -->
              <div class="configuration-method before">
                <span class="method-name">setUp</span>
                <span class="method-start">2292 ms</span>
              </div> <!-- configuration-method before -->
              <div class="test-method">
                <span class="method-name">statusCode_500_InternalServerError</span>
                <span class="method-start">2293 ms</span>
              </div> <!-- test-method -->
              <div class="configuration-method before">
                <span class="method-name">setUp</span>
                <span class="method-start">2313 ms</span>
              </div> <!-- configuration-method before -->
              <div class="test-method">
                <span class="method-name">unionTest1_NonIntegersInLeftSet_400BadRequest</span>
                <span class="method-start">2314 ms</span>
              </div> <!-- test-method -->
            </div> <!-- chronological-class -->
            <div class="chronological-class">
              <div class="chronological-class-name">com.automation.tests.DivisionServiceTest</div> <!-- chronological-class-name -->
              <div class="configuration-method before">
                <span class="method-name">setUp</span>
                <span class="method-start">2344 ms</span>
              </div> <!-- configuration-method before -->
              <div class="test-method">
                <span class="method-name">divisionTest1_NonNumbers_400BadRequest</span>
                <span class="method-start">2345 ms</span>
              </div> <!-- test-method -->
              <div class="configuration-method before">
                <span class="method-name">setUp</span>
                <span class="method-start">2374 ms</span>
              </div> <!-- configuration-method before -->
              <div class="test-method">
                <span class="method-name">divisionTest2_DivisorNull_400BadRequest</span>
                <span class="method-start">2381 ms</span>
              </div> <!-- test-method -->
              <div class="test-method">
                <span class="method-name">divisionTest3_DividendNull_400BadRequest</span>
                <span class="method-start">2396 ms</span>
              </div> <!-- test-method -->
              <div class="configuration-method before">
                <span class="method-name">setUp</span>
                <span class="method-start">2396 ms</span>
              </div> <!-- configuration-method before -->
              <div class="test-method">
                <span class="method-name">divisionTest4_DivisorSpecialCharacter_400BadRequest</span>
                <span class="method-start">2432 ms</span>
              </div> <!-- test-method -->
              <div class="configuration-method before">
                <span class="method-name">setUp</span>
                <span class="method-start">2432 ms</span>
              </div> <!-- configuration-method before -->
              <div class="test-method">
                <span class="method-name">divisionTest5_BothNegativeNumbers_200Ok</span>
                <span class="method-start">2473 ms</span>
              </div> <!-- test-method -->
              <div class="configuration-method before">
                <span class="method-name">setUp</span>
                <span class="method-start">2473 ms</span>
              </div> <!-- configuration-method before -->
              <div class="test-method">
                <span class="method-name">divisionTest6_DividendNegative_200Ok</span>
                <span class="method-start">2487 ms</span>
              </div> <!-- test-method -->
              <div class="configuration-method before">
                <span class="method-name">setUp</span>
                <span class="method-start">2487 ms</span>
              </div> <!-- configuration-method before -->
              <div class="test-method">
                <span class="method-name">divisionTest6_DivisorNegative_200Ok</span>
                <span class="method-start">2506 ms</span>
              </div> <!-- test-method -->
              <div class="configuration-method before">
                <span class="method-name">setUp</span>
                <span class="method-start">2506 ms</span>
              </div> <!-- configuration-method before -->
              <div class="test-method">
                <img src="failed.png">
                </img>
                <span class="method-name">divisionTest7_DividendFloat_200Ok</span>
                <span class="method-start">2518 ms</span>
              </div> <!-- test-method -->
              <div class="configuration-method before">
                <span class="method-name">setUp</span>
                <span class="method-start">2518 ms</span>
              </div> <!-- configuration-method before -->
              <div class="configuration-method before">
                <span class="method-name">setUp</span>
                <span class="method-start">2550 ms</span>
              </div> <!-- configuration-method before -->
              <div class="test-method">
                <img src="failed.png">
                </img>
                <span class="method-name">divisionTest8_DivisorFloat_200Ok</span>
                <span class="method-start">2551 ms</span>
              </div> <!-- test-method -->
            </div> <!-- chronological-class -->
            <div class="chronological-class">
              <div class="chronological-class-name">com.automation.tests.MaxMinServicesTest</div> <!-- chronological-class-name -->
              <div class="test-method">
                <span class="method-name">maxTest1_NonIntegersInSet_400BadRequest</span>
                <span class="method-start">2574 ms</span>
              </div> <!-- test-method -->
              <div class="configuration-method before">
                <span class="method-name">setUp</span>
                <span class="method-start">2574 ms</span>
              </div> <!-- configuration-method before -->
              <div class="configuration-method before">
                <span class="method-name">setUp</span>
                <span class="method-start">2592 ms</span>
              </div> <!-- configuration-method before -->
              <div class="test-method">
                <span class="method-name">maxTest2_SpecialCharactersInSet_400BadRequest</span>
                <span class="method-start">2593 ms</span>
              </div> <!-- test-method -->
              <div class="configuration-method before">
                <span class="method-name">setUp</span>
                <span class="method-start">2621 ms</span>
              </div> <!-- configuration-method before -->
              <div class="test-method">
                <span class="method-name">maxTest3_NegativeNumbersInSet_200Ok</span>
                <span class="method-start">2622 ms</span>
              </div> <!-- test-method -->
              <div class="configuration-method before">
                <span class="method-name">setUp</span>
                <span class="method-start">2644 ms</span>
              </div> <!-- configuration-method before -->
              <div class="test-method">
                <span class="method-name">maxTest4_AllNegativeNumbersInSet_200Ok</span>
                <span class="method-start">2645 ms</span>
              </div> <!-- test-method -->
              <div class="configuration-method before">
                <span class="method-name">setUp</span>
                <span class="method-start">2671 ms</span>
              </div> <!-- configuration-method before -->
              <div class="test-method">
                <span class="method-name">maxTest5_OneNullInSet_200Ok</span>
                <span class="method-start">2672 ms</span>
              </div> <!-- test-method -->
              <div class="configuration-method before">
                <span class="method-name">setUp</span>
                <span class="method-start">2699 ms</span>
              </div> <!-- configuration-method before -->
              <div class="test-method">
                <span class="method-name">minTest1_NonIntegersInSet_400_BadRequest</span>
                <span class="method-start">2700 ms</span>
              </div> <!-- test-method -->
              <div class="configuration-method before">
                <span class="method-name">setUp</span>
                <span class="method-start">2746 ms</span>
              </div> <!-- configuration-method before -->
              <div class="test-method">
                <span class="method-name">minTest2_SpecialCharactersInSet_400_BadRequest</span>
                <span class="method-start">2748 ms</span>
              </div> <!-- test-method -->
              <div class="test-method">
                <span class="method-name">minTest3_NegativeNumbersInSet_200_Ok</span>
                <span class="method-start">2818 ms</span>
              </div> <!-- test-method -->
              <div class="configuration-method before">
                <span class="method-name">setUp</span>
                <span class="method-start">2818 ms</span>
              </div> <!-- configuration-method before -->
              <div class="test-method">
                <span class="method-name">minTest4_AllNegativeNumbersInSet_200_Ok</span>
                <span class="method-start">2842 ms</span>
              </div> <!-- test-method -->
              <div class="configuration-method before">
                <span class="method-name">setUp</span>
                <span class="method-start">2842 ms</span>
              </div> <!-- configuration-method before -->
              <div class="configuration-method before">
                <span class="method-name">setUp</span>
                <span class="method-start">2899 ms</span>
              </div> <!-- configuration-method before -->
              <div class="test-method">
                <span class="method-name">minTest5_OneNullInSet_200_Ok</span>
                <span class="method-start">2900 ms</span>
              </div> <!-- test-method -->
            </div> <!-- chronological-class -->
            <div class="chronological-class">
              <div class="chronological-class-name">com.automation.tests.ErrorCodesTest</div> <!-- chronological-class-name -->
              <div class="configuration-method before">
                <span class="method-name">setUp</span>
                <span class="method-start">2923 ms</span>
              </div> <!-- configuration-method before -->
              <div class="test-method">
                <span class="method-name">statusCode_404_NOT_FOUND</span>
                <span class="method-start">2924 ms</span>
              </div> <!-- test-method -->
              <div class="test-method">
                <span class="method-name">additionTest_400_Bad_Request_non_integer</span>
                <span class="method-start">2936 ms</span>
              </div> <!-- test-method -->
              <div class="configuration-method before">
                <span class="method-name">setUp</span>
                <span class="method-start">2936 ms</span>
              </div> <!-- configuration-method before -->
              <div class="configuration-method before">
                <span class="method-name">setUp</span>
                <span class="method-start">2961 ms</span>
              </div> <!-- configuration-method before -->
              <div class="test-method">
                <span class="method-name">statusCode_405_MethodNotAllowed</span>
                <span class="method-start">2961 ms</span>
              </div> <!-- test-method -->
              <div class="configuration-method before">
                <span class="method-name">setUp</span>
                <span class="method-start">2978 ms</span>
              </div> <!-- configuration-method before -->
              <div class="test-method">
                <span class="method-name">statusCode_415_UnsupportedMediaType</span>
                <span class="method-start">2979 ms</span>
              </div> <!-- test-method -->
              <div class="configuration-method before">
                <span class="method-name">setUp</span>
                <span class="method-start">3002 ms</span>
              </div> <!-- configuration-method before -->
              <div class="test-method">
                <span class="method-name">statusCode_401_UNAUTHORIZED_addition_path</span>
                <span class="method-start">3002 ms</span>
              </div> <!-- test-method -->
            </div> <!-- chronological-class -->
            <div class="chronological-class">
              <div class="chronological-class-name">com.automation.tests.UnionIntersectServiceTest</div> <!-- chronological-class-name -->
              <div class="configuration-method before">
                <span class="method-name">setUp</span>
                <span class="method-start">3020 ms</span>
              </div> <!-- configuration-method before -->
              <div class="test-method">
                <span class="method-name">intersectionTest1_NonIntegersInLeftSet_400BadRequest</span>
                <span class="method-start">3021 ms</span>
              </div> <!-- test-method -->
              <div class="test-method">
                <span class="method-name">intersectionTest2_NonIntegersBothSets_400BadRequest</span>
                <span class="method-start">3053 ms</span>
              </div> <!-- test-method -->
              <div class="configuration-method before">
                <span class="method-name">setUp</span>
                <span class="method-start">3053 ms</span>
              </div> <!-- configuration-method before -->
              <div class="test-method">
                <span class="method-name">intersectionTest3_NegativeNumbersInBothSets_200Ok</span>
                <span class="method-start">3081 ms</span>
              </div> <!-- test-method -->
              <div class="configuration-method before">
                <span class="method-name">setUp</span>
                <span class="method-start">3081 ms</span>
              </div> <!-- configuration-method before -->
              <div class="test-method">
                <span class="method-name">intersectionTest4_NullsPresentInBothSets_200Ok</span>
                <span class="method-start">3104 ms</span>
              </div> <!-- test-method -->
              <div class="configuration-method before">
                <span class="method-name">setUp</span>
                <span class="method-start">3104 ms</span>
              </div> <!-- configuration-method before -->
              <div class="configuration-method before">
                <span class="method-name">setUp</span>
                <span class="method-start">3129 ms</span>
              </div> <!-- configuration-method before -->
              <div class="test-method">
                <span class="method-name">unionTest1_NonIntegersInLeftSet_400BadRequest</span>
                <span class="method-start">3129 ms</span>
              </div> <!-- test-method -->
              <div class="configuration-method before">
                <span class="method-name">setUp</span>
                <span class="method-start">3167 ms</span>
              </div> <!-- configuration-method before -->
              <div class="test-method">
                <span class="method-name">unionTest2_NonIntegersInRightSet_400BadRequest</span>
                <span class="method-start">3167 ms</span>
              </div> <!-- test-method -->
              <div class="configuration-method before">
                <span class="method-name">setUp</span>
                <span class="method-start">3227 ms</span>
              </div> <!-- configuration-method before -->
              <div class="test-method">
                <span class="method-name">unionTest3_NegativeNumbersInLeftSet_200Ok</span>
                <span class="method-start">3227 ms</span>
              </div> <!-- test-method -->
              <div class="configuration-method before">
                <span class="method-name">setUp</span>
                <span class="method-start">3241 ms</span>
              </div> <!-- configuration-method before -->
              <div class="test-method">
                <span class="method-name">unionTest4_NegativeNumbersInBothSets_200Ok</span>
                <span class="method-start">3241 ms</span>
              </div> <!-- test-method -->
              <div class="configuration-method before">
                <span class="method-name">setUp</span>
                <span class="method-start">3259 ms</span>
              </div> <!-- configuration-method before -->
              <div class="test-method">
                <span class="method-name">unionTest5_NullsInLeftSet_200Ok</span>
                <span class="method-start">3260 ms</span>
              </div> <!-- test-method -->
              <div class="configuration-method before">
                <span class="method-name">setUp</span>
                <span class="method-start">3284 ms</span>
              </div> <!-- configuration-method before -->
              <div class="test-method">
                <span class="method-name">unionTest6_NullsInBothSets_200Ok</span>
                <span class="method-start">3285 ms</span>
              </div> <!-- test-method -->
            </div> <!-- chronological-class -->
            <div class="chronological-class">
              <div class="chronological-class-name">com.automation.tests.AdditionServiceTest</div> <!-- chronological-class-name -->
              <div class="configuration-method before">
                <span class="method-name">setUp</span>
                <span class="method-start">3308 ms</span>
              </div> <!-- configuration-method before -->
              <div class="test-method">
                <span class="method-name">additionTest1_Non_Integers_400BadRequest</span>
                <span class="method-start">3309 ms</span>
              </div> <!-- test-method -->
              <div class="test-method">
                <span class="method-name">additionTest2_OneNumberAsNull_400BadRequest</span>
                <span class="method-start">3336 ms</span>
              </div> <!-- test-method -->
              <div class="configuration-method before">
                <span class="method-name">setUp</span>
                <span class="method-start">3336 ms</span>
              </div> <!-- configuration-method before -->
              <div class="configuration-method before">
                <span class="method-name">setUp</span>
                <span class="method-start">3351 ms</span>
              </div> <!-- configuration-method before -->
              <div class="test-method">
                <span class="method-name">additionTest3_OneNumberAndOneSpecialCharacter_400BadRequest</span>
                <span class="method-start">3352 ms</span>
              </div> <!-- test-method -->
              <div class="configuration-method before">
                <span class="method-name">setUp</span>
                <span class="method-start">3387 ms</span>
              </div> <!-- configuration-method before -->
              <div class="test-method">
                <span class="method-name">additionTest4_NegativeNumbers_200Ok</span>
                <span class="method-start">3388 ms</span>
              </div> <!-- test-method -->
              <div class="test-method">
                <span class="method-name">additionTest5_OneNegativeOnePositiveNumber_200Ok</span>
                <span class="method-start">3409 ms</span>
              </div> <!-- test-method -->
              <div class="configuration-method before">
                <span class="method-name">setUp</span>
                <span class="method-start">3409 ms</span>
              </div> <!-- configuration-method before -->
          </div> <!-- main-panel-content rounded-window-bottom -->
        </div> <!-- panel -->
      </div> <!-- main-panel-root -->
    </div> <!-- wrapper -->
  </body>
</html>
