<?xml version="1.0" encoding="UTF-8"?>
<testng-results skipped="0" failed="3" total="55" passed="52">
  <reporter-output>
  </reporter-output>
  <suite name="Default suite" duration-ms="4262" started-at="2018-06-11T03:52:33Z" finished-at="2018-06-11T03:52:37Z">
    <groups>
    </groups>
    <test name="Default test" duration-ms="4262" started-at="2018-06-11T03:52:33Z" finished-at="2018-06-11T03:52:37Z">
      <class name="com.automation.tests.ErrorCodesTest">
        <test-method status="PASS" signature="setUp()[pri:0, instance:com.automation.tests.ErrorCodesTest@46d56d67]" name="setUp" is-config="true" duration-ms="1" started-at="2018-06-10T23:52:35Z" finished-at="2018-06-10T23:52:35Z">
          <reporter-output>
          </reporter-output>
        </test-method> <!-- setUp -->
        <test-method status="PASS" signature="maxTest1_NonIntegersInSet_400BadRequest()[pri:0, instance:com.automation.tests.ErrorCodesTest@46d56d67]" name="maxTest1_NonIntegersInSet_400BadRequest" duration-ms="18" started-at="2018-06-10T23:52:35Z" finished-at="2018-06-10T23:52:35Z">
          <reporter-output>
          </reporter-output>
        </test-method> <!-- maxTest1_NonIntegersInSet_400BadRequest -->
        <test-method status="PASS" signature="setUp()[pri:0, instance:com.automation.tests.ErrorCodesTest@46d56d67]" name="setUp" is-config="true" duration-ms="1" started-at="2018-06-10T23:52:35Z" finished-at="2018-06-10T23:52:35Z">
          <reporter-output>
          </reporter-output>
        </test-method> <!-- setUp -->
        <test-method status="PASS" signature="statusCode_500_InternalServerError()[pri:0, instance:com.automation.tests.ErrorCodesTest@46d56d67]" name="statusCode_500_InternalServerError" duration-ms="16" started-at="2018-06-10T23:52:35Z" finished-at="2018-06-10T23:52:35Z">
          <reporter-output>
          </reporter-output>
        </test-method> <!-- statusCode_500_InternalServerError -->
        <test-method status="PASS" signature="unionTest1_NonIntegersInLeftSet_400BadRequest()[pri:0, instance:com.automation.tests.ErrorCodesTest@46d56d67]" name="unionTest1_NonIntegersInLeftSet_400BadRequest" duration-ms="40" started-at="2018-06-10T23:52:35Z" finished-at="2018-06-10T23:52:35Z">
          <reporter-output>
          </reporter-output>
        </test-method> <!-- unionTest1_NonIntegersInLeftSet_400BadRequest -->
        <test-method status="PASS" signature="setUp()[pri:0, instance:com.automation.tests.ErrorCodesTest@46d56d67]" name="setUp" is-config="true" duration-ms="0" started-at="2018-06-10T23:52:35Z" finished-at="2018-06-10T23:52:35Z">
          <reporter-output>
          </reporter-output>
        </test-method> <!-- setUp -->
        <test-method status="PASS" signature="setUp()[pri:0, instance:com.automation.tests.ErrorCodesTest@46d56d67]" name="setUp" is-config="true" duration-ms="1" started-at="2018-06-10T23:52:37Z" finished-at="2018-06-10T23:52:37Z">
          <reporter-output>
          </reporter-output>
        </test-method> <!-- setUp -->
        <test-method status="PASS" signature="statusCode_404_NOT_FOUND()[pri:0, instance:com.automation.tests.ErrorCodesTest@46d56d67]" name="statusCode_404_NOT_FOUND" duration-ms="30" started-at="2018-06-10T23:52:37Z" finished-at="2018-06-10T23:52:37Z">
          <reporter-output>
          </reporter-output>
        </test-method> <!-- statusCode_404_NOT_FOUND -->
        <test-method status="PASS" signature="additionTest_400_Bad_Request_non_integer()[pri:0, instance:com.automation.tests.ErrorCodesTest@46d56d67]" name="additionTest_400_Bad_Request_non_integer" duration-ms="25" started-at="2018-06-10T23:52:37Z" finished-at="2018-06-10T23:52:37Z">
          <reporter-output>
          </reporter-output>
        </test-method> <!-- additionTest_400_Bad_Request_non_integer -->
        <test-method status="PASS" signature="setUp()[pri:0, instance:com.automation.tests.ErrorCodesTest@46d56d67]" name="setUp" is-config="true" duration-ms="0" started-at="2018-06-10T23:52:37Z" finished-at="2018-06-10T23:52:37Z">
          <reporter-output>
          </reporter-output>
        </test-method> <!-- setUp -->
        <test-method status="PASS" signature="setUp()[pri:0, instance:com.automation.tests.ErrorCodesTest@46d56d67]" name="setUp" is-config="true" duration-ms="1" started-at="2018-06-10T23:52:37Z" finished-at="2018-06-10T23:52:37Z">
          <reporter-output>
          </reporter-output>
        </test-method> <!-- setUp -->
        <test-method status="PASS" signature="statusCode_405_MethodNotAllowed()[pri:0, instance:com.automation.tests.ErrorCodesTest@46d56d67]" name="statusCode_405_MethodNotAllowed" duration-ms="22" started-at="2018-06-10T23:52:37Z" finished-at="2018-06-10T23:52:37Z">
          <reporter-output>
          </reporter-output>
        </test-method> <!-- statusCode_405_MethodNotAllowed -->
        <test-method status="PASS" signature="setUp()[pri:0, instance:com.automation.tests.ErrorCodesTest@46d56d67]" name="setUp" is-config="true" duration-ms="0" started-at="2018-06-10T23:52:37Z" finished-at="2018-06-10T23:52:37Z">
          <reporter-output>
          </reporter-output>
        </test-method> <!-- setUp -->
        <test-method status="PASS" signature="statusCode_415_UnsupportedMediaType()[pri:0, instance:com.automation.tests.ErrorCodesTest@46d56d67]" name="statusCode_415_UnsupportedMediaType" duration-ms="23" started-at="2018-06-10T23:52:37Z" finished-at="2018-06-10T23:52:37Z">
          <reporter-output>
          </reporter-output>
        </test-method> <!-- statusCode_415_UnsupportedMediaType -->
        <test-method status="PASS" signature="setUp()[pri:0, instance:com.automation.tests.ErrorCodesTest@46d56d67]" name="setUp" is-config="true" duration-ms="0" started-at="2018-06-10T23:52:37Z" finished-at="2018-06-10T23:52:37Z">
          <reporter-output>
          </reporter-output>
        </test-method> <!-- setUp -->
        <test-method status="PASS" signature="statusCode_401_UNAUTHORIZED_addition_path()[pri:0, instance:com.automation.tests.ErrorCodesTest@46d56d67]" name="statusCode_401_UNAUTHORIZED_addition_path" duration-ms="15" started-at="2018-06-10T23:52:37Z" finished-at="2018-06-10T23:52:37Z">
          <reporter-output>
          </reporter-output>
        </test-method> <!-- statusCode_401_UNAUTHORIZED_addition_path -->
      </class> <!-- com.automation.tests.ErrorCodesTest -->
      <class name="com.automation.tests.DivisionServiceTest">
        <test-method status="PASS" signature="setUp()[pri:0, instance:com.automation.tests.DivisionServiceTest@d8355a8]" name="setUp" is-config="true" duration-ms="1" started-at="2018-06-10T23:52:35Z" finished-at="2018-06-10T23:52:35Z">
          <reporter-output>
          </reporter-output>
        </test-method> <!-- setUp -->
        <test-method status="PASS" signature="divisionTest1_NonNumbers_400BadRequest()[pri:0, instance:com.automation.tests.DivisionServiceTest@d8355a8]" name="divisionTest1_NonNumbers_400BadRequest" duration-ms="29" started-at="2018-06-10T23:52:35Z" finished-at="2018-06-10T23:52:36Z">
          <reporter-output>
          </reporter-output>
        </test-method> <!-- divisionTest1_NonNumbers_400BadRequest -->
        <test-method status="PASS" signature="setUp()[pri:0, instance:com.automation.tests.DivisionServiceTest@d8355a8]" name="setUp" is-config="true" duration-ms="1" started-at="2018-06-10T23:52:36Z" finished-at="2018-06-10T23:52:36Z">
          <reporter-output>
          </reporter-output>
        </test-method> <!-- setUp -->
        <test-method status="PASS" signature="divisionTest2_DivisorNull_400BadRequest()[pri:0, instance:com.automation.tests.DivisionServiceTest@d8355a8]" name="divisionTest2_DivisorNull_400BadRequest" duration-ms="35" started-at="2018-06-10T23:52:36Z" finished-at="2018-06-10T23:52:36Z">
          <reporter-output>
          </reporter-output>
        </test-method> <!-- divisionTest2_DivisorNull_400BadRequest -->
        <test-method status="PASS" signature="setUp()[pri:0, instance:com.automation.tests.DivisionServiceTest@d8355a8]" name="setUp" is-config="true" duration-ms="0" started-at="2018-06-10T23:52:36Z" finished-at="2018-06-10T23:52:36Z">
          <reporter-output>
          </reporter-output>
        </test-method> <!-- setUp -->
        <test-method status="PASS" signature="divisionTest3_DividendNull_400BadRequest()[pri:0, instance:com.automation.tests.DivisionServiceTest@d8355a8]" name="divisionTest3_DividendNull_400BadRequest" duration-ms="17" started-at="2018-06-10T23:52:36Z" finished-at="2018-06-10T23:52:36Z">
          <reporter-output>
          </reporter-output>
        </test-method> <!-- divisionTest3_DividendNull_400BadRequest -->
        <test-method status="PASS" signature="setUp()[pri:0, instance:com.automation.tests.DivisionServiceTest@d8355a8]" name="setUp" is-config="true" duration-ms="1" started-at="2018-06-10T23:52:36Z" finished-at="2018-06-10T23:52:36Z">
          <reporter-output>
          </reporter-output>
        </test-method> <!-- setUp -->
        <test-method status="PASS" signature="divisionTest4_DivisorSpecialCharacter_400BadRequest()[pri:0, instance:com.automation.tests.DivisionServiceTest@d8355a8]" name="divisionTest4_DivisorSpecialCharacter_400BadRequest" duration-ms="41" started-at="2018-06-10T23:52:36Z" finished-at="2018-06-10T23:52:36Z">
          <reporter-output>
          </reporter-output>
        </test-method> <!-- divisionTest4_DivisorSpecialCharacter_400BadRequest -->
        <test-method status="PASS" signature="setUp()[pri:0, instance:com.automation.tests.DivisionServiceTest@d8355a8]" name="setUp" is-config="true" duration-ms="0" started-at="2018-06-10T23:52:36Z" finished-at="2018-06-10T23:52:36Z">
          <reporter-output>
          </reporter-output>
        </test-method> <!-- setUp -->
        <test-method status="PASS" signature="divisionTest5_BothNegativeNumbers_200Ok()[pri:0, instance:com.automation.tests.DivisionServiceTest@d8355a8]" name="divisionTest5_BothNegativeNumbers_200Ok" duration-ms="95" started-at="2018-06-10T23:52:36Z" finished-at="2018-06-10T23:52:36Z">
          <reporter-output>
          </reporter-output>
        </test-method> <!-- divisionTest5_BothNegativeNumbers_200Ok -->
        <test-method status="PASS" signature="setUp()[pri:0, instance:com.automation.tests.DivisionServiceTest@d8355a8]" name="setUp" is-config="true" duration-ms="0" started-at="2018-06-10T23:52:36Z" finished-at="2018-06-10T23:52:36Z">
          <reporter-output>
          </reporter-output>
        </test-method> <!-- setUp -->
        <test-method status="PASS" signature="divisionTest6_DividendNegative_200Ok()[pri:0, instance:com.automation.tests.DivisionServiceTest@d8355a8]" name="divisionTest6_DividendNegative_200Ok" duration-ms="32" started-at="2018-06-10T23:52:36Z" finished-at="2018-06-10T23:52:36Z">
          <reporter-output>
          </reporter-output>
        </test-method> <!-- divisionTest6_DividendNegative_200Ok -->
        <test-method status="PASS" signature="setUp()[pri:0, instance:com.automation.tests.DivisionServiceTest@d8355a8]" name="setUp" is-config="true" duration-ms="0" started-at="2018-06-10T23:52:36Z" finished-at="2018-06-10T23:52:36Z">
          <reporter-output>
          </reporter-output>
        </test-method> <!-- setUp -->
        <test-method status="PASS" signature="divisionTest6_DivisorNegative_200Ok()[pri:0, instance:com.automation.tests.DivisionServiceTest@d8355a8]" name="divisionTest6_DivisorNegative_200Ok" duration-ms="27" started-at="2018-06-10T23:52:36Z" finished-at="2018-06-10T23:52:36Z">
          <reporter-output>
          </reporter-output>
        </test-method> <!-- divisionTest6_DivisorNegative_200Ok -->
        <test-method status="PASS" signature="setUp()[pri:0, instance:com.automation.tests.DivisionServiceTest@d8355a8]" name="setUp" is-config="true" duration-ms="1" started-at="2018-06-10T23:52:36Z" finished-at="2018-06-10T23:52:36Z">
          <reporter-output>
          </reporter-output>
        </test-method> <!-- setUp -->
        <test-method status="FAIL" signature="divisionTest7_DividendFloat_200Ok()[pri:0, instance:com.automation.tests.DivisionServiceTest@d8355a8]" name="divisionTest7_DividendFloat_200Ok" duration-ms="40" started-at="2018-06-10T23:52:36Z" finished-at="2018-06-10T23:52:36Z">
          <exception class="java.lang.AssertionError">
            <message>
              <![CDATA[expected [200] but found [400]]]>
            </message>
            <full-stacktrace>
              <![CDATA[java.lang.AssertionError: expected [200] but found [400]
	at org.testng.Assert.fail(Assert.java:94)
	at org.testng.Assert.failNotEquals(Assert.java:494)
	at org.testng.Assert.assertEquals(Assert.java:123)
	at org.testng.Assert.assertEquals(Assert.java:370)
	at org.testng.Assert.assertEquals(Assert.java:380)
	at com.automation.tests.DivisionServiceTest.divisionTest7_DividendFloat_200Ok(DivisionServiceTest.java:347)
	at sun.reflect.NativeMethodAccessorImpl.invoke0(Native Method)
	at sun.reflect.NativeMethodAccessorImpl.invoke(NativeMethodAccessorImpl.java:62)
	at sun.reflect.DelegatingMethodAccessorImpl.invoke(DelegatingMethodAccessorImpl.java:43)
	at java.lang.reflect.Method.invoke(Method.java:498)
	at org.testng.internal.MethodInvocationHelper.invokeMethod(MethodInvocationHelper.java:80)
	at org.testng.internal.Invoker.invokeMethod(Invoker.java:714)
	at org.testng.internal.Invoker.invokeTestMethod(Invoker.java:901)
	at org.testng.internal.Invoker.invokeTestMethods(Invoker.java:1231)
	at org.testng.internal.TestMethodWorker.invokeTestMethods(TestMethodWorker.java:127)
	at org.testng.internal.TestMethodWorker.run(TestMethodWorker.java:111)
	at org.testng.TestRunner.privateRun(TestRunner.java:767)
	at org.testng.TestRunner.run(TestRunner.java:617)
	at org.testng.SuiteRunner.runTest(SuiteRunner.java:334)
	at org.testng.SuiteRunner.runSequentially(SuiteRunner.java:329)
	at org.testng.SuiteRunner.privateRun(SuiteRunner.java:291)
	at org.testng.SuiteRunner.run(SuiteRunner.java:240)
	at org.testng.SuiteRunnerWorker.runSuite(SuiteRunnerWorker.java:52)
	at org.testng.SuiteRunnerWorker.run(SuiteRunnerWorker.java:86)
	at org.testng.TestNG.runSuitesSequentially(TestNG.java:1198)
	at org.testng.TestNG.runSuitesLocally(TestNG.java:1123)
	at org.testng.TestNG.run(TestNG.java:1031)
	at org.testng.remote.AbstractRemoteTestNG.run(AbstractRemoteTestNG.java:114)
	at org.testng.remote.RemoteTestNG.initAndRun(RemoteTestNG.java:251)
	at org.testng.remote.RemoteTestNG.main(RemoteTestNG.java:77)
]]>
            </full-stacktrace>
          </exception> <!-- java.lang.AssertionError -->
          <reporter-output>
          </reporter-output>
        </test-method> <!-- divisionTest7_DividendFloat_200Ok -->
        <test-method status="PASS" signature="setUp()[pri:0, instance:com.automation.tests.DivisionServiceTest@d8355a8]" name="setUp" is-config="true" duration-ms="1" started-at="2018-06-10T23:52:36Z" finished-at="2018-06-10T23:52:36Z">
          <reporter-output>
          </reporter-output>
        </test-method> <!-- setUp -->
        <test-method status="FAIL" signature="divisionTest8_DivisorFloat_200Ok()[pri:0, instance:com.automation.tests.DivisionServiceTest@d8355a8]" name="divisionTest8_DivisorFloat_200Ok" duration-ms="337" started-at="2018-06-10T23:52:36Z" finished-at="2018-06-10T23:52:36Z">
          <exception class="java.lang.AssertionError">
            <message>
              <![CDATA[expected [200] but found [400]]]>
            </message>
            <full-stacktrace>
              <![CDATA[java.lang.AssertionError: expected [200] but found [400]
	at org.testng.Assert.fail(Assert.java:94)
	at org.testng.Assert.failNotEquals(Assert.java:494)
	at org.testng.Assert.assertEquals(Assert.java:123)
	at org.testng.Assert.assertEquals(Assert.java:370)
	at org.testng.Assert.assertEquals(Assert.java:380)
	at com.automation.tests.DivisionServiceTest.divisionTest8_DivisorFloat_200Ok(DivisionServiceTest.java:388)
	at sun.reflect.NativeMethodAccessorImpl.invoke0(Native Method)
	at sun.reflect.NativeMethodAccessorImpl.invoke(NativeMethodAccessorImpl.java:62)
	at sun.reflect.DelegatingMethodAccessorImpl.invoke(DelegatingMethodAccessorImpl.java:43)
	at java.lang.reflect.Method.invoke(Method.java:498)
	at org.testng.internal.MethodInvocationHelper.invokeMethod(MethodInvocationHelper.java:80)
	at org.testng.internal.Invoker.invokeMethod(Invoker.java:714)
	at org.testng.internal.Invoker.invokeTestMethod(Invoker.java:901)
	at org.testng.internal.Invoker.invokeTestMethods(Invoker.java:1231)
	at org.testng.internal.TestMethodWorker.invokeTestMethods(TestMethodWorker.java:127)
	at org.testng.internal.TestMethodWorker.run(TestMethodWorker.java:111)
	at org.testng.TestRunner.privateRun(TestRunner.java:767)
	at org.testng.TestRunner.run(TestRunner.java:617)
	at org.testng.SuiteRunner.runTest(SuiteRunner.java:334)
	at org.testng.SuiteRunner.runSequentially(SuiteRunner.java:329)
	at org.testng.SuiteRunner.privateRun(SuiteRunner.java:291)
	at org.testng.SuiteRunner.run(SuiteRunner.java:240)
	at org.testng.SuiteRunnerWorker.runSuite(SuiteRunnerWorker.java:52)
	at org.testng.SuiteRunnerWorker.run(SuiteRunnerWorker.java:86)
	at org.testng.TestNG.runSuitesSequentially(TestNG.java:1198)
	at org.testng.TestNG.runSuitesLocally(TestNG.java:1123)
	at org.testng.TestNG.run(TestNG.java:1031)
	at org.testng.remote.AbstractRemoteTestNG.run(AbstractRemoteTestNG.java:114)
	at org.testng.remote.RemoteTestNG.initAndRun(RemoteTestNG.java:251)
	at org.testng.remote.RemoteTestNG.main(RemoteTestNG.java:77)
]]>
            </full-stacktrace>
          </exception> <!-- java.lang.AssertionError -->
          <reporter-output>
          </reporter-output>
        </test-method> <!-- divisionTest8_DivisorFloat_200Ok -->
      </class> <!-- com.automation.tests.DivisionServiceTest -->
      <class name="com.automation.tests.APIIntegrationTest">
        <test-method status="PASS" signature="setUp()[pri:0, instance:com.automation.tests.APIIntegrationTest@59fa1d9b]" name="setUp" is-config="true" duration-ms="14" started-at="2018-06-10T23:52:33Z" finished-at="2018-06-10T23:52:33Z">
          <reporter-output>
          </reporter-output>
        </test-method> <!-- setUp -->
        <test-method status="PASS" signature="additionTest()[pri:0, instance:com.automation.tests.APIIntegrationTest@59fa1d9b]" name="additionTest" duration-ms="1935" started-at="2018-06-10T23:52:33Z" finished-at="2018-06-10T23:52:35Z">
          <reporter-output>
          </reporter-output>
        </test-method> <!-- additionTest -->
        <test-method status="PASS" signature="divisionTest()[pri:0, instance:com.automation.tests.APIIntegrationTest@59fa1d9b]" name="divisionTest" duration-ms="55" started-at="2018-06-10T23:52:35Z" finished-at="2018-06-10T23:52:35Z">
          <reporter-output>
          </reporter-output>
        </test-method> <!-- divisionTest -->
        <test-method status="PASS" signature="setUp()[pri:0, instance:com.automation.tests.APIIntegrationTest@59fa1d9b]" name="setUp" is-config="true" duration-ms="0" started-at="2018-06-10T23:52:35Z" finished-at="2018-06-10T23:52:35Z">
          <reporter-output>
          </reporter-output>
        </test-method> <!-- setUp -->
        <test-method status="PASS" signature="setUp()[pri:0, instance:com.automation.tests.APIIntegrationTest@59fa1d9b]" name="setUp" is-config="true" duration-ms="1" started-at="2018-06-10T23:52:35Z" finished-at="2018-06-10T23:52:35Z">
          <reporter-output>
          </reporter-output>
        </test-method> <!-- setUp -->
        <test-method status="PASS" signature="intersectionTest()[pri:0, instance:com.automation.tests.APIIntegrationTest@59fa1d9b]" name="intersectionTest" duration-ms="31" started-at="2018-06-10T23:52:35Z" finished-at="2018-06-10T23:52:35Z">
          <reporter-output>
          </reporter-output>
        </test-method> <!-- intersectionTest -->
        <test-method status="PASS" signature="maxTest()[pri:0, instance:com.automation.tests.APIIntegrationTest@59fa1d9b]" name="maxTest" duration-ms="29" started-at="2018-06-10T23:52:35Z" finished-at="2018-06-10T23:52:35Z">
          <reporter-output>
          </reporter-output>
        </test-method> <!-- maxTest -->
        <test-method status="PASS" signature="setUp()[pri:0, instance:com.automation.tests.APIIntegrationTest@59fa1d9b]" name="setUp" is-config="true" duration-ms="0" started-at="2018-06-10T23:52:35Z" finished-at="2018-06-10T23:52:35Z">
          <reporter-output>
          </reporter-output>
        </test-method> <!-- setUp -->
        <test-method status="PASS" signature="setUp()[pri:0, instance:com.automation.tests.APIIntegrationTest@59fa1d9b]" name="setUp" is-config="true" duration-ms="0" started-at="2018-06-10T23:52:35Z" finished-at="2018-06-10T23:52:35Z">
          <reporter-output>
          </reporter-output>
        </test-method> <!-- setUp -->
        <test-method status="PASS" signature="minTest()[pri:0, instance:com.automation.tests.APIIntegrationTest@59fa1d9b]" name="minTest" duration-ms="33" started-at="2018-06-10T23:52:35Z" finished-at="2018-06-10T23:52:35Z">
          <reporter-output>
          </reporter-output>
        </test-method> <!-- minTest -->
        <test-method status="PASS" signature="multiplytest()[pri:0, instance:com.automation.tests.APIIntegrationTest@59fa1d9b]" name="multiplytest" duration-ms="47" started-at="2018-06-10T23:52:35Z" finished-at="2018-06-10T23:52:35Z">
          <reporter-output>
          </reporter-output>
        </test-method> <!-- multiplytest -->
        <test-method status="PASS" signature="setUp()[pri:0, instance:com.automation.tests.APIIntegrationTest@59fa1d9b]" name="setUp" is-config="true" duration-ms="0" started-at="2018-06-10T23:52:35Z" finished-at="2018-06-10T23:52:35Z">
          <reporter-output>
          </reporter-output>
        </test-method> <!-- setUp -->
        <test-method status="PASS" signature="setUp()[pri:0, instance:com.automation.tests.APIIntegrationTest@59fa1d9b]" name="setUp" is-config="true" duration-ms="0" started-at="2018-06-10T23:52:35Z" finished-at="2018-06-10T23:52:35Z">
          <reporter-output>
          </reporter-output>
        </test-method> <!-- setUp -->
        <test-method status="PASS" signature="unionTest()[pri:0, instance:com.automation.tests.APIIntegrationTest@59fa1d9b]" name="unionTest" duration-ms="28" started-at="2018-06-10T23:52:35Z" finished-at="2018-06-10T23:52:35Z">
          <reporter-output>
          </reporter-output>
        </test-method> <!-- unionTest -->
      </class> <!-- com.automation.tests.APIIntegrationTest -->
      <class name="com.automation.tests.MultiplyServiceTest">
        <test-method status="PASS" signature="setUp()[pri:0, instance:com.automation.tests.MultiplyServiceTest@4501b7af]" name="setUp" is-config="true" duration-ms="1" started-at="2018-06-10T23:52:35Z" finished-at="2018-06-10T23:52:35Z">
          <reporter-output>
          </reporter-output>
        </test-method> <!-- setUp -->
        <test-method status="PASS" signature="multiplytest1_Non_Integers_400BadRequest()[pri:0, instance:com.automation.tests.MultiplyServiceTest@4501b7af]" name="multiplytest1_Non_Integers_400BadRequest" duration-ms="44" started-at="2018-06-10T23:52:35Z" finished-at="2018-06-10T23:52:35Z">
          <reporter-output>
          </reporter-output>
        </test-method> <!-- multiplytest1_Non_Integers_400BadRequest -->
        <test-method status="PASS" signature="setUp()[pri:0, instance:com.automation.tests.MultiplyServiceTest@4501b7af]" name="setUp" is-config="true" duration-ms="0" started-at="2018-06-10T23:52:35Z" finished-at="2018-06-10T23:52:35Z">
          <reporter-output>
          </reporter-output>
        </test-method> <!-- setUp -->
        <test-method status="PASS" signature="multiplytest2_OneNumberAsNull_400BadRequest()[pri:0, instance:com.automation.tests.MultiplyServiceTest@4501b7af]" name="multiplytest2_OneNumberAsNull_400BadRequest" duration-ms="65" started-at="2018-06-10T23:52:35Z" finished-at="2018-06-10T23:52:35Z">
          <reporter-output>
          </reporter-output>
        </test-method> <!-- multiplytest2_OneNumberAsNull_400BadRequest -->
        <test-method status="PASS" signature="setUp()[pri:0, instance:com.automation.tests.MultiplyServiceTest@4501b7af]" name="setUp" is-config="true" duration-ms="1" started-at="2018-06-10T23:52:35Z" finished-at="2018-06-10T23:52:35Z">
          <reporter-output>
          </reporter-output>
        </test-method> <!-- setUp -->
        <test-method status="PASS" signature="multiplytest3_OneNumberAndOneSpecialCharacter_400BadRequest()[pri:0, instance:com.automation.tests.MultiplyServiceTest@4501b7af]" name="multiplytest3_OneNumberAndOneSpecialCharacter_400BadRequest" duration-ms="30" started-at="2018-06-10T23:52:35Z" finished-at="2018-06-10T23:52:35Z">
          <reporter-output>
          </reporter-output>
        </test-method> <!-- multiplytest3_OneNumberAndOneSpecialCharacter_400BadRequest -->
        <test-method status="PASS" signature="multiplytest4_BothNegativeNumbers_200Ok()[pri:0, instance:com.automation.tests.MultiplyServiceTest@4501b7af]" name="multiplytest4_BothNegativeNumbers_200Ok" duration-ms="26" started-at="2018-06-10T23:52:35Z" finished-at="2018-06-10T23:52:35Z">
          <reporter-output>
          </reporter-output>
        </test-method> <!-- multiplytest4_BothNegativeNumbers_200Ok -->
        <test-method status="PASS" signature="setUp()[pri:0, instance:com.automation.tests.MultiplyServiceTest@4501b7af]" name="setUp" is-config="true" duration-ms="0" started-at="2018-06-10T23:52:35Z" finished-at="2018-06-10T23:52:35Z">
          <reporter-output>
          </reporter-output>
        </test-method> <!-- setUp -->
        <test-method status="PASS" signature="setUp()[pri:0, instance:com.automation.tests.MultiplyServiceTest@4501b7af]" name="setUp" is-config="true" duration-ms="0" started-at="2018-06-10T23:52:35Z" finished-at="2018-06-10T23:52:35Z">
          <reporter-output>
          </reporter-output>
        </test-method> <!-- setUp -->
        <test-method status="PASS" signature="multiplytest5_OneNegativeInteger_200Ok()[pri:0, instance:com.automation.tests.MultiplyServiceTest@4501b7af]" name="multiplytest5_OneNegativeInteger_200Ok" duration-ms="20" started-at="2018-06-10T23:52:35Z" finished-at="2018-06-10T23:52:35Z">
          <reporter-output>
          </reporter-output>
        </test-method> <!-- multiplytest5_OneNegativeInteger_200Ok -->
        <test-method status="PASS" signature="setUp()[pri:0, instance:com.automation.tests.MultiplyServiceTest@4501b7af]" name="setUp" is-config="true" duration-ms="1" started-at="2018-06-10T23:52:35Z" finished-at="2018-06-10T23:52:35Z">
          <reporter-output>
          </reporter-output>
        </test-method> <!-- setUp -->
        <test-method status="FAIL" signature="multiplytest6_DecimalNumbers_200Ok()[pri:0, instance:com.automation.tests.MultiplyServiceTest@4501b7af]" name="multiplytest6_DecimalNumbers_200Ok" duration-ms="44" started-at="2018-06-10T23:52:35Z" finished-at="2018-06-10T23:52:35Z">
          <exception class="java.lang.AssertionError">
            <message>
              <![CDATA[expected [200] but found [400]]]>
            </message>
            <full-stacktrace>
              <![CDATA[java.lang.AssertionError: expected [200] but found [400]
	at org.testng.Assert.fail(Assert.java:94)
	at org.testng.Assert.failNotEquals(Assert.java:494)
	at org.testng.Assert.assertEquals(Assert.java:123)
	at org.testng.Assert.assertEquals(Assert.java:370)
	at org.testng.Assert.assertEquals(Assert.java:380)
	at com.automation.tests.MultiplyServiceTest.multiplytest6_DecimalNumbers_200Ok(MultiplyServiceTest.java:277)
	at sun.reflect.NativeMethodAccessorImpl.invoke0(Native Method)
	at sun.reflect.NativeMethodAccessorImpl.invoke(NativeMethodAccessorImpl.java:62)
	at sun.reflect.DelegatingMethodAccessorImpl.invoke(DelegatingMethodAccessorImpl.java:43)
	at java.lang.reflect.Method.invoke(Method.java:498)
	at org.testng.internal.MethodInvocationHelper.invokeMethod(MethodInvocationHelper.java:80)
	at org.testng.internal.Invoker.invokeMethod(Invoker.java:714)
	at org.testng.internal.Invoker.invokeTestMethod(Invoker.java:901)
	at org.testng.internal.Invoker.invokeTestMethods(Invoker.java:1231)
	at org.testng.internal.TestMethodWorker.invokeTestMethods(TestMethodWorker.java:127)
	at org.testng.internal.TestMethodWorker.run(TestMethodWorker.java:111)
	at org.testng.TestRunner.privateRun(TestRunner.java:767)
	at org.testng.TestRunner.run(TestRunner.java:617)
	at org.testng.SuiteRunner.runTest(SuiteRunner.java:334)
	at org.testng.SuiteRunner.runSequentially(SuiteRunner.java:329)
	at org.testng.SuiteRunner.privateRun(SuiteRunner.java:291)
	at org.testng.SuiteRunner.run(SuiteRunner.java:240)
	at org.testng.SuiteRunnerWorker.runSuite(SuiteRunnerWorker.java:52)
	at org.testng.SuiteRunnerWorker.run(SuiteRunnerWorker.java:86)
	at org.testng.TestNG.runSuitesSequentially(TestNG.java:1198)
	at org.testng.TestNG.runSuitesLocally(TestNG.java:1123)
	at org.testng.TestNG.run(TestNG.java:1031)
	at org.testng.remote.AbstractRemoteTestNG.run(AbstractRemoteTestNG.java:114)
	at org.testng.remote.RemoteTestNG.initAndRun(RemoteTestNG.java:251)
	at org.testng.remote.RemoteTestNG.main(RemoteTestNG.java:77)
]]>
            </full-stacktrace>
          </exception> <!-- java.lang.AssertionError -->
          <reporter-output>
          </reporter-output>
        </test-method> <!-- multiplytest6_DecimalNumbers_200Ok -->
      </class> <!-- com.automation.tests.MultiplyServiceTest -->
      <class name="com.automation.tests.MaxMinServicesTest">
        <test-method status="PASS" signature="setUp()[pri:0, instance:com.automation.tests.MaxMinServicesTest@724af044]" name="setUp" is-config="true" duration-ms="1" started-at="2018-06-10T23:52:36Z" finished-at="2018-06-10T23:52:36Z">
          <reporter-output>
          </reporter-output>
        </test-method> <!-- setUp -->
        <test-method status="PASS" signature="maxTest1_NonIntegersInSet_400BadRequest()[pri:0, instance:com.automation.tests.MaxMinServicesTest@724af044]" name="maxTest1_NonIntegersInSet_400BadRequest" duration-ms="33" started-at="2018-06-10T23:52:36Z" finished-at="2018-06-10T23:52:36Z">
          <reporter-output>
          </reporter-output>
        </test-method> <!-- maxTest1_NonIntegersInSet_400BadRequest -->
        <test-method status="PASS" signature="setUp()[pri:0, instance:com.automation.tests.MaxMinServicesTest@724af044]" name="setUp" is-config="true" duration-ms="1" started-at="2018-06-10T23:52:36Z" finished-at="2018-06-10T23:52:36Z">
          <reporter-output>
          </reporter-output>
        </test-method> <!-- setUp -->
        <test-method status="PASS" signature="maxTest2_SpecialCharactersInSet_400BadRequest()[pri:0, instance:com.automation.tests.MaxMinServicesTest@724af044]" name="maxTest2_SpecialCharactersInSet_400BadRequest" duration-ms="16" started-at="2018-06-10T23:52:36Z" finished-at="2018-06-10T23:52:36Z">
          <reporter-output>
          </reporter-output>
        </test-method> <!-- maxTest2_SpecialCharactersInSet_400BadRequest -->
        <test-method status="PASS" signature="setUp()[pri:0, instance:com.automation.tests.MaxMinServicesTest@724af044]" name="setUp" is-config="true" duration-ms="0" started-at="2018-06-10T23:52:36Z" finished-at="2018-06-10T23:52:36Z">
          <reporter-output>
          </reporter-output>
        </test-method> <!-- setUp -->
        <test-method status="PASS" signature="maxTest3_NegativeNumbersInSet_200Ok()[pri:0, instance:com.automation.tests.MaxMinServicesTest@724af044]" name="maxTest3_NegativeNumbersInSet_200Ok" duration-ms="22" started-at="2018-06-10T23:52:36Z" finished-at="2018-06-10T23:52:36Z">
          <reporter-output>
          </reporter-output>
        </test-method> <!-- maxTest3_NegativeNumbersInSet_200Ok -->
        <test-method status="PASS" signature="setUp()[pri:0, instance:com.automation.tests.MaxMinServicesTest@724af044]" name="setUp" is-config="true" duration-ms="1" started-at="2018-06-10T23:52:36Z" finished-at="2018-06-10T23:52:36Z">
          <reporter-output>
          </reporter-output>
        </test-method> <!-- setUp -->
        <test-method status="PASS" signature="maxTest4_AllNegativeNumbersInSet_200Ok()[pri:0, instance:com.automation.tests.MaxMinServicesTest@724af044]" name="maxTest4_AllNegativeNumbersInSet_200Ok" duration-ms="11" started-at="2018-06-10T23:52:36Z" finished-at="2018-06-10T23:52:36Z">
          <reporter-output>
          </reporter-output>
        </test-method> <!-- maxTest4_AllNegativeNumbersInSet_200Ok -->
        <test-method status="PASS" signature="setUp()[pri:0, instance:com.automation.tests.MaxMinServicesTest@724af044]" name="setUp" is-config="true" duration-ms="1" started-at="2018-06-10T23:52:36Z" finished-at="2018-06-10T23:52:36Z">
          <reporter-output>
          </reporter-output>
        </test-method> <!-- setUp -->
        <test-method status="PASS" signature="maxTest5_OneNullInSet_200Ok()[pri:0, instance:com.automation.tests.MaxMinServicesTest@724af044]" name="maxTest5_OneNullInSet_200Ok" duration-ms="13" started-at="2018-06-10T23:52:36Z" finished-at="2018-06-10T23:52:36Z">
          <reporter-output>
          </reporter-output>
        </test-method> <!-- maxTest5_OneNullInSet_200Ok -->
        <test-method status="PASS" signature="minTest1_NonIntegersInSet_400_BadRequest()[pri:0, instance:com.automation.tests.MaxMinServicesTest@724af044]" name="minTest1_NonIntegersInSet_400_BadRequest" duration-ms="30" started-at="2018-06-10T23:52:36Z" finished-at="2018-06-10T23:52:36Z">
          <reporter-output>
          </reporter-output>
        </test-method> <!-- minTest1_NonIntegersInSet_400_BadRequest -->
        <test-method status="PASS" signature="setUp()[pri:0, instance:com.automation.tests.MaxMinServicesTest@724af044]" name="setUp" is-config="true" duration-ms="0" started-at="2018-06-10T23:52:36Z" finished-at="2018-06-10T23:52:36Z">
          <reporter-output>
          </reporter-output>
        </test-method> <!-- setUp -->
        <test-method status="PASS" signature="minTest2_SpecialCharactersInSet_400_BadRequest()[pri:0, instance:com.automation.tests.MaxMinServicesTest@724af044]" name="minTest2_SpecialCharactersInSet_400_BadRequest" duration-ms="32" started-at="2018-06-10T23:52:36Z" finished-at="2018-06-10T23:52:36Z">
          <reporter-output>
          </reporter-output>
        </test-method> <!-- minTest2_SpecialCharactersInSet_400_BadRequest -->
        <test-method status="PASS" signature="setUp()[pri:0, instance:com.automation.tests.MaxMinServicesTest@724af044]" name="setUp" is-config="true" duration-ms="0" started-at="2018-06-10T23:52:36Z" finished-at="2018-06-10T23:52:36Z">
          <reporter-output>
          </reporter-output>
        </test-method> <!-- setUp -->
        <test-method status="PASS" signature="minTest3_NegativeNumbersInSet_200_Ok()[pri:0, instance:com.automation.tests.MaxMinServicesTest@724af044]" name="minTest3_NegativeNumbersInSet_200_Ok" duration-ms="34" started-at="2018-06-10T23:52:36Z" finished-at="2018-06-10T23:52:36Z">
          <reporter-output>
          </reporter-output>
        </test-method> <!-- minTest3_NegativeNumbersInSet_200_Ok -->
        <test-method status="PASS" signature="setUp()[pri:0, instance:com.automation.tests.MaxMinServicesTest@724af044]" name="setUp" is-config="true" duration-ms="0" started-at="2018-06-10T23:52:36Z" finished-at="2018-06-10T23:52:36Z">
          <reporter-output>
          </reporter-output>
        </test-method> <!-- setUp -->
        <test-method status="PASS" signature="setUp()[pri:0, instance:com.automation.tests.MaxMinServicesTest@724af044]" name="setUp" is-config="true" duration-ms="0" started-at="2018-06-10T23:52:36Z" finished-at="2018-06-10T23:52:36Z">
          <reporter-output>
          </reporter-output>
        </test-method> <!-- setUp -->
        <test-method status="PASS" signature="minTest4_AllNegativeNumbersInSet_200_Ok()[pri:0, instance:com.automation.tests.MaxMinServicesTest@724af044]" name="minTest4_AllNegativeNumbersInSet_200_Ok" duration-ms="137" started-at="2018-06-10T23:52:36Z" finished-at="2018-06-10T23:52:37Z">
          <reporter-output>
          </reporter-output>
        </test-method> <!-- minTest4_AllNegativeNumbersInSet_200_Ok -->
        <test-method status="PASS" signature="setUp()[pri:0, instance:com.automation.tests.MaxMinServicesTest@724af044]" name="setUp" is-config="true" duration-ms="1" started-at="2018-06-10T23:52:37Z" finished-at="2018-06-10T23:52:37Z">
          <reporter-output>
          </reporter-output>
        </test-method> <!-- setUp -->
        <test-method status="PASS" signature="minTest5_OneNullInSet_200_Ok()[pri:0, instance:com.automation.tests.MaxMinServicesTest@724af044]" name="minTest5_OneNullInSet_200_Ok" duration-ms="22" started-at="2018-06-10T23:52:37Z" finished-at="2018-06-10T23:52:37Z">
          <reporter-output>
          </reporter-output>
        </test-method> <!-- minTest5_OneNullInSet_200_Ok -->
      </class> <!-- com.automation.tests.MaxMinServicesTest -->
      <class name="com.automation.tests.UnionIntersectServiceTest">
        <test-method status="PASS" signature="setUp()[pri:0, instance:com.automation.tests.UnionIntersectServiceTest@5b275dab]" name="setUp" is-config="true" duration-ms="1" started-at="2018-06-10T23:52:37Z" finished-at="2018-06-10T23:52:37Z">
          <reporter-output>
          </reporter-output>
        </test-method> <!-- setUp -->
        <test-method status="PASS" signature="intersectionTest1_NonIntegersInLeftSet_400BadRequest()[pri:0, instance:com.automation.tests.UnionIntersectServiceTest@5b275dab]" name="intersectionTest1_NonIntegersInLeftSet_400BadRequest" duration-ms="43" started-at="2018-06-10T23:52:37Z" finished-at="2018-06-10T23:52:37Z">
          <reporter-output>
          </reporter-output>
        </test-method> <!-- intersectionTest1_NonIntegersInLeftSet_400BadRequest -->
        <test-method status="PASS" signature="setUp()[pri:0, instance:com.automation.tests.UnionIntersectServiceTest@5b275dab]" name="setUp" is-config="true" duration-ms="0" started-at="2018-06-10T23:52:37Z" finished-at="2018-06-10T23:52:37Z">
          <reporter-output>
          </reporter-output>
        </test-method> <!-- setUp -->
        <test-method status="PASS" signature="intersectionTest2_NonIntegersBothSets_400BadRequest()[pri:0, instance:com.automation.tests.UnionIntersectServiceTest@5b275dab]" name="intersectionTest2_NonIntegersBothSets_400BadRequest" duration-ms="12" started-at="2018-06-10T23:52:37Z" finished-at="2018-06-10T23:52:37Z">
          <reporter-output>
          </reporter-output>
        </test-method> <!-- intersectionTest2_NonIntegersBothSets_400BadRequest -->
        <test-method status="PASS" signature="intersectionTest3_NegativeNumbersInBothSets_200Ok()[pri:0, instance:com.automation.tests.UnionIntersectServiceTest@5b275dab]" name="intersectionTest3_NegativeNumbersInBothSets_200Ok" duration-ms="19" started-at="2018-06-10T23:52:37Z" finished-at="2018-06-10T23:52:37Z">
          <reporter-output>
          </reporter-output>
        </test-method> <!-- intersectionTest3_NegativeNumbersInBothSets_200Ok -->
        <test-method status="PASS" signature="setUp()[pri:0, instance:com.automation.tests.UnionIntersectServiceTest@5b275dab]" name="setUp" is-config="true" duration-ms="0" started-at="2018-06-10T23:52:37Z" finished-at="2018-06-10T23:52:37Z">
          <reporter-output>
          </reporter-output>
        </test-method> <!-- setUp -->
        <test-method status="PASS" signature="setUp()[pri:0, instance:com.automation.tests.UnionIntersectServiceTest@5b275dab]" name="setUp" is-config="true" duration-ms="1" started-at="2018-06-10T23:52:37Z" finished-at="2018-06-10T23:52:37Z">
          <reporter-output>
          </reporter-output>
        </test-method> <!-- setUp -->
        <test-method status="PASS" signature="intersectionTest4_NullsPresentInBothSets_200Ok()[pri:0, instance:com.automation.tests.UnionIntersectServiceTest@5b275dab]" name="intersectionTest4_NullsPresentInBothSets_200Ok" duration-ms="66" started-at="2018-06-10T23:52:37Z" finished-at="2018-06-10T23:52:37Z">
          <reporter-output>
          </reporter-output>
        </test-method> <!-- intersectionTest4_NullsPresentInBothSets_200Ok -->
        <test-method status="PASS" signature="setUp()[pri:0, instance:com.automation.tests.UnionIntersectServiceTest@5b275dab]" name="setUp" is-config="true" duration-ms="1" started-at="2018-06-10T23:52:37Z" finished-at="2018-06-10T23:52:37Z">
          <reporter-output>
          </reporter-output>
        </test-method> <!-- setUp -->
        <test-method status="PASS" signature="unionTest1_NonIntegersInLeftSet_400BadRequest()[pri:0, instance:com.automation.tests.UnionIntersectServiceTest@5b275dab]" name="unionTest1_NonIntegersInLeftSet_400BadRequest" duration-ms="29" started-at="2018-06-10T23:52:37Z" finished-at="2018-06-10T23:52:37Z">
          <reporter-output>
          </reporter-output>
        </test-method> <!-- unionTest1_NonIntegersInLeftSet_400BadRequest -->
        <test-method status="PASS" signature="unionTest2_NonIntegersInRightSet_400BadRequest()[pri:0, instance:com.automation.tests.UnionIntersectServiceTest@5b275dab]" name="unionTest2_NonIntegersInRightSet_400BadRequest" duration-ms="43" started-at="2018-06-10T23:52:37Z" finished-at="2018-06-10T23:52:37Z">
          <reporter-output>
          </reporter-output>
        </test-method> <!-- unionTest2_NonIntegersInRightSet_400BadRequest -->
        <test-method status="PASS" signature="setUp()[pri:0, instance:com.automation.tests.UnionIntersectServiceTest@5b275dab]" name="setUp" is-config="true" duration-ms="0" started-at="2018-06-10T23:52:37Z" finished-at="2018-06-10T23:52:37Z">
          <reporter-output>
          </reporter-output>
        </test-method> <!-- setUp -->
        <test-method status="PASS" signature="setUp()[pri:0, instance:com.automation.tests.UnionIntersectServiceTest@5b275dab]" name="setUp" is-config="true" duration-ms="1" started-at="2018-06-10T23:52:37Z" finished-at="2018-06-10T23:52:37Z">
          <reporter-output>
          </reporter-output>
        </test-method> <!-- setUp -->
        <test-method status="PASS" signature="unionTest3_NegativeNumbersInLeftSet_200Ok()[pri:0, instance:com.automation.tests.UnionIntersectServiceTest@5b275dab]" name="unionTest3_NegativeNumbersInLeftSet_200Ok" duration-ms="32" started-at="2018-06-10T23:52:37Z" finished-at="2018-06-10T23:52:37Z">
          <reporter-output>
          </reporter-output>
        </test-method> <!-- unionTest3_NegativeNumbersInLeftSet_200Ok -->
        <test-method status="PASS" signature="setUp()[pri:0, instance:com.automation.tests.UnionIntersectServiceTest@5b275dab]" name="setUp" is-config="true" duration-ms="0" started-at="2018-06-10T23:52:37Z" finished-at="2018-06-10T23:52:37Z">
          <reporter-output>
          </reporter-output>
        </test-method> <!-- setUp -->
        <test-method status="PASS" signature="unionTest4_NegativeNumbersInBothSets_200Ok()[pri:0, instance:com.automation.tests.UnionIntersectServiceTest@5b275dab]" name="unionTest4_NegativeNumbersInBothSets_200Ok" duration-ms="27" started-at="2018-06-10T23:52:37Z" finished-at="2018-06-10T23:52:37Z">
          <reporter-output>
          </reporter-output>
        </test-method> <!-- unionTest4_NegativeNumbersInBothSets_200Ok -->
        <test-method status="PASS" signature="unionTest5_NullsInLeftSet_200Ok()[pri:0, instance:com.automation.tests.UnionIntersectServiceTest@5b275dab]" name="unionTest5_NullsInLeftSet_200Ok" duration-ms="20" started-at="2018-06-10T23:52:37Z" finished-at="2018-06-10T23:52:37Z">
          <reporter-output>
          </reporter-output>
        </test-method> <!-- unionTest5_NullsInLeftSet_200Ok -->
        <test-method status="PASS" signature="setUp()[pri:0, instance:com.automation.tests.UnionIntersectServiceTest@5b275dab]" name="setUp" is-config="true" duration-ms="0" started-at="2018-06-10T23:52:37Z" finished-at="2018-06-10T23:52:37Z">
          <reporter-output>
          </reporter-output>
        </test-method> <!-- setUp -->
        <test-method status="PASS" signature="setUp()[pri:0, instance:com.automation.tests.UnionIntersectServiceTest@5b275dab]" name="setUp" is-config="true" duration-ms="1" started-at="2018-06-10T23:52:37Z" finished-at="2018-06-10T23:52:37Z">
          <reporter-output>
          </reporter-output>
        </test-method> <!-- setUp -->
        <test-method status="PASS" signature="unionTest6_NullsInBothSets_200Ok()[pri:0, instance:com.automation.tests.UnionIntersectServiceTest@5b275dab]" name="unionTest6_NullsInBothSets_200Ok" duration-ms="46" started-at="2018-06-10T23:52:37Z" finished-at="2018-06-10T23:52:37Z">
          <reporter-output>
          </reporter-output>
        </test-method> <!-- unionTest6_NullsInBothSets_200Ok -->
      </class> <!-- com.automation.tests.UnionIntersectServiceTest -->
      <class name="com.automation.tests.AdditionServiceTest">
        <test-method status="PASS" signature="setUp()[pri:0, instance:com.automation.tests.AdditionServiceTest@224edc67]" name="setUp" is-config="true" duration-ms="1" started-at="2018-06-10T23:52:37Z" finished-at="2018-06-10T23:52:37Z">
          <reporter-output>
          </reporter-output>
        </test-method> <!-- setUp -->
        <test-method status="PASS" signature="additionTest1_Non_Integers_400BadRequest()[pri:0, instance:com.automation.tests.AdditionServiceTest@224edc67]" name="additionTest1_Non_Integers_400BadRequest" duration-ms="32" started-at="2018-06-10T23:52:37Z" finished-at="2018-06-10T23:52:37Z">
          <reporter-output>
          </reporter-output>
        </test-method> <!-- additionTest1_Non_Integers_400BadRequest -->
        <test-method status="PASS" signature="setUp()[pri:0, instance:com.automation.tests.AdditionServiceTest@224edc67]" name="setUp" is-config="true" duration-ms="5" started-at="2018-06-10T23:52:37Z" finished-at="2018-06-10T23:52:37Z">
          <reporter-output>
          </reporter-output>
        </test-method> <!-- setUp -->
        <test-method status="PASS" signature="additionTest2_OneNumberAsNull_400BadRequest()[pri:0, instance:com.automation.tests.AdditionServiceTest@224edc67]" name="additionTest2_OneNumberAsNull_400BadRequest" duration-ms="18" started-at="2018-06-10T23:52:37Z" finished-at="2018-06-10T23:52:37Z">
          <reporter-output>
          </reporter-output>
        </test-method> <!-- additionTest2_OneNumberAsNull_400BadRequest -->
        <test-method status="PASS" signature="additionTest3_OneNumberAndOneSpecialCharacter_400BadRequest()[pri:0, instance:com.automation.tests.AdditionServiceTest@224edc67]" name="additionTest3_OneNumberAndOneSpecialCharacter_400BadRequest" duration-ms="41" started-at="2018-06-10T23:52:37Z" finished-at="2018-06-10T23:52:37Z">
          <reporter-output>
          </reporter-output>
        </test-method> <!-- additionTest3_OneNumberAndOneSpecialCharacter_400BadRequest -->
        <test-method status="PASS" signature="setUp()[pri:0, instance:com.automation.tests.AdditionServiceTest@224edc67]" name="setUp" is-config="true" duration-ms="0" started-at="2018-06-10T23:52:37Z" finished-at="2018-06-10T23:52:37Z">
          <reporter-output>
          </reporter-output>
        </test-method> <!-- setUp -->
        <test-method status="PASS" signature="setUp()[pri:0, instance:com.automation.tests.AdditionServiceTest@224edc67]" name="setUp" is-config="true" duration-ms="0" started-at="2018-06-10T23:52:37Z" finished-at="2018-06-10T23:52:37Z">
          <reporter-output>
          </reporter-output>
        </test-method> <!-- setUp -->
        <test-method status="PASS" signature="additionTest4_NegativeNumbers_200Ok()[pri:0, instance:com.automation.tests.AdditionServiceTest@224edc67]" name="additionTest4_NegativeNumbers_200Ok" duration-ms="24" started-at="2018-06-10T23:52:37Z" finished-at="2018-06-10T23:52:37Z">
          <reporter-output>
          </reporter-output>
        </test-method> <!-- additionTest4_NegativeNumbers_200Ok -->
        <test-method status="PASS" signature="setUp()[pri:0, instance:com.automation.tests.AdditionServiceTest@224edc67]" name="setUp" is-config="true" duration-ms="1" started-at="2018-06-10T23:52:37Z" finished-at="2018-06-10T23:52:37Z">
          <reporter-output>
          </reporter-output>
        </test-method> <!-- setUp -->
        <test-method status="PASS" signature="additionTest5_OneNegativeOnePositiveNumber_200Ok()[pri:0, instance:com.automation.tests.AdditionServiceTest@224edc67]" name="additionTest5_OneNegativeOnePositiveNumber_200Ok" duration-ms="27" started-at="2018-06-10T23:52:37Z" finished-at="2018-06-10T23:52:37Z">
          <reporter-output>
          </reporter-output>
        </test-method> <!-- additionTest5_OneNegativeOnePositiveNumber_200Ok -->
      </class> <!-- com.automation.tests.AdditionServiceTest -->
    </test> <!-- Default test -->
  </suite> <!-- Default suite -->
</testng-results>
